running egg_info
creating ../../../build/dobot_moveit/dobot_moveit.egg-info
writing ../../../build/dobot_moveit/dobot_moveit.egg-info/PKG-INFO
writing dependency_links to ../../../build/dobot_moveit/dobot_moveit.egg-info/dependency_links.txt
writing entry points to ../../../build/dobot_moveit/dobot_moveit.egg-info/entry_points.txt
writing requirements to ../../../build/dobot_moveit/dobot_moveit.egg-info/requires.txt
writing top-level names to ../../../build/dobot_moveit/dobot_moveit.egg-info/top_level.txt
writing manifest file '../../../build/dobot_moveit/dobot_moveit.egg-info/SOURCES.txt'
reading manifest file '../../../build/dobot_moveit/dobot_moveit.egg-info/SOURCES.txt'
writing manifest file '../../../build/dobot_moveit/dobot_moveit.egg-info/SOURCES.txt'
running build
running build_py
creating /home/watato30/dobot_ws/build/dobot_moveit/build
creating /home/watato30/dobot_ws/build/dobot_moveit/build/lib
creating /home/watato30/dobot_ws/build/dobot_moveit/build/lib/dobot_moveit
copying dobot_moveit/__init__.py -> /home/watato30/dobot_ws/build/dobot_moveit/build/lib/dobot_moveit
running install
running install_lib
creating /home/watato30/dobot_ws/install/dobot_moveit/lib/python3.10/site-packages/dobot_moveit
copying /home/watato30/dobot_ws/build/dobot_moveit/build/lib/dobot_moveit/__init__.py -> /home/watato30/dobot_ws/install/dobot_moveit/lib/python3.10/site-packages/dobot_moveit
byte-compiling /home/watato30/dobot_ws/install/dobot_moveit/lib/python3.10/site-packages/dobot_moveit/__init__.py to __init__.cpython-310.pyc
running install_data
creating /home/watato30/dobot_ws/install/dobot_moveit/share/ament_index
creating /home/watato30/dobot_ws/install/dobot_moveit/share/ament_index/resource_index
creating /home/watato30/dobot_ws/install/dobot_moveit/share/ament_index/resource_index/packages
copying resource/dobot_moveit -> /home/watato30/dobot_ws/install/dobot_moveit/share/ament_index/resource_index/packages
copying package.xml -> /home/watato30/dobot_ws/install/dobot_moveit/share/dobot_moveit
creating /home/watato30/dobot_ws/install/dobot_moveit/share/dobot_moveit/launch
copying launch/moveit_gazebo.launch.py -> /home/watato30/dobot_ws/install/dobot_moveit/share/dobot_moveit/launch
copying launch/dobot_moveit.launch.py -> /home/watato30/dobot_ws/install/dobot_moveit/share/dobot_moveit/launch
running install_egg_info
Copying ../../../build/dobot_moveit/dobot_moveit.egg-info to /home/watato30/dobot_ws/install/dobot_moveit/lib/python3.10/site-packages/dobot_moveit-0.0.0-py3.10.egg-info
running install_scripts
writing list of installed files to '/home/watato30/dobot_ws/build/dobot_moveit/install.log'
