[3.175s] Invoking command in '/home/watato30/dobot_ws/src/DOBOT_6Axis_ROS2_V3_Custom/servo_action': PYTHONPATH=/home/watato30/dobot_ws/build/servo_action/prefix_override:/usr/lib/python3/dist-packages/colcon_core/task/python/colcon_distutils_commands:/home/watato30/dobot_ws/install/servo_action/lib/python3.10/site-packages:${PYTHONPATH} /usr/bin/python3 -W ignore:setup.py install is deprecated -W ignore:easy_install command is deprecated setup.py egg_info --egg-base ../../../build/servo_action build --build-base /home/watato30/dobot_ws/build/servo_action/build install --record /home/watato30/dobot_ws/build/servo_action/install.log --single-version-externally-managed install_data
[3.494s] running egg_info
[3.496s] writing ../../../build/servo_action/servo_action.egg-info/PKG-INFO
[3.497s] writing dependency_links to ../../../build/servo_action/servo_action.egg-info/dependency_links.txt
[3.497s] writing entry points to ../../../build/servo_action/servo_action.egg-info/entry_points.txt
[3.497s] writing requirements to ../../../build/servo_action/servo_action.egg-info/requires.txt
[3.498s] writing top-level names to ../../../build/servo_action/servo_action.egg-info/top_level.txt
[3.500s] reading manifest file '../../../build/servo_action/servo_action.egg-info/SOURCES.txt'
[3.502s] writing manifest file '../../../build/servo_action/servo_action.egg-info/SOURCES.txt'
[3.502s] running build
[3.502s] running build_py
[3.503s] running install
[3.503s] running install_lib
[3.507s] running install_data
[3.507s] running install_egg_info
[3.509s] removing '/home/watato30/dobot_ws/install/servo_action/lib/python3.10/site-packages/servo_action-0.0.0-py3.10.egg-info' (and everything under it)
[3.510s] Copying ../../../build/servo_action/servo_action.egg-info to /home/watato30/dobot_ws/install/servo_action/lib/python3.10/site-packages/servo_action-0.0.0-py3.10.egg-info
[3.511s] running install_scripts
[3.535s] Installing Joint_Position script to /home/watato30/dobot_ws/install/servo_action/lib/servo_action
[3.536s] Installing action_move_client script to /home/watato30/dobot_ws/install/servo_action/lib/servo_action
[3.536s] Installing action_move_client_reality script to /home/watato30/dobot_ws/install/servo_action/lib/servo_action
[3.536s] Installing action_move_server script to /home/watato30/dobot_ws/install/servo_action/lib/servo_action
[3.536s] Installing action_move_server_reality script to /home/watato30/dobot_ws/install/servo_action/lib/servo_action
[3.537s] writing list of installed files to '/home/watato30/dobot_ws/build/servo_action/install.log'
[3.598s] Invoked command in '/home/watato30/dobot_ws/src/DOBOT_6Axis_ROS2_V3_Custom/servo_action' returned '0': PYTHONPATH=/home/watato30/dobot_ws/build/servo_action/prefix_override:/usr/lib/python3/dist-packages/colcon_core/task/python/colcon_distutils_commands:/home/watato30/dobot_ws/install/servo_action/lib/python3.10/site-packages:${PYTHONPATH} /usr/bin/python3 -W ignore:setup.py install is deprecated -W ignore:easy_install command is deprecated setup.py egg_info --egg-base ../../../build/servo_action build --build-base /home/watato30/dobot_ws/build/servo_action/build install --record /home/watato30/dobot_ws/build/servo_action/install.log --single-version-externally-managed install_data
