[0.026s] Invoking command in '/home/watato30/dobot_ws/build/cr10_moveit': CMAKE_PREFIX_PATH=/home/watato30/dobot_ws/install/dobot_rviz:/home/watato30/dobot_ws/install/nova5_moveit:/home/watato30/dobot_ws/install/nova2_moveit:/home/watato30/dobot_ws/install/cr7_moveit:/home/watato30/dobot_ws/install/cr5_moveit:/home/watato30/dobot_ws/install/cr3_moveit:/home/watato30/dobot_ws/install/cr16_moveit:/home/watato30/dobot_ws/install/cr12_moveit:/home/watato30/dobot_ws/install/cr10_moveit:/home/watato30/dobot_ws/install/dobot_msgs_v3:/home/watato30/dobot_ws/install/dobot_gazebo:/home/watato30/dobot_ws/install/cra_description:/home/watato30/dobot_ws/install/servo_action:/home/watato30/dobot_ws/install/dobot_bringup_v3:/home/watato30/dobot_ws/install/dobot_moveit:/home/watato30/dobot_ws/install/dobot_demo:/opt/ros/humble /usr/bin/cmake --build /home/watato30/dobot_ws/build/cr10_moveit -- -j8 -l8
[0.054s] -- Found ament_cmake: 1.3.12 (/opt/ros/humble/share/ament_cmake/cmake)
[0.333s] -- Configuring done
[0.345s] -- Generating done
[0.354s] -- Build files have been written to: /home/watato30/dobot_ws/build/cr10_moveit
[0.392s] Invoked command in '/home/watato30/dobot_ws/build/cr10_moveit' returned '0': CMAKE_PREFIX_PATH=/home/watato30/dobot_ws/install/dobot_rviz:/home/watato30/dobot_ws/install/nova5_moveit:/home/watato30/dobot_ws/install/nova2_moveit:/home/watato30/dobot_ws/install/cr7_moveit:/home/watato30/dobot_ws/install/cr5_moveit:/home/watato30/dobot_ws/install/cr3_moveit:/home/watato30/dobot_ws/install/cr16_moveit:/home/watato30/dobot_ws/install/cr12_moveit:/home/watato30/dobot_ws/install/cr10_moveit:/home/watato30/dobot_ws/install/dobot_msgs_v3:/home/watato30/dobot_ws/install/dobot_gazebo:/home/watato30/dobot_ws/install/cra_description:/home/watato30/dobot_ws/install/servo_action:/home/watato30/dobot_ws/install/dobot_bringup_v3:/home/watato30/dobot_ws/install/dobot_moveit:/home/watato30/dobot_ws/install/dobot_demo:/opt/ros/humble /usr/bin/cmake --build /home/watato30/dobot_ws/build/cr10_moveit -- -j8 -l8
[0.394s] Invoking command in '/home/watato30/dobot_ws/build/cr10_moveit': CMAKE_PREFIX_PATH=/home/watato30/dobot_ws/install/dobot_rviz:/home/watato30/dobot_ws/install/nova5_moveit:/home/watato30/dobot_ws/install/nova2_moveit:/home/watato30/dobot_ws/install/cr7_moveit:/home/watato30/dobot_ws/install/cr5_moveit:/home/watato30/dobot_ws/install/cr3_moveit:/home/watato30/dobot_ws/install/cr16_moveit:/home/watato30/dobot_ws/install/cr12_moveit:/home/watato30/dobot_ws/install/cr10_moveit:/home/watato30/dobot_ws/install/dobot_msgs_v3:/home/watato30/dobot_ws/install/dobot_gazebo:/home/watato30/dobot_ws/install/cra_description:/home/watato30/dobot_ws/install/servo_action:/home/watato30/dobot_ws/install/dobot_bringup_v3:/home/watato30/dobot_ws/install/dobot_moveit:/home/watato30/dobot_ws/install/dobot_demo:/opt/ros/humble /usr/bin/cmake --install /home/watato30/dobot_ws/build/cr10_moveit
[0.404s] -- Install configuration: ""
[0.404s] -- Up-to-date: /home/watato30/dobot_ws/install/cr10_moveit/share/ament_index/resource_index/package_run_dependencies/cr10_moveit
[0.404s] -- Installing: /home/watato30/dobot_ws/install/cr10_moveit/share/ament_index/resource_index/parent_prefix_path/cr10_moveit
[0.404s] -- Installing: /home/watato30/dobot_ws/install/cr10_moveit/share/cr10_moveit/environment/ament_prefix_path.sh
[0.405s] -- Installing: /home/watato30/dobot_ws/install/cr10_moveit/share/cr10_moveit/environment/ament_prefix_path.dsv
[0.405s] -- Installing: /home/watato30/dobot_ws/install/cr10_moveit/share/cr10_moveit/environment/path.sh
[0.405s] -- Installing: /home/watato30/dobot_ws/install/cr10_moveit/share/cr10_moveit/environment/path.dsv
[0.405s] -- Up-to-date: /home/watato30/dobot_ws/install/cr10_moveit/share/cr10_moveit/local_setup.bash
[0.406s] -- Up-to-date: /home/watato30/dobot_ws/install/cr10_moveit/share/cr10_moveit/local_setup.sh
[0.406s] -- Up-to-date: /home/watato30/dobot_ws/install/cr10_moveit/share/cr10_moveit/local_setup.zsh
[0.406s] -- Installing: /home/watato30/dobot_ws/install/cr10_moveit/share/cr10_moveit/local_setup.dsv
[0.406s] -- Installing: /home/watato30/dobot_ws/install/cr10_moveit/share/cr10_moveit/package.dsv
[0.406s] -- Up-to-date: /home/watato30/dobot_ws/install/cr10_moveit/share/ament_index/resource_index/packages/cr10_moveit
[0.407s] -- Up-to-date: /home/watato30/dobot_ws/install/cr10_moveit/share/cr10_moveit/cmake/cr10_moveitConfig.cmake
[0.407s] -- Up-to-date: /home/watato30/dobot_ws/install/cr10_moveit/share/cr10_moveit/cmake/cr10_moveitConfig-version.cmake
[0.408s] -- Up-to-date: /home/watato30/dobot_ws/install/cr10_moveit/share/cr10_moveit/package.xml
[0.408s] -- Up-to-date: /home/watato30/dobot_ws/install/cr10_moveit/share/cr10_moveit/launch
[0.408s] -- Up-to-date: /home/watato30/dobot_ws/install/cr10_moveit/share/cr10_moveit/launch/setup_assistant.launch.py
[0.408s] -- Up-to-date: /home/watato30/dobot_ws/install/cr10_moveit/share/cr10_moveit/launch/static_virtual_joint_tfs.launch.py
[0.409s] -- Up-to-date: /home/watato30/dobot_ws/install/cr10_moveit/share/cr10_moveit/launch/warehouse_db.launch.py
[0.409s] -- Up-to-date: /home/watato30/dobot_ws/install/cr10_moveit/share/cr10_moveit/launch/rsp.launch.py
[0.409s] -- Up-to-date: /home/watato30/dobot_ws/install/cr10_moveit/share/cr10_moveit/launch/moveit_gazebo.launch.py
[0.409s] -- Up-to-date: /home/watato30/dobot_ws/install/cr10_moveit/share/cr10_moveit/launch/spawn_controllers.launch.py
[0.410s] -- Up-to-date: /home/watato30/dobot_ws/install/cr10_moveit/share/cr10_moveit/launch/moveit_rviz.launch.py
[0.410s] -- Up-to-date: /home/watato30/dobot_ws/install/cr10_moveit/share/cr10_moveit/launch/move_group.launch.py
[0.410s] -- Up-to-date: /home/watato30/dobot_ws/install/cr10_moveit/share/cr10_moveit/launch/demo.launch.py
[0.410s] -- Up-to-date: /home/watato30/dobot_ws/install/cr10_moveit/share/cr10_moveit/config
[0.410s] -- Up-to-date: /home/watato30/dobot_ws/install/cr10_moveit/share/cr10_moveit/config/cr10_robot.srdf
[0.410s] -- Up-to-date: /home/watato30/dobot_ws/install/cr10_moveit/share/cr10_moveit/config/pilz_cartesian_limits.yaml
[0.410s] -- Up-to-date: /home/watato30/dobot_ws/install/cr10_moveit/share/cr10_moveit/config/moveit.rviz
[0.411s] -- Up-to-date: /home/watato30/dobot_ws/install/cr10_moveit/share/cr10_moveit/config/initial_positions.yaml
[0.411s] -- Up-to-date: /home/watato30/dobot_ws/install/cr10_moveit/share/cr10_moveit/config/joint_limits.yaml
[0.411s] -- Up-to-date: /home/watato30/dobot_ws/install/cr10_moveit/share/cr10_moveit/config/kinematics.yaml
[0.411s] -- Up-to-date: /home/watato30/dobot_ws/install/cr10_moveit/share/cr10_moveit/config/moveit_controllers.yaml
[0.411s] -- Up-to-date: /home/watato30/dobot_ws/install/cr10_moveit/share/cr10_moveit/config/ros2_controllers.yaml
[0.411s] -- Up-to-date: /home/watato30/dobot_ws/install/cr10_moveit/share/cr10_moveit/config/cr10_robot.ros2_control.xacro
[0.412s] -- Up-to-date: /home/watato30/dobot_ws/install/cr10_moveit/share/cr10_moveit/config/cr10_robot.urdf.xacro
[0.412s] -- Up-to-date: /home/watato30/dobot_ws/install/cr10_moveit/share/cr10_moveit/.setup_assistant
[0.422s] Invoked command in '/home/watato30/dobot_ws/build/cr10_moveit' returned '0': CMAKE_PREFIX_PATH=/home/watato30/dobot_ws/install/dobot_rviz:/home/watato30/dobot_ws/install/nova5_moveit:/home/watato30/dobot_ws/install/nova2_moveit:/home/watato30/dobot_ws/install/cr7_moveit:/home/watato30/dobot_ws/install/cr5_moveit:/home/watato30/dobot_ws/install/cr3_moveit:/home/watato30/dobot_ws/install/cr16_moveit:/home/watato30/dobot_ws/install/cr12_moveit:/home/watato30/dobot_ws/install/cr10_moveit:/home/watato30/dobot_ws/install/dobot_msgs_v3:/home/watato30/dobot_ws/install/dobot_gazebo:/home/watato30/dobot_ws/install/cra_description:/home/watato30/dobot_ws/install/servo_action:/home/watato30/dobot_ws/install/dobot_bringup_v3:/home/watato30/dobot_ws/install/dobot_moveit:/home/watato30/dobot_ws/install/dobot_demo:/opt/ros/humble /usr/bin/cmake --install /home/watato30/dobot_ws/build/cr10_moveit
