[0.034s] Invoking command in '/home/watato30/dobot_ws/build/cr3_moveit': CMAKE_PREFIX_PATH=/home/watato30/dobot_ws/install/dobot_rviz:/home/watato30/dobot_ws/install/nova5_moveit:/home/watato30/dobot_ws/install/nova2_moveit:/home/watato30/dobot_ws/install/cr7_moveit:/home/watato30/dobot_ws/install/cr5_moveit:/home/watato30/dobot_ws/install/cr3_moveit:/home/watato30/dobot_ws/install/cr16_moveit:/home/watato30/dobot_ws/install/cr12_moveit:/home/watato30/dobot_ws/install/cr10_moveit:/home/watato30/dobot_ws/install/dobot_msgs_v3:/home/watato30/dobot_ws/install/dobot_gazebo:/home/watato30/dobot_ws/install/cra_description:/home/watato30/dobot_ws/install/servo_action:/home/watato30/dobot_ws/install/dobot_bringup_v3:/home/watato30/dobot_ws/install/dobot_moveit:/home/watato30/dobot_ws/install/dobot_demo:/opt/ros/humble /usr/bin/cmake --build /home/watato30/dobot_ws/build/cr3_moveit -- -j8 -l8
[0.160s] Invoked command in '/home/watato30/dobot_ws/build/cr3_moveit' returned '0': CMAKE_PREFIX_PATH=/home/watato30/dobot_ws/install/dobot_rviz:/home/watato30/dobot_ws/install/nova5_moveit:/home/watato30/dobot_ws/install/nova2_moveit:/home/watato30/dobot_ws/install/cr7_moveit:/home/watato30/dobot_ws/install/cr5_moveit:/home/watato30/dobot_ws/install/cr3_moveit:/home/watato30/dobot_ws/install/cr16_moveit:/home/watato30/dobot_ws/install/cr12_moveit:/home/watato30/dobot_ws/install/cr10_moveit:/home/watato30/dobot_ws/install/dobot_msgs_v3:/home/watato30/dobot_ws/install/dobot_gazebo:/home/watato30/dobot_ws/install/cra_description:/home/watato30/dobot_ws/install/servo_action:/home/watato30/dobot_ws/install/dobot_bringup_v3:/home/watato30/dobot_ws/install/dobot_moveit:/home/watato30/dobot_ws/install/dobot_demo:/opt/ros/humble /usr/bin/cmake --build /home/watato30/dobot_ws/build/cr3_moveit -- -j8 -l8
[0.161s] Invoking command in '/home/watato30/dobot_ws/build/cr3_moveit': CMAKE_PREFIX_PATH=/home/watato30/dobot_ws/install/dobot_rviz:/home/watato30/dobot_ws/install/nova5_moveit:/home/watato30/dobot_ws/install/nova2_moveit:/home/watato30/dobot_ws/install/cr7_moveit:/home/watato30/dobot_ws/install/cr5_moveit:/home/watato30/dobot_ws/install/cr3_moveit:/home/watato30/dobot_ws/install/cr16_moveit:/home/watato30/dobot_ws/install/cr12_moveit:/home/watato30/dobot_ws/install/cr10_moveit:/home/watato30/dobot_ws/install/dobot_msgs_v3:/home/watato30/dobot_ws/install/dobot_gazebo:/home/watato30/dobot_ws/install/cra_description:/home/watato30/dobot_ws/install/servo_action:/home/watato30/dobot_ws/install/dobot_bringup_v3:/home/watato30/dobot_ws/install/dobot_moveit:/home/watato30/dobot_ws/install/dobot_demo:/opt/ros/humble /usr/bin/cmake --install /home/watato30/dobot_ws/build/cr3_moveit
[0.163s] -- Install configuration: ""
[0.163s] -- Up-to-date: /home/watato30/dobot_ws/install/cr3_moveit/share/ament_index/resource_index/package_run_dependencies/cr3_moveit
[0.163s] -- Up-to-date: /home/watato30/dobot_ws/install/cr3_moveit/share/ament_index/resource_index/parent_prefix_path/cr3_moveit
[0.163s] -- Up-to-date: /home/watato30/dobot_ws/install/cr3_moveit/share/cr3_moveit/environment/ament_prefix_path.sh
[0.163s] -- Up-to-date: /home/watato30/dobot_ws/install/cr3_moveit/share/cr3_moveit/environment/ament_prefix_path.dsv
[0.164s] -- Up-to-date: /home/watato30/dobot_ws/install/cr3_moveit/share/cr3_moveit/environment/path.sh
[0.164s] -- Up-to-date: /home/watato30/dobot_ws/install/cr3_moveit/share/cr3_moveit/environment/path.dsv
[0.164s] -- Up-to-date: /home/watato30/dobot_ws/install/cr3_moveit/share/cr3_moveit/local_setup.bash
[0.164s] -- Up-to-date: /home/watato30/dobot_ws/install/cr3_moveit/share/cr3_moveit/local_setup.sh
[0.164s] -- Up-to-date: /home/watato30/dobot_ws/install/cr3_moveit/share/cr3_moveit/local_setup.zsh
[0.165s] -- Up-to-date: /home/watato30/dobot_ws/install/cr3_moveit/share/cr3_moveit/local_setup.dsv
[0.165s] -- Installing: /home/watato30/dobot_ws/install/cr3_moveit/share/cr3_moveit/package.dsv
[0.165s] -- Up-to-date: /home/watato30/dobot_ws/install/cr3_moveit/share/ament_index/resource_index/packages/cr3_moveit
[0.165s] -- Up-to-date: /home/watato30/dobot_ws/install/cr3_moveit/share/cr3_moveit/cmake/cr3_moveitConfig.cmake
[0.165s] -- Up-to-date: /home/watato30/dobot_ws/install/cr3_moveit/share/cr3_moveit/cmake/cr3_moveitConfig-version.cmake
[0.166s] -- Up-to-date: /home/watato30/dobot_ws/install/cr3_moveit/share/cr3_moveit/package.xml
[0.166s] -- Up-to-date: /home/watato30/dobot_ws/install/cr3_moveit/share/cr3_moveit/launch
[0.166s] -- Up-to-date: /home/watato30/dobot_ws/install/cr3_moveit/share/cr3_moveit/launch/setup_assistant.launch.py
[0.166s] -- Up-to-date: /home/watato30/dobot_ws/install/cr3_moveit/share/cr3_moveit/launch/static_virtual_joint_tfs.launch.py
[0.166s] -- Up-to-date: /home/watato30/dobot_ws/install/cr3_moveit/share/cr3_moveit/launch/warehouse_db.launch.py
[0.166s] -- Up-to-date: /home/watato30/dobot_ws/install/cr3_moveit/share/cr3_moveit/launch/rsp.launch.py
[0.166s] -- Up-to-date: /home/watato30/dobot_ws/install/cr3_moveit/share/cr3_moveit/launch/moveit_gazebo.launch.py
[0.166s] -- Up-to-date: /home/watato30/dobot_ws/install/cr3_moveit/share/cr3_moveit/launch/spawn_controllers.launch.py
[0.167s] -- Up-to-date: /home/watato30/dobot_ws/install/cr3_moveit/share/cr3_moveit/launch/moveit_rviz.launch.py
[0.167s] -- Up-to-date: /home/watato30/dobot_ws/install/cr3_moveit/share/cr3_moveit/launch/move_group.launch.py
[0.167s] -- Up-to-date: /home/watato30/dobot_ws/install/cr3_moveit/share/cr3_moveit/launch/demo.launch.py
[0.167s] -- Up-to-date: /home/watato30/dobot_ws/install/cr3_moveit/share/cr3_moveit/config
[0.167s] -- Up-to-date: /home/watato30/dobot_ws/install/cr3_moveit/share/cr3_moveit/config/pilz_cartesian_limits.yaml
[0.167s] -- Up-to-date: /home/watato30/dobot_ws/install/cr3_moveit/share/cr3_moveit/config/moveit.rviz
[0.167s] -- Up-to-date: /home/watato30/dobot_ws/install/cr3_moveit/share/cr3_moveit/config/initial_positions.yaml
[0.168s] -- Up-to-date: /home/watato30/dobot_ws/install/cr3_moveit/share/cr3_moveit/config/cr3_robot.srdf
[0.168s] -- Up-to-date: /home/watato30/dobot_ws/install/cr3_moveit/share/cr3_moveit/config/cr3_robot.urdf.xacro
[0.168s] -- Up-to-date: /home/watato30/dobot_ws/install/cr3_moveit/share/cr3_moveit/config/joint_limits.yaml
[0.168s] -- Up-to-date: /home/watato30/dobot_ws/install/cr3_moveit/share/cr3_moveit/config/kinematics.yaml
[0.168s] -- Up-to-date: /home/watato30/dobot_ws/install/cr3_moveit/share/cr3_moveit/config/cr3_robot.ros2_control.xacro
[0.168s] -- Up-to-date: /home/watato30/dobot_ws/install/cr3_moveit/share/cr3_moveit/config/moveit_controllers.yaml
[0.169s] -- Up-to-date: /home/watato30/dobot_ws/install/cr3_moveit/share/cr3_moveit/config/ros2_controllers.yaml
[0.169s] -- Up-to-date: /home/watato30/dobot_ws/install/cr3_moveit/share/cr3_moveit/.setup_assistant
[0.245s] Invoked command in '/home/watato30/dobot_ws/build/cr3_moveit' returned '0': CMAKE_PREFIX_PATH=/home/watato30/dobot_ws/install/dobot_rviz:/home/watato30/dobot_ws/install/nova5_moveit:/home/watato30/dobot_ws/install/nova2_moveit:/home/watato30/dobot_ws/install/cr7_moveit:/home/watato30/dobot_ws/install/cr5_moveit:/home/watato30/dobot_ws/install/cr3_moveit:/home/watato30/dobot_ws/install/cr16_moveit:/home/watato30/dobot_ws/install/cr12_moveit:/home/watato30/dobot_ws/install/cr10_moveit:/home/watato30/dobot_ws/install/dobot_msgs_v3:/home/watato30/dobot_ws/install/dobot_gazebo:/home/watato30/dobot_ws/install/cra_description:/home/watato30/dobot_ws/install/servo_action:/home/watato30/dobot_ws/install/dobot_bringup_v3:/home/watato30/dobot_ws/install/dobot_moveit:/home/watato30/dobot_ws/install/dobot_demo:/opt/ros/humble /usr/bin/cmake --install /home/watato30/dobot_ws/build/cr3_moveit
