[0.050s] Invoking command in '/home/watato30/dobot_ws/build/nova5_moveit': AMENT_PREFIX_PATH=/home/watato30/dobot_ws/install/dobot_rviz:${AMENT_PREFIX_PATH} CMAKE_PREFIX_PATH=/home/watato30/dobot_ws/install/dobot_rviz:/opt/ros/humble /usr/bin/cmake /home/watato30/dobot_ws/src/DOBOT_6Axis_ROS2_V3_Custom/nova5_moveit -DCMAKE_INSTALL_PREFIX=/home/watato30/dobot_ws/install/nova5_moveit
[0.125s] -- The C compiler identification is GNU 11.4.0
[0.191s] -- The CXX compiler identification is GNU 11.4.0
[0.203s] -- Detecting C compiler ABI info
[0.279s] -- Detecting C compiler ABI info - done
[0.290s] -- Check for working C compiler: /usr/bin/cc - skipped
[0.290s] -- Detecting C compile features
[0.290s] -- Detecting C compile features - done
[0.295s] -- Detecting CXX compiler ABI info
[0.434s] -- Detecting CXX compiler ABI info - done
[0.447s] -- Check for working CXX compiler: /usr/bin/c++ - skipped
[0.448s] -- Detecting CXX compile features
[0.448s] -- Detecting CXX compile features - done
[0.451s] -- Found ament_cmake: 1.3.11 (/opt/ros/humble/share/ament_cmake/cmake)
[0.627s] -- Found Python3: /usr/bin/python3 (found version "3.10.12") found components: Interpreter 
[0.813s] -- Configuring done
[0.817s] -- Generating done
[0.819s] -- Build files have been written to: /home/watato30/dobot_ws/build/nova5_moveit
[0.827s] Invoked command in '/home/watato30/dobot_ws/build/nova5_moveit' returned '0': AMENT_PREFIX_PATH=/home/watato30/dobot_ws/install/dobot_rviz:${AMENT_PREFIX_PATH} CMAKE_PREFIX_PATH=/home/watato30/dobot_ws/install/dobot_rviz:/opt/ros/humble /usr/bin/cmake /home/watato30/dobot_ws/src/DOBOT_6Axis_ROS2_V3_Custom/nova5_moveit -DCMAKE_INSTALL_PREFIX=/home/watato30/dobot_ws/install/nova5_moveit
[0.833s] Invoking command in '/home/watato30/dobot_ws/build/nova5_moveit': AMENT_PREFIX_PATH=/home/watato30/dobot_ws/install/dobot_rviz:${AMENT_PREFIX_PATH} CMAKE_PREFIX_PATH=/home/watato30/dobot_ws/install/dobot_rviz:/opt/ros/humble /usr/bin/cmake --build /home/watato30/dobot_ws/build/nova5_moveit -- -j8 -l8
[0.879s] Invoked command in '/home/watato30/dobot_ws/build/nova5_moveit' returned '0': AMENT_PREFIX_PATH=/home/watato30/dobot_ws/install/dobot_rviz:${AMENT_PREFIX_PATH} CMAKE_PREFIX_PATH=/home/watato30/dobot_ws/install/dobot_rviz:/opt/ros/humble /usr/bin/cmake --build /home/watato30/dobot_ws/build/nova5_moveit -- -j8 -l8
[0.881s] Invoking command in '/home/watato30/dobot_ws/build/nova5_moveit': AMENT_PREFIX_PATH=/home/watato30/dobot_ws/install/dobot_rviz:${AMENT_PREFIX_PATH} CMAKE_PREFIX_PATH=/home/watato30/dobot_ws/install/dobot_rviz:/opt/ros/humble /usr/bin/cmake --install /home/watato30/dobot_ws/build/nova5_moveit
[0.891s] -- Install configuration: ""
[0.892s] -- Installing: /home/watato30/dobot_ws/install/nova5_moveit/share/ament_index/resource_index/package_run_dependencies/nova5_moveit
[0.892s] -- Installing: /home/watato30/dobot_ws/install/nova5_moveit/share/ament_index/resource_index/parent_prefix_path/nova5_moveit
[0.892s] -- Installing: /home/watato30/dobot_ws/install/nova5_moveit/share/nova5_moveit/environment/ament_prefix_path.sh
[0.893s] -- Installing: /home/watato30/dobot_ws/install/nova5_moveit/share/nova5_moveit/environment/ament_prefix_path.dsv
[0.893s] -- Installing: /home/watato30/dobot_ws/install/nova5_moveit/share/nova5_moveit/environment/path.sh
[0.893s] -- Installing: /home/watato30/dobot_ws/install/nova5_moveit/share/nova5_moveit/environment/path.dsv
[0.893s] -- Installing: /home/watato30/dobot_ws/install/nova5_moveit/share/nova5_moveit/local_setup.bash
[0.893s] -- Installing: /home/watato30/dobot_ws/install/nova5_moveit/share/nova5_moveit/local_setup.sh
[0.894s] -- Installing: /home/watato30/dobot_ws/install/nova5_moveit/share/nova5_moveit/local_setup.zsh
[0.894s] -- Installing: /home/watato30/dobot_ws/install/nova5_moveit/share/nova5_moveit/local_setup.dsv
[0.894s] -- Installing: /home/watato30/dobot_ws/install/nova5_moveit/share/nova5_moveit/package.dsv
[0.894s] -- Installing: /home/watato30/dobot_ws/install/nova5_moveit/share/ament_index/resource_index/packages/nova5_moveit
[0.894s] -- Installing: /home/watato30/dobot_ws/install/nova5_moveit/share/nova5_moveit/cmake/nova5_moveitConfig.cmake
[0.895s] -- Installing: /home/watato30/dobot_ws/install/nova5_moveit/share/nova5_moveit/cmake/nova5_moveitConfig-version.cmake
[0.895s] -- Installing: /home/watato30/dobot_ws/install/nova5_moveit/share/nova5_moveit/package.xml
[0.895s] -- Installing: /home/watato30/dobot_ws/install/nova5_moveit/share/nova5_moveit/launch
[0.895s] -- Installing: /home/watato30/dobot_ws/install/nova5_moveit/share/nova5_moveit/launch/setup_assistant.launch.py
[0.896s] -- Installing: /home/watato30/dobot_ws/install/nova5_moveit/share/nova5_moveit/launch/static_virtual_joint_tfs.launch.py
[0.896s] -- Installing: /home/watato30/dobot_ws/install/nova5_moveit/share/nova5_moveit/launch/warehouse_db.launch.py
[0.896s] -- Installing: /home/watato30/dobot_ws/install/nova5_moveit/share/nova5_moveit/launch/rsp.launch.py
[0.896s] -- Installing: /home/watato30/dobot_ws/install/nova5_moveit/share/nova5_moveit/launch/spawn_controllers.launch.py
[0.896s] -- Installing: /home/watato30/dobot_ws/install/nova5_moveit/share/nova5_moveit/launch/moveit_rviz.launch.py
[0.896s] -- Installing: /home/watato30/dobot_ws/install/nova5_moveit/share/nova5_moveit/launch/move_group.launch.py
[0.896s] -- Installing: /home/watato30/dobot_ws/install/nova5_moveit/share/nova5_moveit/launch/demo.launch.py
[0.896s] -- Installing: /home/watato30/dobot_ws/install/nova5_moveit/share/nova5_moveit/config
[0.897s] -- Installing: /home/watato30/dobot_ws/install/nova5_moveit/share/nova5_moveit/config/pilz_cartesian_limits.yaml
[0.897s] -- Installing: /home/watato30/dobot_ws/install/nova5_moveit/share/nova5_moveit/config/moveit.rviz
[0.897s] -- Installing: /home/watato30/dobot_ws/install/nova5_moveit/share/nova5_moveit/config/initial_positions.yaml
[0.897s] -- Installing: /home/watato30/dobot_ws/install/nova5_moveit/share/nova5_moveit/config/joint_limits.yaml
[0.897s] -- Installing: /home/watato30/dobot_ws/install/nova5_moveit/share/nova5_moveit/config/kinematics.yaml
[0.897s] -- Installing: /home/watato30/dobot_ws/install/nova5_moveit/share/nova5_moveit/config/nova5_robot.srdf
[0.897s] -- Installing: /home/watato30/dobot_ws/install/nova5_moveit/share/nova5_moveit/config/nova5_robot.urdf.xacro
[0.898s] -- Installing: /home/watato30/dobot_ws/install/nova5_moveit/share/nova5_moveit/config/moveit_controllers.yaml
[0.898s] -- Installing: /home/watato30/dobot_ws/install/nova5_moveit/share/nova5_moveit/config/ros2_controllers.yaml
[0.898s] -- Installing: /home/watato30/dobot_ws/install/nova5_moveit/share/nova5_moveit/config/nova5_robot.ros2_control.xacro
[0.898s] -- Installing: /home/watato30/dobot_ws/install/nova5_moveit/share/nova5_moveit/.setup_assistant
[0.901s] Invoked command in '/home/watato30/dobot_ws/build/nova5_moveit' returned '0': AMENT_PREFIX_PATH=/home/watato30/dobot_ws/install/dobot_rviz:${AMENT_PREFIX_PATH} CMAKE_PREFIX_PATH=/home/watato30/dobot_ws/install/dobot_rviz:/opt/ros/humble /usr/bin/cmake --install /home/watato30/dobot_ws/build/nova5_moveit
