[0.029s] Invoking command in '/home/watato30/dobot_ws/build/cr12_moveit': AMENT_PREFIX_PATH=/home/watato30/dobot_ws/install/dobot_rviz:${AMENT_PREFIX_PATH} CMAKE_PREFIX_PATH=/home/watato30/dobot_ws/install/dobot_rviz:/opt/ros/humble /usr/bin/cmake /home/watato30/dobot_ws/src/DOBOT_6Axis_ROS2_V3_Custom/cr12_moveit -DCMAKE_INSTALL_PREFIX=/home/watato30/dobot_ws/install/cr12_moveit
[0.130s] -- The C compiler identification is GNU 11.4.0
[0.239s] -- The CXX compiler identification is GNU 11.4.0
[0.252s] -- Detecting C compiler ABI info
[0.375s] -- Detecting C compiler ABI info - done
[0.393s] -- Check for working C compiler: /usr/bin/cc - skipped
[0.393s] -- Detecting C compile features
[0.394s] -- Detecting C compile features - done
[0.396s] -- Detecting CXX compiler ABI info
[0.524s] -- Detecting CXX compiler ABI info - done
[0.539s] -- Check for working CXX compiler: /usr/bin/c++ - skipped
[0.539s] -- Detecting CXX compile features
[0.540s] -- Detecting CXX compile features - done
[0.543s] -- Found ament_cmake: 1.3.11 (/opt/ros/humble/share/ament_cmake/cmake)
[0.797s] -- Found Python3: /usr/bin/python3 (found version "3.10.12") found components: Interpreter 
[1.103s] -- Configuring done
[1.108s] -- Generating done
[1.111s] -- Build files have been written to: /home/watato30/dobot_ws/build/cr12_moveit
[1.120s] Invoked command in '/home/watato30/dobot_ws/build/cr12_moveit' returned '0': AMENT_PREFIX_PATH=/home/watato30/dobot_ws/install/dobot_rviz:${AMENT_PREFIX_PATH} CMAKE_PREFIX_PATH=/home/watato30/dobot_ws/install/dobot_rviz:/opt/ros/humble /usr/bin/cmake /home/watato30/dobot_ws/src/DOBOT_6Axis_ROS2_V3_Custom/cr12_moveit -DCMAKE_INSTALL_PREFIX=/home/watato30/dobot_ws/install/cr12_moveit
[1.125s] Invoking command in '/home/watato30/dobot_ws/build/cr12_moveit': AMENT_PREFIX_PATH=/home/watato30/dobot_ws/install/dobot_rviz:${AMENT_PREFIX_PATH} CMAKE_PREFIX_PATH=/home/watato30/dobot_ws/install/dobot_rviz:/opt/ros/humble /usr/bin/cmake --build /home/watato30/dobot_ws/build/cr12_moveit -- -j8 -l8
[1.211s] Invoked command in '/home/watato30/dobot_ws/build/cr12_moveit' returned '0': AMENT_PREFIX_PATH=/home/watato30/dobot_ws/install/dobot_rviz:${AMENT_PREFIX_PATH} CMAKE_PREFIX_PATH=/home/watato30/dobot_ws/install/dobot_rviz:/opt/ros/humble /usr/bin/cmake --build /home/watato30/dobot_ws/build/cr12_moveit -- -j8 -l8
[1.212s] Invoking command in '/home/watato30/dobot_ws/build/cr12_moveit': AMENT_PREFIX_PATH=/home/watato30/dobot_ws/install/dobot_rviz:${AMENT_PREFIX_PATH} CMAKE_PREFIX_PATH=/home/watato30/dobot_ws/install/dobot_rviz:/opt/ros/humble /usr/bin/cmake --install /home/watato30/dobot_ws/build/cr12_moveit
[1.224s] -- Install configuration: ""
[1.224s] -- Installing: /home/watato30/dobot_ws/install/cr12_moveit/share/ament_index/resource_index/package_run_dependencies/cr12_moveit
[1.224s] -- Installing: /home/watato30/dobot_ws/install/cr12_moveit/share/ament_index/resource_index/parent_prefix_path/cr12_moveit
[1.225s] -- Installing: /home/watato30/dobot_ws/install/cr12_moveit/share/cr12_moveit/environment/ament_prefix_path.sh
[1.225s] -- Installing: /home/watato30/dobot_ws/install/cr12_moveit/share/cr12_moveit/environment/ament_prefix_path.dsv
[1.229s] -- Installing: /home/watato30/dobot_ws/install/cr12_moveit/share/cr12_moveit/environment/path.sh
[1.229s] -- Installing: /home/watato30/dobot_ws/install/cr12_moveit/share/cr12_moveit/environment/path.dsv
[1.229s] -- Installing: /home/watato30/dobot_ws/install/cr12_moveit/share/cr12_moveit/local_setup.bash
[1.229s] -- Installing: /home/watato30/dobot_ws/install/cr12_moveit/share/cr12_moveit/local_setup.sh
[1.232s] -- Installing: /home/watato30/dobot_ws/install/cr12_moveit/share/cr12_moveit/local_setup.zsh
[1.232s] -- Installing: /home/watato30/dobot_ws/install/cr12_moveit/share/cr12_moveit/local_setup.dsv
[1.233s] -- Installing: /home/watato30/dobot_ws/install/cr12_moveit/share/cr12_moveit/package.dsv
[1.233s] -- Installing: /home/watato30/dobot_ws/install/cr12_moveit/share/ament_index/resource_index/packages/cr12_moveit
[1.235s] -- Installing: /home/watato30/dobot_ws/install/cr12_moveit/share/cr12_moveit/cmake/cr12_moveitConfig.cmake
[1.235s] -- Installing: /home/watato30/dobot_ws/install/cr12_moveit/share/cr12_moveit/cmake/cr12_moveitConfig-version.cmake
[1.235s] -- Installing: /home/watato30/dobot_ws/install/cr12_moveit/share/cr12_moveit/package.xml
[1.236s] -- Installing: /home/watato30/dobot_ws/install/cr12_moveit/share/cr12_moveit/launch
[1.236s] -- Installing: /home/watato30/dobot_ws/install/cr12_moveit/share/cr12_moveit/launch/setup_assistant.launch.py
[1.237s] -- Installing: /home/watato30/dobot_ws/install/cr12_moveit/share/cr12_moveit/launch/static_virtual_joint_tfs.launch.py
[1.237s] -- Installing: /home/watato30/dobot_ws/install/cr12_moveit/share/cr12_moveit/launch/warehouse_db.launch.py
[1.237s] -- Installing: /home/watato30/dobot_ws/install/cr12_moveit/share/cr12_moveit/launch/rsp.launch.py
[1.237s] -- Installing: /home/watato30/dobot_ws/install/cr12_moveit/share/cr12_moveit/launch/moveit_gazebo.launch.py
[1.237s] -- Installing: /home/watato30/dobot_ws/install/cr12_moveit/share/cr12_moveit/launch/spawn_controllers.launch.py
[1.237s] -- Installing: /home/watato30/dobot_ws/install/cr12_moveit/share/cr12_moveit/launch/moveit_rviz.launch.py
[1.238s] -- Installing: /home/watato30/dobot_ws/install/cr12_moveit/share/cr12_moveit/launch/move_group.launch.py
[1.238s] -- Installing: /home/watato30/dobot_ws/install/cr12_moveit/share/cr12_moveit/launch/demo.launch.py
[1.238s] -- Installing: /home/watato30/dobot_ws/install/cr12_moveit/share/cr12_moveit/config
[1.238s] -- Installing: /home/watato30/dobot_ws/install/cr12_moveit/share/cr12_moveit/config/pilz_cartesian_limits.yaml
[1.239s] -- Installing: /home/watato30/dobot_ws/install/cr12_moveit/share/cr12_moveit/config/moveit.rviz
[1.239s] -- Installing: /home/watato30/dobot_ws/install/cr12_moveit/share/cr12_moveit/config/initial_positions.yaml
[1.240s] -- Installing: /home/watato30/dobot_ws/install/cr12_moveit/share/cr12_moveit/config/joint_limits.yaml
[1.240s] -- Installing: /home/watato30/dobot_ws/install/cr12_moveit/share/cr12_moveit/config/cr12_robot.urdf.xacro
[1.240s] -- Installing: /home/watato30/dobot_ws/install/cr12_moveit/share/cr12_moveit/config/kinematics.yaml
[1.240s] -- Installing: /home/watato30/dobot_ws/install/cr12_moveit/share/cr12_moveit/config/moveit_controllers.yaml
[1.241s] -- Installing: /home/watato30/dobot_ws/install/cr12_moveit/share/cr12_moveit/config/cr12_robot.srdf
[1.241s] -- Installing: /home/watato30/dobot_ws/install/cr12_moveit/share/cr12_moveit/config/cr12_robot.ros2_control.xacro
[1.241s] -- Installing: /home/watato30/dobot_ws/install/cr12_moveit/share/cr12_moveit/config/ros2_controllers.yaml
[1.241s] -- Installing: /home/watato30/dobot_ws/install/cr12_moveit/share/cr12_moveit/.setup_assistant
[1.261s] Invoked command in '/home/watato30/dobot_ws/build/cr12_moveit' returned '0': AMENT_PREFIX_PATH=/home/watato30/dobot_ws/install/dobot_rviz:${AMENT_PREFIX_PATH} CMAKE_PREFIX_PATH=/home/watato30/dobot_ws/install/dobot_rviz:/opt/ros/humble /usr/bin/cmake --install /home/watato30/dobot_ws/build/cr12_moveit
