[0.033s] Invoking command in '/home/watato30/dobot_ws/build/cr7_moveit': AMENT_PREFIX_PATH=/home/watato30/dobot_ws/install/dobot_rviz:${AMENT_PREFIX_PATH} CMAKE_PREFIX_PATH=/home/watato30/dobot_ws/install/dobot_rviz:/opt/ros/humble /usr/bin/cmake /home/watato30/dobot_ws/src/DOBOT_6Axis_ROS2_V3_Custom/cr7_moveit -DCMAKE_INSTALL_PREFIX=/home/watato30/dobot_ws/install/cr7_moveit
[1.105s] -- The C compiler identification is GNU 11.4.0
[1.107s] -- The CXX compiler identification is GNU 11.4.0
[1.107s] -- Detecting C compiler ABI info
[1.107s] -- Detecting C compiler ABI info - done
[1.107s] -- Check for working C compiler: /usr/bin/cc - skipped
[1.107s] -- Detecting C compile features
[1.107s] -- Detecting C compile features - done
[1.108s] -- Detecting CXX compiler ABI info
[1.108s] -- Detecting CXX compiler ABI info - done
[1.108s] -- Check for working CXX compiler: /usr/bin/c++ - skipped
[1.108s] -- Detecting CXX compile features
[1.108s] -- Detecting CXX compile features - done
[1.108s] -- Found ament_cmake: 1.3.11 (/opt/ros/humble/share/ament_cmake/cmake)
[1.108s] -- Found Python3: /usr/bin/python3 (found version "3.10.12") found components: Interpreter 
[1.159s] -- Configuring done
[1.165s] -- Generating done
[1.166s] -- Build files have been written to: /home/watato30/dobot_ws/build/cr7_moveit
[1.198s] Invoked command in '/home/watato30/dobot_ws/build/cr7_moveit' returned '0': AMENT_PREFIX_PATH=/home/watato30/dobot_ws/install/dobot_rviz:${AMENT_PREFIX_PATH} CMAKE_PREFIX_PATH=/home/watato30/dobot_ws/install/dobot_rviz:/opt/ros/humble /usr/bin/cmake /home/watato30/dobot_ws/src/DOBOT_6Axis_ROS2_V3_Custom/cr7_moveit -DCMAKE_INSTALL_PREFIX=/home/watato30/dobot_ws/install/cr7_moveit
[1.200s] Invoking command in '/home/watato30/dobot_ws/build/cr7_moveit': AMENT_PREFIX_PATH=/home/watato30/dobot_ws/install/dobot_rviz:${AMENT_PREFIX_PATH} CMAKE_PREFIX_PATH=/home/watato30/dobot_ws/install/dobot_rviz:/opt/ros/humble /usr/bin/cmake --build /home/watato30/dobot_ws/build/cr7_moveit -- -j8 -l8
[1.300s] Invoked command in '/home/watato30/dobot_ws/build/cr7_moveit' returned '0': AMENT_PREFIX_PATH=/home/watato30/dobot_ws/install/dobot_rviz:${AMENT_PREFIX_PATH} CMAKE_PREFIX_PATH=/home/watato30/dobot_ws/install/dobot_rviz:/opt/ros/humble /usr/bin/cmake --build /home/watato30/dobot_ws/build/cr7_moveit -- -j8 -l8
[1.302s] Invoking command in '/home/watato30/dobot_ws/build/cr7_moveit': AMENT_PREFIX_PATH=/home/watato30/dobot_ws/install/dobot_rviz:${AMENT_PREFIX_PATH} CMAKE_PREFIX_PATH=/home/watato30/dobot_ws/install/dobot_rviz:/opt/ros/humble /usr/bin/cmake --install /home/watato30/dobot_ws/build/cr7_moveit
[1.313s] -- Install configuration: ""
[1.314s] -- Installing: /home/watato30/dobot_ws/install/cr7_moveit/share/ament_index/resource_index/package_run_dependencies/cr7_moveit
[1.316s] -- Installing: /home/watato30/dobot_ws/install/cr7_moveit/share/ament_index/resource_index/parent_prefix_path/cr7_moveit
[1.316s] -- Installing: /home/watato30/dobot_ws/install/cr7_moveit/share/cr7_moveit/environment/ament_prefix_path.sh
[1.319s] -- Installing: /home/watato30/dobot_ws/install/cr7_moveit/share/cr7_moveit/environment/ament_prefix_path.dsv
[1.321s] -- Installing: /home/watato30/dobot_ws/install/cr7_moveit/share/cr7_moveit/environment/path.sh
[1.321s] -- Installing: /home/watato30/dobot_ws/install/cr7_moveit/share/cr7_moveit/environment/path.dsv
[1.321s] -- Installing: /home/watato30/dobot_ws/install/cr7_moveit/share/cr7_moveit/local_setup.bash
[1.322s] -- Installing: /home/watato30/dobot_ws/install/cr7_moveit/share/cr7_moveit/local_setup.sh
[1.322s] -- Installing: /home/watato30/dobot_ws/install/cr7_moveit/share/cr7_moveit/local_setup.zsh
[1.323s] -- Installing: /home/watato30/dobot_ws/install/cr7_moveit/share/cr7_moveit/local_setup.dsv
[1.323s] -- Installing: /home/watato30/dobot_ws/install/cr7_moveit/share/cr7_moveit/package.dsv
[1.324s] -- Installing: /home/watato30/dobot_ws/install/cr7_moveit/share/ament_index/resource_index/packages/cr7_moveit
[1.324s] -- Installing: /home/watato30/dobot_ws/install/cr7_moveit/share/cr7_moveit/cmake/cr7_moveitConfig.cmake
[1.324s] -- Installing: /home/watato30/dobot_ws/install/cr7_moveit/share/cr7_moveit/cmake/cr7_moveitConfig-version.cmake
[1.324s] -- Installing: /home/watato30/dobot_ws/install/cr7_moveit/share/cr7_moveit/package.xml
[1.324s] -- Installing: /home/watato30/dobot_ws/install/cr7_moveit/share/cr7_moveit/launch
[1.325s] -- Installing: /home/watato30/dobot_ws/install/cr7_moveit/share/cr7_moveit/launch/setup_assistant.launch.py
[1.325s] -- Installing: /home/watato30/dobot_ws/install/cr7_moveit/share/cr7_moveit/launch/static_virtual_joint_tfs.launch.py
[1.325s] -- Installing: /home/watato30/dobot_ws/install/cr7_moveit/share/cr7_moveit/launch/warehouse_db.launch.py
[1.325s] -- Installing: /home/watato30/dobot_ws/install/cr7_moveit/share/cr7_moveit/launch/rsp.launch.py
[1.325s] -- Installing: /home/watato30/dobot_ws/install/cr7_moveit/share/cr7_moveit/launch/moveit_gazebo.launch.py
[1.325s] -- Installing: /home/watato30/dobot_ws/install/cr7_moveit/share/cr7_moveit/launch/spawn_controllers.launch.py
[1.327s] -- Installing: /home/watato30/dobot_ws/install/cr7_moveit/share/cr7_moveit/launch/moveit_rviz.launch.py
[1.327s] -- Installing: /home/watato30/dobot_ws/install/cr7_moveit/share/cr7_moveit/launch/move_group.launch.py
[1.327s] -- Installing: /home/watato30/dobot_ws/install/cr7_moveit/share/cr7_moveit/launch/demo.launch.py
[1.327s] -- Installing: /home/watato30/dobot_ws/install/cr7_moveit/share/cr7_moveit/config
[1.327s] -- Installing: /home/watato30/dobot_ws/install/cr7_moveit/share/cr7_moveit/config/pilz_cartesian_limits.yaml
[1.328s] -- Installing: /home/watato30/dobot_ws/install/cr7_moveit/share/cr7_moveit/config/moveit.rviz
[1.328s] -- Installing: /home/watato30/dobot_ws/install/cr7_moveit/share/cr7_moveit/config/initial_positions.yaml
[1.329s] -- Installing: /home/watato30/dobot_ws/install/cr7_moveit/share/cr7_moveit/config/cr7_robot.ros2_control.xacro
[1.329s] -- Installing: /home/watato30/dobot_ws/install/cr7_moveit/share/cr7_moveit/config/cr7_robot.urdf.xacro
[1.329s] -- Installing: /home/watato30/dobot_ws/install/cr7_moveit/share/cr7_moveit/config/joint_limits.yaml
[1.329s] -- Installing: /home/watato30/dobot_ws/install/cr7_moveit/share/cr7_moveit/config/kinematics.yaml
[1.329s] -- Installing: /home/watato30/dobot_ws/install/cr7_moveit/share/cr7_moveit/config/moveit_controllers.yaml
[1.329s] -- Installing: /home/watato30/dobot_ws/install/cr7_moveit/share/cr7_moveit/config/ros2_controllers.yaml
[1.329s] -- Installing: /home/watato30/dobot_ws/install/cr7_moveit/share/cr7_moveit/config/cr7_robot.srdf
[1.329s] -- Installing: /home/watato30/dobot_ws/install/cr7_moveit/share/cr7_moveit/.setup_assistant
[1.350s] Invoked command in '/home/watato30/dobot_ws/build/cr7_moveit' returned '0': AMENT_PREFIX_PATH=/home/watato30/dobot_ws/install/dobot_rviz:${AMENT_PREFIX_PATH} CMAKE_PREFIX_PATH=/home/watato30/dobot_ws/install/dobot_rviz:/opt/ros/humble /usr/bin/cmake --install /home/watato30/dobot_ws/build/cr7_moveit
