[0.068s] Invoking command in '/home/watato30/dobot_ws/build/cra_description': CMAKE_PREFIX_PATH=${CMAKE_PREFIX_PATH}:/home/watato30/dobot_ws/install/servo_action:/home/watato30/dobot_ws/install/dobot_bringup_v3:/home/watato30/dobot_ws/install/dobot_moveit:/home/watato30/dobot_ws/install/dobot_demo:/opt/ros/humble /usr/bin/cmake --build /home/watato30/dobot_ws/build/cra_description -- -j8 -l8
[1.269s] Invoked command in '/home/watato30/dobot_ws/build/cra_description' returned '0': CMAKE_PREFIX_PATH=${CMAKE_PREFIX_PATH}:/home/watato30/dobot_ws/install/servo_action:/home/watato30/dobot_ws/install/dobot_bringup_v3:/home/watato30/dobot_ws/install/dobot_moveit:/home/watato30/dobot_ws/install/dobot_demo:/opt/ros/humble /usr/bin/cmake --build /home/watato30/dobot_ws/build/cra_description -- -j8 -l8
[1.282s] Invoking command in '/home/watato30/dobot_ws/build/cra_description': CMAKE_PREFIX_PATH=${CMAKE_PREFIX_PATH}:/home/watato30/dobot_ws/install/servo_action:/home/watato30/dobot_ws/install/dobot_bringup_v3:/home/watato30/dobot_ws/install/dobot_moveit:/home/watato30/dobot_ws/install/dobot_demo:/opt/ros/humble /usr/bin/cmake --install /home/watato30/dobot_ws/build/cra_description
[1.338s] -- Install configuration: ""
[1.339s] -- Up-to-date: /home/watato30/dobot_ws/install/cra_description/share/ament_index/resource_index/package_run_dependencies/cra_description
[1.340s] -- Up-to-date: /home/watato30/dobot_ws/install/cra_description/share/ament_index/resource_index/parent_prefix_path/cra_description
[1.341s] -- Up-to-date: /home/watato30/dobot_ws/install/cra_description/share/cra_description/environment/ament_prefix_path.sh
[1.342s] -- Up-to-date: /home/watato30/dobot_ws/install/cra_description/share/cra_description/environment/ament_prefix_path.dsv
[1.343s] -- Up-to-date: /home/watato30/dobot_ws/install/cra_description/share/cra_description/environment/path.sh
[1.343s] -- Up-to-date: /home/watato30/dobot_ws/install/cra_description/share/cra_description/environment/path.dsv
[1.344s] -- Up-to-date: /home/watato30/dobot_ws/install/cra_description/share/cra_description/local_setup.bash
[1.345s] -- Up-to-date: /home/watato30/dobot_ws/install/cra_description/share/cra_description/local_setup.sh
[1.345s] -- Up-to-date: /home/watato30/dobot_ws/install/cra_description/share/cra_description/local_setup.zsh
[1.345s] -- Up-to-date: /home/watato30/dobot_ws/install/cra_description/share/cra_description/local_setup.dsv
[1.345s] -- Installing: /home/watato30/dobot_ws/install/cra_description/share/cra_description/package.dsv
[1.346s] -- Up-to-date: /home/watato30/dobot_ws/install/cra_description/share/ament_index/resource_index/packages/cra_description
[1.347s] -- Up-to-date: /home/watato30/dobot_ws/install/cra_description/share/cra_description/cmake/cra_descriptionConfig.cmake
[1.347s] -- Up-to-date: /home/watato30/dobot_ws/install/cra_description/share/cra_description/cmake/cra_descriptionConfig-version.cmake
[1.347s] -- Up-to-date: /home/watato30/dobot_ws/install/cra_description/share/cra_description/package.xml
[1.347s] -- Up-to-date: /home/watato30/dobot_ws/install/cra_description/share/cra_description/urdf
[1.347s] -- Up-to-date: /home/watato30/dobot_ws/install/cra_description/share/cra_description/urdf/nova5_robot.xacro
[1.347s] -- Up-to-date: /home/watato30/dobot_ws/install/cra_description/share/cra_description/urdf/cr3_robot.xacro
[1.347s] -- Up-to-date: /home/watato30/dobot_ws/install/cra_description/share/cra_description/urdf/cr10_robot.xacro
[1.348s] -- Up-to-date: /home/watato30/dobot_ws/install/cra_description/share/cra_description/urdf/cr12_robot.xacro
[1.348s] -- Up-to-date: /home/watato30/dobot_ws/install/cra_description/share/cra_description/urdf/cr16_robot.xacro
[1.348s] -- Up-to-date: /home/watato30/dobot_ws/install/cra_description/share/cra_description/urdf/cr5_robot.xacro
[1.348s] -- Up-to-date: /home/watato30/dobot_ws/install/cra_description/share/cra_description/urdf/cr7_robot.xacro
[1.348s] -- Up-to-date: /home/watato30/dobot_ws/install/cra_description/share/cra_description/urdf/nova2_robot.xacro
[1.348s] -- Up-to-date: /home/watato30/dobot_ws/install/cra_description/share/cra_description/meshes
[1.348s] -- Up-to-date: /home/watato30/dobot_ws/install/cra_description/share/cra_description/meshes/nova5
[1.348s] -- Up-to-date: /home/watato30/dobot_ws/install/cra_description/share/cra_description/meshes/nova5/Link2.STL
[1.348s] -- Up-to-date: /home/watato30/dobot_ws/install/cra_description/share/cra_description/meshes/nova5/Link6.STL
[1.349s] -- Up-to-date: /home/watato30/dobot_ws/install/cra_description/share/cra_description/meshes/nova5/Link4.STL
[1.349s] -- Up-to-date: /home/watato30/dobot_ws/install/cra_description/share/cra_description/meshes/nova5/Link5.STL
[1.349s] -- Up-to-date: /home/watato30/dobot_ws/install/cra_description/share/cra_description/meshes/nova5/base_link.STL
[1.349s] -- Up-to-date: /home/watato30/dobot_ws/install/cra_description/share/cra_description/meshes/nova5/Link3.STL
[1.349s] -- Up-to-date: /home/watato30/dobot_ws/install/cra_description/share/cra_description/meshes/nova5/Link1.STL
[1.349s] -- Up-to-date: /home/watato30/dobot_ws/install/cra_description/share/cra_description/meshes/nova2
[1.349s] -- Up-to-date: /home/watato30/dobot_ws/install/cra_description/share/cra_description/meshes/nova2/Link2.STL
[1.349s] -- Up-to-date: /home/watato30/dobot_ws/install/cra_description/share/cra_description/meshes/nova2/Link6.STL
[1.349s] -- Up-to-date: /home/watato30/dobot_ws/install/cra_description/share/cra_description/meshes/nova2/Link4.STL
[1.350s] -- Up-to-date: /home/watato30/dobot_ws/install/cra_description/share/cra_description/meshes/nova2/Link5.STL
[1.350s] -- Up-to-date: /home/watato30/dobot_ws/install/cra_description/share/cra_description/meshes/nova2/base_link.STL
[1.350s] -- Up-to-date: /home/watato30/dobot_ws/install/cra_description/share/cra_description/meshes/nova2/Link3.STL
[1.350s] -- Up-to-date: /home/watato30/dobot_ws/install/cra_description/share/cra_description/meshes/nova2/Link1.STL
[1.350s] -- Up-to-date: /home/watato30/dobot_ws/install/cra_description/share/cra_description/meshes/cr5
[1.350s] -- Up-to-date: /home/watato30/dobot_ws/install/cra_description/share/cra_description/meshes/cr5/base_link.dae
[1.350s] -- Up-to-date: /home/watato30/dobot_ws/install/cra_description/share/cra_description/meshes/cr5/Link5.dae
[1.350s] -- Up-to-date: /home/watato30/dobot_ws/install/cra_description/share/cra_description/meshes/cr5/Link1.dae
[1.350s] -- Up-to-date: /home/watato30/dobot_ws/install/cra_description/share/cra_description/meshes/cr5/Link4.dae
[1.351s] -- Up-to-date: /home/watato30/dobot_ws/install/cra_description/share/cra_description/meshes/cr5/Link2.dae
[1.351s] -- Up-to-date: /home/watato30/dobot_ws/install/cra_description/share/cra_description/meshes/cr5/Link3.dae
[1.351s] -- Up-to-date: /home/watato30/dobot_ws/install/cra_description/share/cra_description/meshes/cr5/Link6.dae
[1.351s] -- Up-to-date: /home/watato30/dobot_ws/install/cra_description/share/cra_description/meshes/cr12
[1.351s] -- Up-to-date: /home/watato30/dobot_ws/install/cra_description/share/cra_description/meshes/cr12/J6.STL
[1.351s] -- Up-to-date: /home/watato30/dobot_ws/install/cra_description/share/cra_description/meshes/cr12/base_link0.STL
[1.351s] -- Up-to-date: /home/watato30/dobot_ws/install/cra_description/share/cra_description/meshes/cr12/J1.STL
[1.351s] -- Up-to-date: /home/watato30/dobot_ws/install/cra_description/share/cra_description/meshes/cr12/J2.STL
[1.351s] -- Up-to-date: /home/watato30/dobot_ws/install/cra_description/share/cra_description/meshes/cr12/J5.STL
[1.352s] -- Up-to-date: /home/watato30/dobot_ws/install/cra_description/share/cra_description/meshes/cr12/J3.STL
[1.352s] -- Up-to-date: /home/watato30/dobot_ws/install/cra_description/share/cra_description/meshes/cr12/J4.STL
[1.352s] -- Up-to-date: /home/watato30/dobot_ws/install/cra_description/share/cra_description/meshes/cr3
[1.352s] -- Up-to-date: /home/watato30/dobot_ws/install/cra_description/share/cra_description/meshes/cr3/Link2.STL
[1.352s] -- Up-to-date: /home/watato30/dobot_ws/install/cra_description/share/cra_description/meshes/cr3/Link6.STL
[1.352s] -- Up-to-date: /home/watato30/dobot_ws/install/cra_description/share/cra_description/meshes/cr3/Link4.STL
[1.352s] -- Up-to-date: /home/watato30/dobot_ws/install/cra_description/share/cra_description/meshes/cr3/Link5.STL
[1.352s] -- Up-to-date: /home/watato30/dobot_ws/install/cra_description/share/cra_description/meshes/cr3/base_link.STL
[1.352s] -- Up-to-date: /home/watato30/dobot_ws/install/cra_description/share/cra_description/meshes/cr3/Link3.STL
[1.353s] -- Up-to-date: /home/watato30/dobot_ws/install/cra_description/share/cra_description/meshes/cr3/Link1.STL
[1.353s] -- Up-to-date: /home/watato30/dobot_ws/install/cra_description/share/cra_description/meshes/cr10
[1.353s] -- Up-to-date: /home/watato30/dobot_ws/install/cra_description/share/cra_description/meshes/cr10/Link2.STL
[1.353s] -- Up-to-date: /home/watato30/dobot_ws/install/cra_description/share/cra_description/meshes/cr10/Link6.STL
[1.353s] -- Up-to-date: /home/watato30/dobot_ws/install/cra_description/share/cra_description/meshes/cr10/Link4.STL
[1.353s] -- Up-to-date: /home/watato30/dobot_ws/install/cra_description/share/cra_description/meshes/cr10/Link5.STL
[1.353s] -- Up-to-date: /home/watato30/dobot_ws/install/cra_description/share/cra_description/meshes/cr10/base_link.STL
[1.354s] -- Up-to-date: /home/watato30/dobot_ws/install/cra_description/share/cra_description/meshes/cr10/Link3.STL
[1.354s] -- Up-to-date: /home/watato30/dobot_ws/install/cra_description/share/cra_description/meshes/cr10/Link1.STL
[1.354s] -- Up-to-date: /home/watato30/dobot_ws/install/cra_description/share/cra_description/meshes/cr7
[1.354s] -- Up-to-date: /home/watato30/dobot_ws/install/cra_description/share/cra_description/meshes/cr7/J6.STL
[1.354s] -- Up-to-date: /home/watato30/dobot_ws/install/cra_description/share/cra_description/meshes/cr7/base_link0.STL
[1.354s] -- Up-to-date: /home/watato30/dobot_ws/install/cra_description/share/cra_description/meshes/cr7/J1.STL
[1.354s] -- Up-to-date: /home/watato30/dobot_ws/install/cra_description/share/cra_description/meshes/cr7/J2.STL
[1.354s] -- Up-to-date: /home/watato30/dobot_ws/install/cra_description/share/cra_description/meshes/cr7/J5.STL
[1.354s] -- Up-to-date: /home/watato30/dobot_ws/install/cra_description/share/cra_description/meshes/cr7/J3.STL
[1.355s] -- Up-to-date: /home/watato30/dobot_ws/install/cra_description/share/cra_description/meshes/cr7/J4.STL
[1.355s] -- Up-to-date: /home/watato30/dobot_ws/install/cra_description/share/cra_description/meshes/cr16
[1.355s] -- Up-to-date: /home/watato30/dobot_ws/install/cra_description/share/cra_description/meshes/cr16/Link2.STL
[1.355s] -- Up-to-date: /home/watato30/dobot_ws/install/cra_description/share/cra_description/meshes/cr16/Link6.STL
[1.355s] -- Up-to-date: /home/watato30/dobot_ws/install/cra_description/share/cra_description/meshes/cr16/Link4.STL
[1.355s] -- Up-to-date: /home/watato30/dobot_ws/install/cra_description/share/cra_description/meshes/cr16/Link5.STL
[1.355s] -- Up-to-date: /home/watato30/dobot_ws/install/cra_description/share/cra_description/meshes/cr16/base_link.STL
[1.355s] -- Up-to-date: /home/watato30/dobot_ws/install/cra_description/share/cra_description/meshes/cr16/Link3.STL
[1.355s] -- Up-to-date: /home/watato30/dobot_ws/install/cra_description/share/cra_description/meshes/cr16/Link1.STL
[1.382s] Invoked command in '/home/watato30/dobot_ws/build/cra_description' returned '0': CMAKE_PREFIX_PATH=${CMAKE_PREFIX_PATH}:/home/watato30/dobot_ws/install/servo_action:/home/watato30/dobot_ws/install/dobot_bringup_v3:/home/watato30/dobot_ws/install/dobot_moveit:/home/watato30/dobot_ws/install/dobot_demo:/opt/ros/humble /usr/bin/cmake --install /home/watato30/dobot_ws/build/cra_description
