[0.070s] Invoking command in '/home/watato30/dobot_ws/build/cr5_moveit': CMAKE_PREFIX_PATH=/home/watato30/dobot_ws/install/dobot_rviz:/home/watato30/dobot_ws/install/nova5_moveit:/home/watato30/dobot_ws/install/nova2_moveit:/home/watato30/dobot_ws/install/cr7_moveit:/home/watato30/dobot_ws/install/cr5_moveit:/home/watato30/dobot_ws/install/cr3_moveit:/home/watato30/dobot_ws/install/cr16_moveit:/home/watato30/dobot_ws/install/cr12_moveit:/home/watato30/dobot_ws/install/cr10_moveit:/home/watato30/dobot_ws/install/dobot_msgs_v3:/home/watato30/dobot_ws/install/dobot_gazebo:/home/watato30/dobot_ws/install/cra_description:/home/watato30/dobot_ws/install/servo_action:/home/watato30/dobot_ws/install/dobot_bringup_v3:/home/watato30/dobot_ws/install/dobot_moveit:/home/watato30/dobot_ws/install/dobot_demo:/opt/ros/humble /usr/bin/cmake --build /home/watato30/dobot_ws/build/cr5_moveit -- -j8 -l8
[0.100s] -- Found ament_cmake: 1.3.12 (/opt/ros/humble/share/ament_cmake/cmake)
[0.400s] -- Configuring done
[0.403s] -- Generating done
[0.411s] -- Build files have been written to: /home/watato30/dobot_ws/build/cr5_moveit
[0.437s] Invoked command in '/home/watato30/dobot_ws/build/cr5_moveit' returned '0': CMAKE_PREFIX_PATH=/home/watato30/dobot_ws/install/dobot_rviz:/home/watato30/dobot_ws/install/nova5_moveit:/home/watato30/dobot_ws/install/nova2_moveit:/home/watato30/dobot_ws/install/cr7_moveit:/home/watato30/dobot_ws/install/cr5_moveit:/home/watato30/dobot_ws/install/cr3_moveit:/home/watato30/dobot_ws/install/cr16_moveit:/home/watato30/dobot_ws/install/cr12_moveit:/home/watato30/dobot_ws/install/cr10_moveit:/home/watato30/dobot_ws/install/dobot_msgs_v3:/home/watato30/dobot_ws/install/dobot_gazebo:/home/watato30/dobot_ws/install/cra_description:/home/watato30/dobot_ws/install/servo_action:/home/watato30/dobot_ws/install/dobot_bringup_v3:/home/watato30/dobot_ws/install/dobot_moveit:/home/watato30/dobot_ws/install/dobot_demo:/opt/ros/humble /usr/bin/cmake --build /home/watato30/dobot_ws/build/cr5_moveit -- -j8 -l8
[0.439s] Invoking command in '/home/watato30/dobot_ws/build/cr5_moveit': CMAKE_PREFIX_PATH=/home/watato30/dobot_ws/install/dobot_rviz:/home/watato30/dobot_ws/install/nova5_moveit:/home/watato30/dobot_ws/install/nova2_moveit:/home/watato30/dobot_ws/install/cr7_moveit:/home/watato30/dobot_ws/install/cr5_moveit:/home/watato30/dobot_ws/install/cr3_moveit:/home/watato30/dobot_ws/install/cr16_moveit:/home/watato30/dobot_ws/install/cr12_moveit:/home/watato30/dobot_ws/install/cr10_moveit:/home/watato30/dobot_ws/install/dobot_msgs_v3:/home/watato30/dobot_ws/install/dobot_gazebo:/home/watato30/dobot_ws/install/cra_description:/home/watato30/dobot_ws/install/servo_action:/home/watato30/dobot_ws/install/dobot_bringup_v3:/home/watato30/dobot_ws/install/dobot_moveit:/home/watato30/dobot_ws/install/dobot_demo:/opt/ros/humble /usr/bin/cmake --install /home/watato30/dobot_ws/build/cr5_moveit
[0.449s] -- Install configuration: ""
[0.450s] -- Up-to-date: /home/watato30/dobot_ws/install/cr5_moveit/share/ament_index/resource_index/package_run_dependencies/cr5_moveit
[0.450s] -- Installing: /home/watato30/dobot_ws/install/cr5_moveit/share/ament_index/resource_index/parent_prefix_path/cr5_moveit
[0.451s] -- Installing: /home/watato30/dobot_ws/install/cr5_moveit/share/cr5_moveit/environment/ament_prefix_path.sh
[0.451s] -- Installing: /home/watato30/dobot_ws/install/cr5_moveit/share/cr5_moveit/environment/ament_prefix_path.dsv
[0.451s] -- Installing: /home/watato30/dobot_ws/install/cr5_moveit/share/cr5_moveit/environment/path.sh
[0.452s] -- Installing: /home/watato30/dobot_ws/install/cr5_moveit/share/cr5_moveit/environment/path.dsv
[0.452s] -- Up-to-date: /home/watato30/dobot_ws/install/cr5_moveit/share/cr5_moveit/local_setup.bash
[0.452s] -- Up-to-date: /home/watato30/dobot_ws/install/cr5_moveit/share/cr5_moveit/local_setup.sh
[0.452s] -- Up-to-date: /home/watato30/dobot_ws/install/cr5_moveit/share/cr5_moveit/local_setup.zsh
[0.452s] -- Installing: /home/watato30/dobot_ws/install/cr5_moveit/share/cr5_moveit/local_setup.dsv
[0.453s] -- Installing: /home/watato30/dobot_ws/install/cr5_moveit/share/cr5_moveit/package.dsv
[0.453s] -- Up-to-date: /home/watato30/dobot_ws/install/cr5_moveit/share/ament_index/resource_index/packages/cr5_moveit
[0.453s] -- Up-to-date: /home/watato30/dobot_ws/install/cr5_moveit/share/cr5_moveit/cmake/cr5_moveitConfig.cmake
[0.453s] -- Up-to-date: /home/watato30/dobot_ws/install/cr5_moveit/share/cr5_moveit/cmake/cr5_moveitConfig-version.cmake
[0.453s] -- Up-to-date: /home/watato30/dobot_ws/install/cr5_moveit/share/cr5_moveit/package.xml
[0.453s] -- Up-to-date: /home/watato30/dobot_ws/install/cr5_moveit/share/cr5_moveit/launch
[0.453s] -- Up-to-date: /home/watato30/dobot_ws/install/cr5_moveit/share/cr5_moveit/launch/setup_assistant.launch.py
[0.453s] -- Up-to-date: /home/watato30/dobot_ws/install/cr5_moveit/share/cr5_moveit/launch/static_virtual_joint_tfs.launch.py
[0.453s] -- Up-to-date: /home/watato30/dobot_ws/install/cr5_moveit/share/cr5_moveit/launch/warehouse_db.launch.py
[0.453s] -- Up-to-date: /home/watato30/dobot_ws/install/cr5_moveit/share/cr5_moveit/launch/rsp.launch.py
[0.454s] -- Up-to-date: /home/watato30/dobot_ws/install/cr5_moveit/share/cr5_moveit/launch/moveit_gazebo.launch.py
[0.454s] -- Up-to-date: /home/watato30/dobot_ws/install/cr5_moveit/share/cr5_moveit/launch/spawn_controllers.launch.py
[0.454s] -- Up-to-date: /home/watato30/dobot_ws/install/cr5_moveit/share/cr5_moveit/launch/moveit_rviz.launch.py
[0.454s] -- Up-to-date: /home/watato30/dobot_ws/install/cr5_moveit/share/cr5_moveit/launch/move_group.launch.py
[0.454s] -- Up-to-date: /home/watato30/dobot_ws/install/cr5_moveit/share/cr5_moveit/launch/demo.launch.py
[0.454s] -- Up-to-date: /home/watato30/dobot_ws/install/cr5_moveit/share/cr5_moveit/config
[0.454s] -- Up-to-date: /home/watato30/dobot_ws/install/cr5_moveit/share/cr5_moveit/config/pilz_cartesian_limits.yaml
[0.454s] -- Up-to-date: /home/watato30/dobot_ws/install/cr5_moveit/share/cr5_moveit/config/moveit.rviz
[0.454s] -- Up-to-date: /home/watato30/dobot_ws/install/cr5_moveit/share/cr5_moveit/config/cr5_robot.ros2_control.xacro
[0.454s] -- Up-to-date: /home/watato30/dobot_ws/install/cr5_moveit/share/cr5_moveit/config/initial_positions.yaml
[0.454s] -- Up-to-date: /home/watato30/dobot_ws/install/cr5_moveit/share/cr5_moveit/config/joint_limits.yaml
[0.455s] -- Up-to-date: /home/watato30/dobot_ws/install/cr5_moveit/share/cr5_moveit/config/kinematics.yaml
[0.455s] -- Up-to-date: /home/watato30/dobot_ws/install/cr5_moveit/share/cr5_moveit/config/moveit_controllers.yaml
[0.455s] -- Up-to-date: /home/watato30/dobot_ws/install/cr5_moveit/share/cr5_moveit/config/ros2_controllers.yaml
[0.455s] -- Up-to-date: /home/watato30/dobot_ws/install/cr5_moveit/share/cr5_moveit/config/cr5_robot.urdf.xacro
[0.455s] -- Up-to-date: /home/watato30/dobot_ws/install/cr5_moveit/share/cr5_moveit/config/cr5_robot.srdf
[0.455s] -- Up-to-date: /home/watato30/dobot_ws/install/cr5_moveit/share/cr5_moveit/.setup_assistant
[0.471s] Invoked command in '/home/watato30/dobot_ws/build/cr5_moveit' returned '0': CMAKE_PREFIX_PATH=/home/watato30/dobot_ws/install/dobot_rviz:/home/watato30/dobot_ws/install/nova5_moveit:/home/watato30/dobot_ws/install/nova2_moveit:/home/watato30/dobot_ws/install/cr7_moveit:/home/watato30/dobot_ws/install/cr5_moveit:/home/watato30/dobot_ws/install/cr3_moveit:/home/watato30/dobot_ws/install/cr16_moveit:/home/watato30/dobot_ws/install/cr12_moveit:/home/watato30/dobot_ws/install/cr10_moveit:/home/watato30/dobot_ws/install/dobot_msgs_v3:/home/watato30/dobot_ws/install/dobot_gazebo:/home/watato30/dobot_ws/install/cra_description:/home/watato30/dobot_ws/install/servo_action:/home/watato30/dobot_ws/install/dobot_bringup_v3:/home/watato30/dobot_ws/install/dobot_moveit:/home/watato30/dobot_ws/install/dobot_demo:/opt/ros/humble /usr/bin/cmake --install /home/watato30/dobot_ws/build/cr5_moveit
