[0.029s] Invoking command in '/home/watato30/dobot_ws/build/cr10_moveit': AMENT_PREFIX_PATH=/home/watato30/dobot_ws/install/dobot_rviz:${AMENT_PREFIX_PATH} CMAKE_PREFIX_PATH=/home/watato30/dobot_ws/install/dobot_rviz:/opt/ros/humble /usr/bin/cmake /home/watato30/dobot_ws/src/DOBOT_6Axis_ROS2_V3_Custom/cr10_moveit -DCMAKE_INSTALL_PREFIX=/home/watato30/dobot_ws/install/cr10_moveit
[0.126s] -- The C compiler identification is GNU 11.4.0
[0.235s] -- The CXX compiler identification is GNU 11.4.0
[0.249s] -- Detecting C compiler ABI info
[0.383s] -- Detecting C compiler ABI info - done
[0.402s] -- Check for working C compiler: /usr/bin/cc - skipped
[0.402s] -- Detecting C compile features
[0.402s] -- Detecting C compile features - done
[0.408s] -- Detecting CXX compiler ABI info
[0.535s] -- Detecting CXX compiler ABI info - done
[0.550s] -- Check for working CXX compiler: /usr/bin/c++ - skipped
[0.551s] -- Detecting CXX compile features
[0.551s] -- Detecting CXX compile features - done
[0.554s] -- Found ament_cmake: 1.3.11 (/opt/ros/humble/share/ament_cmake/cmake)
[0.865s] -- Found Python3: /usr/bin/python3 (found version "3.10.12") found components: Interpreter 
[1.122s] -- Configuring done
[1.129s] -- Generating done
[1.129s] -- Build files have been written to: /home/watato30/dobot_ws/build/cr10_moveit
[1.147s] Invoked command in '/home/watato30/dobot_ws/build/cr10_moveit' returned '0': AMENT_PREFIX_PATH=/home/watato30/dobot_ws/install/dobot_rviz:${AMENT_PREFIX_PATH} CMAKE_PREFIX_PATH=/home/watato30/dobot_ws/install/dobot_rviz:/opt/ros/humble /usr/bin/cmake /home/watato30/dobot_ws/src/DOBOT_6Axis_ROS2_V3_Custom/cr10_moveit -DCMAKE_INSTALL_PREFIX=/home/watato30/dobot_ws/install/cr10_moveit
[1.148s] Invoking command in '/home/watato30/dobot_ws/build/cr10_moveit': AMENT_PREFIX_PATH=/home/watato30/dobot_ws/install/dobot_rviz:${AMENT_PREFIX_PATH} CMAKE_PREFIX_PATH=/home/watato30/dobot_ws/install/dobot_rviz:/opt/ros/humble /usr/bin/cmake --build /home/watato30/dobot_ws/build/cr10_moveit -- -j8 -l8
[1.220s] Invoked command in '/home/watato30/dobot_ws/build/cr10_moveit' returned '0': AMENT_PREFIX_PATH=/home/watato30/dobot_ws/install/dobot_rviz:${AMENT_PREFIX_PATH} CMAKE_PREFIX_PATH=/home/watato30/dobot_ws/install/dobot_rviz:/opt/ros/humble /usr/bin/cmake --build /home/watato30/dobot_ws/build/cr10_moveit -- -j8 -l8
[1.223s] Invoking command in '/home/watato30/dobot_ws/build/cr10_moveit': AMENT_PREFIX_PATH=/home/watato30/dobot_ws/install/dobot_rviz:${AMENT_PREFIX_PATH} CMAKE_PREFIX_PATH=/home/watato30/dobot_ws/install/dobot_rviz:/opt/ros/humble /usr/bin/cmake --install /home/watato30/dobot_ws/build/cr10_moveit
[1.245s] -- Install configuration: ""
[1.245s] -- Installing: /home/watato30/dobot_ws/install/cr10_moveit/share/ament_index/resource_index/package_run_dependencies/cr10_moveit
[1.245s] -- Installing: /home/watato30/dobot_ws/install/cr10_moveit/share/ament_index/resource_index/parent_prefix_path/cr10_moveit
[1.245s] -- Installing: /home/watato30/dobot_ws/install/cr10_moveit/share/cr10_moveit/environment/ament_prefix_path.sh
[1.246s] -- Installing: /home/watato30/dobot_ws/install/cr10_moveit/share/cr10_moveit/environment/ament_prefix_path.dsv
[1.247s] -- Installing: /home/watato30/dobot_ws/install/cr10_moveit/share/cr10_moveit/environment/path.sh
[1.247s] -- Installing: /home/watato30/dobot_ws/install/cr10_moveit/share/cr10_moveit/environment/path.dsv
[1.248s] -- Installing: /home/watato30/dobot_ws/install/cr10_moveit/share/cr10_moveit/local_setup.bash
[1.248s] -- Installing: /home/watato30/dobot_ws/install/cr10_moveit/share/cr10_moveit/local_setup.sh
[1.248s] -- Installing: /home/watato30/dobot_ws/install/cr10_moveit/share/cr10_moveit/local_setup.zsh
[1.248s] -- Installing: /home/watato30/dobot_ws/install/cr10_moveit/share/cr10_moveit/local_setup.dsv
[1.250s] -- Installing: /home/watato30/dobot_ws/install/cr10_moveit/share/cr10_moveit/package.dsv
[1.250s] -- Installing: /home/watato30/dobot_ws/install/cr10_moveit/share/ament_index/resource_index/packages/cr10_moveit
[1.252s] -- Installing: /home/watato30/dobot_ws/install/cr10_moveit/share/cr10_moveit/cmake/cr10_moveitConfig.cmake
[1.252s] -- Installing: /home/watato30/dobot_ws/install/cr10_moveit/share/cr10_moveit/cmake/cr10_moveitConfig-version.cmake
[1.253s] -- Installing: /home/watato30/dobot_ws/install/cr10_moveit/share/cr10_moveit/package.xml
[1.253s] -- Installing: /home/watato30/dobot_ws/install/cr10_moveit/share/cr10_moveit/launch
[1.253s] -- Installing: /home/watato30/dobot_ws/install/cr10_moveit/share/cr10_moveit/launch/setup_assistant.launch.py
[1.254s] -- Installing: /home/watato30/dobot_ws/install/cr10_moveit/share/cr10_moveit/launch/static_virtual_joint_tfs.launch.py
[1.254s] -- Installing: /home/watato30/dobot_ws/install/cr10_moveit/share/cr10_moveit/launch/warehouse_db.launch.py
[1.254s] -- Installing: /home/watato30/dobot_ws/install/cr10_moveit/share/cr10_moveit/launch/rsp.launch.py
[1.254s] -- Installing: /home/watato30/dobot_ws/install/cr10_moveit/share/cr10_moveit/launch/moveit_gazebo.launch.py
[1.255s] -- Installing: /home/watato30/dobot_ws/install/cr10_moveit/share/cr10_moveit/launch/spawn_controllers.launch.py
[1.255s] -- Installing: /home/watato30/dobot_ws/install/cr10_moveit/share/cr10_moveit/launch/moveit_rviz.launch.py
[1.256s] -- Installing: /home/watato30/dobot_ws/install/cr10_moveit/share/cr10_moveit/launch/move_group.launch.py
[1.256s] -- Installing: /home/watato30/dobot_ws/install/cr10_moveit/share/cr10_moveit/launch/demo.launch.py
[1.256s] -- Installing: /home/watato30/dobot_ws/install/cr10_moveit/share/cr10_moveit/config
[1.257s] -- Installing: /home/watato30/dobot_ws/install/cr10_moveit/share/cr10_moveit/config/cr10_robot.srdf
[1.257s] -- Installing: /home/watato30/dobot_ws/install/cr10_moveit/share/cr10_moveit/config/pilz_cartesian_limits.yaml
[1.258s] -- Installing: /home/watato30/dobot_ws/install/cr10_moveit/share/cr10_moveit/config/moveit.rviz
[1.258s] -- Installing: /home/watato30/dobot_ws/install/cr10_moveit/share/cr10_moveit/config/initial_positions.yaml
[1.258s] -- Installing: /home/watato30/dobot_ws/install/cr10_moveit/share/cr10_moveit/config/joint_limits.yaml
[1.258s] -- Installing: /home/watato30/dobot_ws/install/cr10_moveit/share/cr10_moveit/config/kinematics.yaml
[1.258s] -- Installing: /home/watato30/dobot_ws/install/cr10_moveit/share/cr10_moveit/config/moveit_controllers.yaml
[1.259s] -- Installing: /home/watato30/dobot_ws/install/cr10_moveit/share/cr10_moveit/config/ros2_controllers.yaml
[1.259s] -- Installing: /home/watato30/dobot_ws/install/cr10_moveit/share/cr10_moveit/config/cr10_robot.ros2_control.xacro
[1.259s] -- Installing: /home/watato30/dobot_ws/install/cr10_moveit/share/cr10_moveit/config/cr10_robot.urdf.xacro
[1.259s] -- Installing: /home/watato30/dobot_ws/install/cr10_moveit/share/cr10_moveit/.setup_assistant
[1.284s] Invoked command in '/home/watato30/dobot_ws/build/cr10_moveit' returned '0': AMENT_PREFIX_PATH=/home/watato30/dobot_ws/install/dobot_rviz:${AMENT_PREFIX_PATH} CMAKE_PREFIX_PATH=/home/watato30/dobot_ws/install/dobot_rviz:/opt/ros/humble /usr/bin/cmake --install /home/watato30/dobot_ws/build/cr10_moveit
