[0.112s] Invoking command in '/home/watato30/dobot_ws/build/cr7_moveit': CMAKE_PREFIX_PATH=/home/watato30/dobot_ws/install/dobot_rviz:/home/watato30/dobot_ws/install/nova5_moveit:/home/watato30/dobot_ws/install/nova2_moveit:/home/watato30/dobot_ws/install/cr7_moveit:/home/watato30/dobot_ws/install/cr5_moveit:/home/watato30/dobot_ws/install/cr3_moveit:/home/watato30/dobot_ws/install/cr16_moveit:/home/watato30/dobot_ws/install/cr12_moveit:/home/watato30/dobot_ws/install/cr10_moveit:/home/watato30/dobot_ws/install/dobot_msgs_v3:/home/watato30/dobot_ws/install/dobot_gazebo:/home/watato30/dobot_ws/install/cra_description:/home/watato30/dobot_ws/install/servo_action:/home/watato30/dobot_ws/install/dobot_bringup_v3:/home/watato30/dobot_ws/install/dobot_moveit:/home/watato30/dobot_ws/install/dobot_demo:/opt/ros/humble /usr/bin/cmake --build /home/watato30/dobot_ws/build/cr7_moveit -- -j8 -l8
[0.549s] Invoked command in '/home/watato30/dobot_ws/build/cr7_moveit' returned '0': CMAKE_PREFIX_PATH=/home/watato30/dobot_ws/install/dobot_rviz:/home/watato30/dobot_ws/install/nova5_moveit:/home/watato30/dobot_ws/install/nova2_moveit:/home/watato30/dobot_ws/install/cr7_moveit:/home/watato30/dobot_ws/install/cr5_moveit:/home/watato30/dobot_ws/install/cr3_moveit:/home/watato30/dobot_ws/install/cr16_moveit:/home/watato30/dobot_ws/install/cr12_moveit:/home/watato30/dobot_ws/install/cr10_moveit:/home/watato30/dobot_ws/install/dobot_msgs_v3:/home/watato30/dobot_ws/install/dobot_gazebo:/home/watato30/dobot_ws/install/cra_description:/home/watato30/dobot_ws/install/servo_action:/home/watato30/dobot_ws/install/dobot_bringup_v3:/home/watato30/dobot_ws/install/dobot_moveit:/home/watato30/dobot_ws/install/dobot_demo:/opt/ros/humble /usr/bin/cmake --build /home/watato30/dobot_ws/build/cr7_moveit -- -j8 -l8
[0.551s] Invoking command in '/home/watato30/dobot_ws/build/cr7_moveit': CMAKE_PREFIX_PATH=/home/watato30/dobot_ws/install/dobot_rviz:/home/watato30/dobot_ws/install/nova5_moveit:/home/watato30/dobot_ws/install/nova2_moveit:/home/watato30/dobot_ws/install/cr7_moveit:/home/watato30/dobot_ws/install/cr5_moveit:/home/watato30/dobot_ws/install/cr3_moveit:/home/watato30/dobot_ws/install/cr16_moveit:/home/watato30/dobot_ws/install/cr12_moveit:/home/watato30/dobot_ws/install/cr10_moveit:/home/watato30/dobot_ws/install/dobot_msgs_v3:/home/watato30/dobot_ws/install/dobot_gazebo:/home/watato30/dobot_ws/install/cra_description:/home/watato30/dobot_ws/install/servo_action:/home/watato30/dobot_ws/install/dobot_bringup_v3:/home/watato30/dobot_ws/install/dobot_moveit:/home/watato30/dobot_ws/install/dobot_demo:/opt/ros/humble /usr/bin/cmake --install /home/watato30/dobot_ws/build/cr7_moveit
[0.570s] -- Install configuration: ""
[0.570s] -- Up-to-date: /home/watato30/dobot_ws/install/cr7_moveit/share/ament_index/resource_index/package_run_dependencies/cr7_moveit
[0.571s] -- Up-to-date: /home/watato30/dobot_ws/install/cr7_moveit/share/ament_index/resource_index/parent_prefix_path/cr7_moveit
[0.572s] -- Up-to-date: /home/watato30/dobot_ws/install/cr7_moveit/share/cr7_moveit/environment/ament_prefix_path.sh
[0.573s] -- Up-to-date: /home/watato30/dobot_ws/install/cr7_moveit/share/cr7_moveit/environment/ament_prefix_path.dsv
[0.573s] -- Up-to-date: /home/watato30/dobot_ws/install/cr7_moveit/share/cr7_moveit/environment/path.sh
[0.573s] -- Up-to-date: /home/watato30/dobot_ws/install/cr7_moveit/share/cr7_moveit/environment/path.dsv
[0.573s] -- Up-to-date: /home/watato30/dobot_ws/install/cr7_moveit/share/cr7_moveit/local_setup.bash
[0.573s] -- Up-to-date: /home/watato30/dobot_ws/install/cr7_moveit/share/cr7_moveit/local_setup.sh
[0.574s] -- Up-to-date: /home/watato30/dobot_ws/install/cr7_moveit/share/cr7_moveit/local_setup.zsh
[0.574s] -- Up-to-date: /home/watato30/dobot_ws/install/cr7_moveit/share/cr7_moveit/local_setup.dsv
[0.574s] -- Up-to-date: /home/watato30/dobot_ws/install/cr7_moveit/share/cr7_moveit/package.dsv
[0.574s] -- Up-to-date: /home/watato30/dobot_ws/install/cr7_moveit/share/ament_index/resource_index/packages/cr7_moveit
[0.574s] -- Up-to-date: /home/watato30/dobot_ws/install/cr7_moveit/share/cr7_moveit/cmake/cr7_moveitConfig.cmake
[0.574s] -- Up-to-date: /home/watato30/dobot_ws/install/cr7_moveit/share/cr7_moveit/cmake/cr7_moveitConfig-version.cmake
[0.575s] -- Up-to-date: /home/watato30/dobot_ws/install/cr7_moveit/share/cr7_moveit/package.xml
[0.575s] -- Up-to-date: /home/watato30/dobot_ws/install/cr7_moveit/share/cr7_moveit/launch
[0.575s] -- Up-to-date: /home/watato30/dobot_ws/install/cr7_moveit/share/cr7_moveit/launch/setup_assistant.launch.py
[0.575s] -- Up-to-date: /home/watato30/dobot_ws/install/cr7_moveit/share/cr7_moveit/launch/static_virtual_joint_tfs.launch.py
[0.579s] -- Up-to-date: /home/watato30/dobot_ws/install/cr7_moveit/share/cr7_moveit/launch/warehouse_db.launch.py
[0.579s] -- Up-to-date: /home/watato30/dobot_ws/install/cr7_moveit/share/cr7_moveit/launch/rsp.launch.py
[0.579s] -- Up-to-date: /home/watato30/dobot_ws/install/cr7_moveit/share/cr7_moveit/launch/moveit_gazebo.launch.py
[0.579s] -- Up-to-date: /home/watato30/dobot_ws/install/cr7_moveit/share/cr7_moveit/launch/spawn_controllers.launch.py
[0.579s] -- Up-to-date: /home/watato30/dobot_ws/install/cr7_moveit/share/cr7_moveit/launch/moveit_rviz.launch.py
[0.579s] -- Up-to-date: /home/watato30/dobot_ws/install/cr7_moveit/share/cr7_moveit/launch/move_group.launch.py
[0.580s] -- Up-to-date: /home/watato30/dobot_ws/install/cr7_moveit/share/cr7_moveit/launch/demo.launch.py
[0.580s] -- Up-to-date: /home/watato30/dobot_ws/install/cr7_moveit/share/cr7_moveit/config
[0.580s] -- Up-to-date: /home/watato30/dobot_ws/install/cr7_moveit/share/cr7_moveit/config/pilz_cartesian_limits.yaml
[0.580s] -- Up-to-date: /home/watato30/dobot_ws/install/cr7_moveit/share/cr7_moveit/config/moveit.rviz
[0.580s] -- Up-to-date: /home/watato30/dobot_ws/install/cr7_moveit/share/cr7_moveit/config/initial_positions.yaml
[0.580s] -- Up-to-date: /home/watato30/dobot_ws/install/cr7_moveit/share/cr7_moveit/config/cr7_robot.ros2_control.xacro
[0.581s] -- Up-to-date: /home/watato30/dobot_ws/install/cr7_moveit/share/cr7_moveit/config/cr7_robot.urdf.xacro
[0.581s] -- Up-to-date: /home/watato30/dobot_ws/install/cr7_moveit/share/cr7_moveit/config/joint_limits.yaml
[0.581s] -- Up-to-date: /home/watato30/dobot_ws/install/cr7_moveit/share/cr7_moveit/config/kinematics.yaml
[0.585s] -- Up-to-date: /home/watato30/dobot_ws/install/cr7_moveit/share/cr7_moveit/config/moveit_controllers.yaml
[0.586s] -- Up-to-date: /home/watato30/dobot_ws/install/cr7_moveit/share/cr7_moveit/config/ros2_controllers.yaml
[0.586s] -- Up-to-date: /home/watato30/dobot_ws/install/cr7_moveit/share/cr7_moveit/config/cr7_robot.srdf
[0.586s] -- Up-to-date: /home/watato30/dobot_ws/install/cr7_moveit/share/cr7_moveit/.setup_assistant
[0.596s] Invoked command in '/home/watato30/dobot_ws/build/cr7_moveit' returned '0': CMAKE_PREFIX_PATH=/home/watato30/dobot_ws/install/dobot_rviz:/home/watato30/dobot_ws/install/nova5_moveit:/home/watato30/dobot_ws/install/nova2_moveit:/home/watato30/dobot_ws/install/cr7_moveit:/home/watato30/dobot_ws/install/cr5_moveit:/home/watato30/dobot_ws/install/cr3_moveit:/home/watato30/dobot_ws/install/cr16_moveit:/home/watato30/dobot_ws/install/cr12_moveit:/home/watato30/dobot_ws/install/cr10_moveit:/home/watato30/dobot_ws/install/dobot_msgs_v3:/home/watato30/dobot_ws/install/dobot_gazebo:/home/watato30/dobot_ws/install/cra_description:/home/watato30/dobot_ws/install/servo_action:/home/watato30/dobot_ws/install/dobot_bringup_v3:/home/watato30/dobot_ws/install/dobot_moveit:/home/watato30/dobot_ws/install/dobot_demo:/opt/ros/humble /usr/bin/cmake --install /home/watato30/dobot_ws/build/cr7_moveit
