[2.337s] Invoking command in '/home/watato30/dobot_ws/src/DOBOT_6Axis_ROS2_V3_Custom/dobot_moveit': PYTHONPATH=/home/watato30/dobot_ws/build/dobot_moveit/prefix_override:/usr/lib/python3/dist-packages/colcon_core/task/python/colcon_distutils_commands:/home/watato30/dobot_ws/install/dobot_moveit/lib/python3.10/site-packages:${PYTHONPATH} /usr/bin/python3 -W ignore:setup.py install is deprecated -W ignore:easy_install command is deprecated setup.py egg_info --egg-base ../../../build/dobot_moveit build --build-base /home/watato30/dobot_ws/build/dobot_moveit/build install --record /home/watato30/dobot_ws/build/dobot_moveit/install.log --single-version-externally-managed install_data
[2.703s] running egg_info
[2.704s] writing ../../../build/dobot_moveit/dobot_moveit.egg-info/PKG-INFO
[2.704s] writing dependency_links to ../../../build/dobot_moveit/dobot_moveit.egg-info/dependency_links.txt
[2.704s] writing entry points to ../../../build/dobot_moveit/dobot_moveit.egg-info/entry_points.txt
[2.705s] writing requirements to ../../../build/dobot_moveit/dobot_moveit.egg-info/requires.txt
[2.705s] writing top-level names to ../../../build/dobot_moveit/dobot_moveit.egg-info/top_level.txt
[2.707s] reading manifest file '../../../build/dobot_moveit/dobot_moveit.egg-info/SOURCES.txt'
[2.708s] writing manifest file '../../../build/dobot_moveit/dobot_moveit.egg-info/SOURCES.txt'
[2.708s] running build
[2.708s] running build_py
[2.708s] running install
[2.709s] running install_lib
[2.711s] running install_data
[2.712s] running install_egg_info
[2.714s] removing '/home/watato30/dobot_ws/install/dobot_moveit/lib/python3.10/site-packages/dobot_moveit-0.0.0-py3.10.egg-info' (and everything under it)
[2.714s] Copying ../../../build/dobot_moveit/dobot_moveit.egg-info to /home/watato30/dobot_ws/install/dobot_moveit/lib/python3.10/site-packages/dobot_moveit-0.0.0-py3.10.egg-info
[2.715s] running install_scripts
[2.740s] writing list of installed files to '/home/watato30/dobot_ws/build/dobot_moveit/install.log'
[2.772s] Invoked command in '/home/watato30/dobot_ws/src/DOBOT_6Axis_ROS2_V3_Custom/dobot_moveit' returned '0': PYTHONPATH=/home/watato30/dobot_ws/build/dobot_moveit/prefix_override:/usr/lib/python3/dist-packages/colcon_core/task/python/colcon_distutils_commands:/home/watato30/dobot_ws/install/dobot_moveit/lib/python3.10/site-packages:${PYTHONPATH} /usr/bin/python3 -W ignore:setup.py install is deprecated -W ignore:easy_install command is deprecated setup.py egg_info --egg-base ../../../build/dobot_moveit build --build-base /home/watato30/dobot_ws/build/dobot_moveit/build install --record /home/watato30/dobot_ws/build/dobot_moveit/install.log --single-version-externally-managed install_data
