[0.020s] Invoking command in '/home/watato30/dobot_ws/build/cr3_moveit': CMAKE_PREFIX_PATH=/home/watato30/dobot_ws/install/dobot_rviz:/home/watato30/dobot_ws/install/nova5_moveit:/home/watato30/dobot_ws/install/nova2_moveit:/home/watato30/dobot_ws/install/cr7_moveit:/home/watato30/dobot_ws/install/cr5_moveit:/home/watato30/dobot_ws/install/cr3_moveit:/home/watato30/dobot_ws/install/cr16_moveit:/home/watato30/dobot_ws/install/cr12_moveit:/home/watato30/dobot_ws/install/cr10_moveit:/home/watato30/dobot_ws/install/dobot_msgs_v3:/home/watato30/dobot_ws/install/dobot_gazebo:/home/watato30/dobot_ws/install/cra_description:/home/watato30/dobot_ws/install/servo_action:/home/watato30/dobot_ws/install/dobot_bringup_v3:/home/watato30/dobot_ws/install/dobot_moveit:/home/watato30/dobot_ws/install/dobot_demo:/opt/ros/humble /usr/bin/cmake --build /home/watato30/dobot_ws/build/cr3_moveit -- -j8 -l8
[0.049s] -- Found ament_cmake: 1.3.12 (/opt/ros/humble/share/ament_cmake/cmake)
[0.339s] -- Configuring done
[0.347s] -- Generating done
[0.350s] -- Build files have been written to: /home/watato30/dobot_ws/build/cr3_moveit
[0.376s] Invoked command in '/home/watato30/dobot_ws/build/cr3_moveit' returned '0': CMAKE_PREFIX_PATH=/home/watato30/dobot_ws/install/dobot_rviz:/home/watato30/dobot_ws/install/nova5_moveit:/home/watato30/dobot_ws/install/nova2_moveit:/home/watato30/dobot_ws/install/cr7_moveit:/home/watato30/dobot_ws/install/cr5_moveit:/home/watato30/dobot_ws/install/cr3_moveit:/home/watato30/dobot_ws/install/cr16_moveit:/home/watato30/dobot_ws/install/cr12_moveit:/home/watato30/dobot_ws/install/cr10_moveit:/home/watato30/dobot_ws/install/dobot_msgs_v3:/home/watato30/dobot_ws/install/dobot_gazebo:/home/watato30/dobot_ws/install/cra_description:/home/watato30/dobot_ws/install/servo_action:/home/watato30/dobot_ws/install/dobot_bringup_v3:/home/watato30/dobot_ws/install/dobot_moveit:/home/watato30/dobot_ws/install/dobot_demo:/opt/ros/humble /usr/bin/cmake --build /home/watato30/dobot_ws/build/cr3_moveit -- -j8 -l8
[0.379s] Invoking command in '/home/watato30/dobot_ws/build/cr3_moveit': CMAKE_PREFIX_PATH=/home/watato30/dobot_ws/install/dobot_rviz:/home/watato30/dobot_ws/install/nova5_moveit:/home/watato30/dobot_ws/install/nova2_moveit:/home/watato30/dobot_ws/install/cr7_moveit:/home/watato30/dobot_ws/install/cr5_moveit:/home/watato30/dobot_ws/install/cr3_moveit:/home/watato30/dobot_ws/install/cr16_moveit:/home/watato30/dobot_ws/install/cr12_moveit:/home/watato30/dobot_ws/install/cr10_moveit:/home/watato30/dobot_ws/install/dobot_msgs_v3:/home/watato30/dobot_ws/install/dobot_gazebo:/home/watato30/dobot_ws/install/cra_description:/home/watato30/dobot_ws/install/servo_action:/home/watato30/dobot_ws/install/dobot_bringup_v3:/home/watato30/dobot_ws/install/dobot_moveit:/home/watato30/dobot_ws/install/dobot_demo:/opt/ros/humble /usr/bin/cmake --install /home/watato30/dobot_ws/build/cr3_moveit
[0.387s] -- Install configuration: ""
[0.387s] -- Up-to-date: /home/watato30/dobot_ws/install/cr3_moveit/share/ament_index/resource_index/package_run_dependencies/cr3_moveit
[0.387s] -- Installing: /home/watato30/dobot_ws/install/cr3_moveit/share/ament_index/resource_index/parent_prefix_path/cr3_moveit
[0.387s] -- Installing: /home/watato30/dobot_ws/install/cr3_moveit/share/cr3_moveit/environment/ament_prefix_path.sh
[0.388s] -- Installing: /home/watato30/dobot_ws/install/cr3_moveit/share/cr3_moveit/environment/ament_prefix_path.dsv
[0.388s] -- Installing: /home/watato30/dobot_ws/install/cr3_moveit/share/cr3_moveit/environment/path.sh
[0.388s] -- Installing: /home/watato30/dobot_ws/install/cr3_moveit/share/cr3_moveit/environment/path.dsv
[0.388s] -- Up-to-date: /home/watato30/dobot_ws/install/cr3_moveit/share/cr3_moveit/local_setup.bash
[0.388s] -- Up-to-date: /home/watato30/dobot_ws/install/cr3_moveit/share/cr3_moveit/local_setup.sh
[0.389s] -- Up-to-date: /home/watato30/dobot_ws/install/cr3_moveit/share/cr3_moveit/local_setup.zsh
[0.389s] -- Installing: /home/watato30/dobot_ws/install/cr3_moveit/share/cr3_moveit/local_setup.dsv
[0.389s] -- Installing: /home/watato30/dobot_ws/install/cr3_moveit/share/cr3_moveit/package.dsv
[0.389s] -- Up-to-date: /home/watato30/dobot_ws/install/cr3_moveit/share/ament_index/resource_index/packages/cr3_moveit
[0.390s] -- Up-to-date: /home/watato30/dobot_ws/install/cr3_moveit/share/cr3_moveit/cmake/cr3_moveitConfig.cmake
[0.390s] -- Up-to-date: /home/watato30/dobot_ws/install/cr3_moveit/share/cr3_moveit/cmake/cr3_moveitConfig-version.cmake
[0.390s] -- Up-to-date: /home/watato30/dobot_ws/install/cr3_moveit/share/cr3_moveit/package.xml
[0.390s] -- Up-to-date: /home/watato30/dobot_ws/install/cr3_moveit/share/cr3_moveit/launch
[0.390s] -- Up-to-date: /home/watato30/dobot_ws/install/cr3_moveit/share/cr3_moveit/launch/setup_assistant.launch.py
[0.390s] -- Up-to-date: /home/watato30/dobot_ws/install/cr3_moveit/share/cr3_moveit/launch/static_virtual_joint_tfs.launch.py
[0.391s] -- Up-to-date: /home/watato30/dobot_ws/install/cr3_moveit/share/cr3_moveit/launch/warehouse_db.launch.py
[0.391s] -- Up-to-date: /home/watato30/dobot_ws/install/cr3_moveit/share/cr3_moveit/launch/rsp.launch.py
[0.391s] -- Up-to-date: /home/watato30/dobot_ws/install/cr3_moveit/share/cr3_moveit/launch/moveit_gazebo.launch.py
[0.391s] -- Up-to-date: /home/watato30/dobot_ws/install/cr3_moveit/share/cr3_moveit/launch/spawn_controllers.launch.py
[0.392s] -- Up-to-date: /home/watato30/dobot_ws/install/cr3_moveit/share/cr3_moveit/launch/moveit_rviz.launch.py
[0.392s] -- Up-to-date: /home/watato30/dobot_ws/install/cr3_moveit/share/cr3_moveit/launch/move_group.launch.py
[0.394s] -- Up-to-date: /home/watato30/dobot_ws/install/cr3_moveit/share/cr3_moveit/launch/demo.launch.py
[0.394s] -- Up-to-date: /home/watato30/dobot_ws/install/cr3_moveit/share/cr3_moveit/config
[0.394s] -- Up-to-date: /home/watato30/dobot_ws/install/cr3_moveit/share/cr3_moveit/config/pilz_cartesian_limits.yaml
[0.394s] -- Up-to-date: /home/watato30/dobot_ws/install/cr3_moveit/share/cr3_moveit/config/moveit.rviz
[0.394s] -- Up-to-date: /home/watato30/dobot_ws/install/cr3_moveit/share/cr3_moveit/config/initial_positions.yaml
[0.394s] -- Up-to-date: /home/watato30/dobot_ws/install/cr3_moveit/share/cr3_moveit/config/cr3_robot.srdf
[0.395s] -- Up-to-date: /home/watato30/dobot_ws/install/cr3_moveit/share/cr3_moveit/config/cr3_robot.urdf.xacro
[0.395s] -- Up-to-date: /home/watato30/dobot_ws/install/cr3_moveit/share/cr3_moveit/config/joint_limits.yaml
[0.395s] -- Up-to-date: /home/watato30/dobot_ws/install/cr3_moveit/share/cr3_moveit/config/kinematics.yaml
[0.395s] -- Up-to-date: /home/watato30/dobot_ws/install/cr3_moveit/share/cr3_moveit/config/cr3_robot.ros2_control.xacro
[0.395s] -- Up-to-date: /home/watato30/dobot_ws/install/cr3_moveit/share/cr3_moveit/config/moveit_controllers.yaml
[0.395s] -- Up-to-date: /home/watato30/dobot_ws/install/cr3_moveit/share/cr3_moveit/config/ros2_controllers.yaml
[0.395s] -- Up-to-date: /home/watato30/dobot_ws/install/cr3_moveit/share/cr3_moveit/.setup_assistant
[0.396s] Invoked command in '/home/watato30/dobot_ws/build/cr3_moveit' returned '0': CMAKE_PREFIX_PATH=/home/watato30/dobot_ws/install/dobot_rviz:/home/watato30/dobot_ws/install/nova5_moveit:/home/watato30/dobot_ws/install/nova2_moveit:/home/watato30/dobot_ws/install/cr7_moveit:/home/watato30/dobot_ws/install/cr5_moveit:/home/watato30/dobot_ws/install/cr3_moveit:/home/watato30/dobot_ws/install/cr16_moveit:/home/watato30/dobot_ws/install/cr12_moveit:/home/watato30/dobot_ws/install/cr10_moveit:/home/watato30/dobot_ws/install/dobot_msgs_v3:/home/watato30/dobot_ws/install/dobot_gazebo:/home/watato30/dobot_ws/install/cra_description:/home/watato30/dobot_ws/install/servo_action:/home/watato30/dobot_ws/install/dobot_bringup_v3:/home/watato30/dobot_ws/install/dobot_moveit:/home/watato30/dobot_ws/install/dobot_demo:/opt/ros/humble /usr/bin/cmake --install /home/watato30/dobot_ws/build/cr3_moveit
