[3.783s] Invoking command in '/home/watato30/dobot_ws/src/DOBOT_6Axis_ROS2_V3_Custom/dobot_demo': PYTHONPATH=/home/watato30/dobot_ws/build/dobot_demo/prefix_override:/usr/lib/python3/dist-packages/colcon_core/task/python/colcon_distutils_commands:/home/watato30/dobot_ws/install/dobot_demo/lib/python3.10/site-packages:${PYTHONPATH} /usr/bin/python3 -W ignore:setup.py install is deprecated -W ignore:easy_install command is deprecated setup.py egg_info --egg-base ../../../build/dobot_demo build --build-base /home/watato30/dobot_ws/build/dobot_demo/build install --record /home/watato30/dobot_ws/build/dobot_demo/install.log --single-version-externally-managed install_data
[4.119s] running egg_info
[4.120s] writing ../../../build/dobot_demo/dobot_demo.egg-info/PKG-INFO
[4.121s] writing dependency_links to ../../../build/dobot_demo/dobot_demo.egg-info/dependency_links.txt
[4.121s] writing entry points to ../../../build/dobot_demo/dobot_demo.egg-info/entry_points.txt
[4.121s] writing requirements to ../../../build/dobot_demo/dobot_demo.egg-info/requires.txt
[4.121s] writing top-level names to ../../../build/dobot_demo/dobot_demo.egg-info/top_level.txt
[4.123s] reading manifest file '../../../build/dobot_demo/dobot_demo.egg-info/SOURCES.txt'
[4.124s] writing manifest file '../../../build/dobot_demo/dobot_demo.egg-info/SOURCES.txt'
[4.124s] running build
[4.124s] running build_py
[4.125s] copying dobot_demo/demo.py -> /home/watato30/dobot_ws/build/dobot_demo/build/lib/dobot_demo
[4.125s] running install
[4.125s] running install_lib
[4.128s] copying /home/watato30/dobot_ws/build/dobot_demo/build/lib/dobot_demo/demo.py -> /home/watato30/dobot_ws/install/dobot_demo/lib/python3.10/site-packages/dobot_demo
[4.128s] byte-compiling /home/watato30/dobot_ws/install/dobot_demo/lib/python3.10/site-packages/dobot_demo/demo.py to demo.cpython-310.pyc
[4.131s] running install_data
[4.131s] running install_egg_info
[4.133s] removing '/home/watato30/dobot_ws/install/dobot_demo/lib/python3.10/site-packages/dobot_demo-0.0.0-py3.10.egg-info' (and everything under it)
[4.134s] Copying ../../../build/dobot_demo/dobot_demo.egg-info to /home/watato30/dobot_ws/install/dobot_demo/lib/python3.10/site-packages/dobot_demo-0.0.0-py3.10.egg-info
[4.135s] running install_scripts
[4.161s] Installing demo script to /home/watato30/dobot_ws/install/dobot_demo/lib/dobot_demo
[4.162s] writing list of installed files to '/home/watato30/dobot_ws/build/dobot_demo/install.log'
[4.207s] Invoked command in '/home/watato30/dobot_ws/src/DOBOT_6Axis_ROS2_V3_Custom/dobot_demo' returned '0': PYTHONPATH=/home/watato30/dobot_ws/build/dobot_demo/prefix_override:/usr/lib/python3/dist-packages/colcon_core/task/python/colcon_distutils_commands:/home/watato30/dobot_ws/install/dobot_demo/lib/python3.10/site-packages:${PYTHONPATH} /usr/bin/python3 -W ignore:setup.py install is deprecated -W ignore:easy_install command is deprecated setup.py egg_info --egg-base ../../../build/dobot_demo build --build-base /home/watato30/dobot_ws/build/dobot_demo/build install --record /home/watato30/dobot_ws/build/dobot_demo/install.log --single-version-externally-managed install_data
