[3.740s] Invoking command in '/home/watato30/dobot_ws/src/DOBOT_6Axis_ROS2_V3_Custom/servo_action': PYTHONPATH=/home/watato30/dobot_ws/build/servo_action/prefix_override:/usr/lib/python3/dist-packages/colcon_core/task/python/colcon_distutils_commands:/home/watato30/dobot_ws/install/servo_action/lib/python3.10/site-packages:${PYTHONPATH} /usr/bin/python3 -W ignore:setup.py install is deprecated -W ignore:easy_install command is deprecated setup.py egg_info --egg-base ../../../build/servo_action build --build-base /home/watato30/dobot_ws/build/servo_action/build install --record /home/watato30/dobot_ws/build/servo_action/install.log --single-version-externally-managed install_data
[4.074s] running egg_info
[4.075s] writing ../../../build/servo_action/servo_action.egg-info/PKG-INFO
[4.075s] writing dependency_links to ../../../build/servo_action/servo_action.egg-info/dependency_links.txt
[4.076s] writing entry points to ../../../build/servo_action/servo_action.egg-info/entry_points.txt
[4.076s] writing requirements to ../../../build/servo_action/servo_action.egg-info/requires.txt
[4.076s] writing top-level names to ../../../build/servo_action/servo_action.egg-info/top_level.txt
[4.078s] reading manifest file '../../../build/servo_action/servo_action.egg-info/SOURCES.txt'
[4.079s] writing manifest file '../../../build/servo_action/servo_action.egg-info/SOURCES.txt'
[4.080s] running build
[4.080s] running build_py
[4.081s] running install
[4.081s] running install_lib
[4.084s] running install_data
[4.084s] running install_egg_info
[4.087s] removing '/home/watato30/dobot_ws/install/servo_action/lib/python3.10/site-packages/servo_action-0.0.0-py3.10.egg-info' (and everything under it)
[4.087s] Copying ../../../build/servo_action/servo_action.egg-info to /home/watato30/dobot_ws/install/servo_action/lib/python3.10/site-packages/servo_action-0.0.0-py3.10.egg-info
[4.088s] running install_scripts
[4.115s] Installing Joint_Position script to /home/watato30/dobot_ws/install/servo_action/lib/servo_action
[4.115s] Installing action_move_client script to /home/watato30/dobot_ws/install/servo_action/lib/servo_action
[4.115s] Installing action_move_client_reality script to /home/watato30/dobot_ws/install/servo_action/lib/servo_action
[4.115s] Installing action_move_server script to /home/watato30/dobot_ws/install/servo_action/lib/servo_action
[4.115s] Installing action_move_server_reality script to /home/watato30/dobot_ws/install/servo_action/lib/servo_action
[4.116s] writing list of installed files to '/home/watato30/dobot_ws/build/servo_action/install.log'
[4.157s] Invoked command in '/home/watato30/dobot_ws/src/DOBOT_6Axis_ROS2_V3_Custom/servo_action' returned '0': PYTHONPATH=/home/watato30/dobot_ws/build/servo_action/prefix_override:/usr/lib/python3/dist-packages/colcon_core/task/python/colcon_distutils_commands:/home/watato30/dobot_ws/install/servo_action/lib/python3.10/site-packages:${PYTHONPATH} /usr/bin/python3 -W ignore:setup.py install is deprecated -W ignore:easy_install command is deprecated setup.py egg_info --egg-base ../../../build/servo_action build --build-base /home/watato30/dobot_ws/build/servo_action/build install --record /home/watato30/dobot_ws/build/servo_action/install.log --single-version-externally-managed install_data
