[0.057s] Invoking command in '/home/watato30/dobot_ws/build/nova2_moveit': AMENT_PREFIX_PATH=/home/watato30/dobot_ws/install/dobot_rviz:${AMENT_PREFIX_PATH} CMAKE_PREFIX_PATH=/home/watato30/dobot_ws/install/dobot_rviz:/opt/ros/humble /usr/bin/cmake /home/watato30/dobot_ws/src/DOBOT_6Axis_ROS2_V3_Custom/nova2_moveit -DCMAKE_INSTALL_PREFIX=/home/watato30/dobot_ws/install/nova2_moveit
[0.106s] -- The C compiler identification is GNU 11.4.0
[0.183s] -- The CXX compiler identification is GNU 11.4.0
[0.194s] -- Detecting C compiler ABI info
[0.271s] -- Detecting C compiler ABI info - done
[0.288s] -- Check for working C compiler: /usr/bin/cc - skipped
[0.289s] -- Detecting C compile features
[0.289s] -- Detecting C compile features - done
[0.293s] -- Detecting CXX compiler ABI info
[0.381s] -- Detecting CXX compiler ABI info - done
[0.398s] -- Check for working CXX compiler: /usr/bin/c++ - skipped
[0.399s] -- Detecting CXX compile features
[0.399s] -- Detecting CXX compile features - done
[0.401s] -- Found ament_cmake: 1.3.11 (/opt/ros/humble/share/ament_cmake/cmake)
[0.583s] -- Found Python3: /usr/bin/python3 (found version "3.10.12") found components: Interpreter 
[0.765s] -- Configuring done
[0.769s] -- Generating done
[0.773s] -- Build files have been written to: /home/watato30/dobot_ws/build/nova2_moveit
[0.779s] Invoked command in '/home/watato30/dobot_ws/build/nova2_moveit' returned '0': AMENT_PREFIX_PATH=/home/watato30/dobot_ws/install/dobot_rviz:${AMENT_PREFIX_PATH} CMAKE_PREFIX_PATH=/home/watato30/dobot_ws/install/dobot_rviz:/opt/ros/humble /usr/bin/cmake /home/watato30/dobot_ws/src/DOBOT_6Axis_ROS2_V3_Custom/nova2_moveit -DCMAKE_INSTALL_PREFIX=/home/watato30/dobot_ws/install/nova2_moveit
[0.781s] Invoking command in '/home/watato30/dobot_ws/build/nova2_moveit': AMENT_PREFIX_PATH=/home/watato30/dobot_ws/install/dobot_rviz:${AMENT_PREFIX_PATH} CMAKE_PREFIX_PATH=/home/watato30/dobot_ws/install/dobot_rviz:/opt/ros/humble /usr/bin/cmake --build /home/watato30/dobot_ws/build/nova2_moveit -- -j8 -l8
[0.826s] Invoked command in '/home/watato30/dobot_ws/build/nova2_moveit' returned '0': AMENT_PREFIX_PATH=/home/watato30/dobot_ws/install/dobot_rviz:${AMENT_PREFIX_PATH} CMAKE_PREFIX_PATH=/home/watato30/dobot_ws/install/dobot_rviz:/opt/ros/humble /usr/bin/cmake --build /home/watato30/dobot_ws/build/nova2_moveit -- -j8 -l8
[0.828s] Invoking command in '/home/watato30/dobot_ws/build/nova2_moveit': AMENT_PREFIX_PATH=/home/watato30/dobot_ws/install/dobot_rviz:${AMENT_PREFIX_PATH} CMAKE_PREFIX_PATH=/home/watato30/dobot_ws/install/dobot_rviz:/opt/ros/humble /usr/bin/cmake --install /home/watato30/dobot_ws/build/nova2_moveit
[0.836s] -- Install configuration: ""
[0.836s] -- Installing: /home/watato30/dobot_ws/install/nova2_moveit/share/ament_index/resource_index/package_run_dependencies/nova2_moveit
[0.836s] -- Installing: /home/watato30/dobot_ws/install/nova2_moveit/share/ament_index/resource_index/parent_prefix_path/nova2_moveit
[0.837s] -- Installing: /home/watato30/dobot_ws/install/nova2_moveit/share/nova2_moveit/environment/ament_prefix_path.sh
[0.837s] -- Installing: /home/watato30/dobot_ws/install/nova2_moveit/share/nova2_moveit/environment/ament_prefix_path.dsv
[0.837s] -- Installing: /home/watato30/dobot_ws/install/nova2_moveit/share/nova2_moveit/environment/path.sh
[0.837s] -- Installing: /home/watato30/dobot_ws/install/nova2_moveit/share/nova2_moveit/environment/path.dsv
[0.838s] -- Installing: /home/watato30/dobot_ws/install/nova2_moveit/share/nova2_moveit/local_setup.bash
[0.838s] -- Installing: /home/watato30/dobot_ws/install/nova2_moveit/share/nova2_moveit/local_setup.sh
[0.838s] -- Installing: /home/watato30/dobot_ws/install/nova2_moveit/share/nova2_moveit/local_setup.zsh
[0.838s] -- Installing: /home/watato30/dobot_ws/install/nova2_moveit/share/nova2_moveit/local_setup.dsv
[0.838s] -- Installing: /home/watato30/dobot_ws/install/nova2_moveit/share/nova2_moveit/package.dsv
[0.839s] -- Installing: /home/watato30/dobot_ws/install/nova2_moveit/share/ament_index/resource_index/packages/nova2_moveit
[0.839s] -- Installing: /home/watato30/dobot_ws/install/nova2_moveit/share/nova2_moveit/cmake/nova2_moveitConfig.cmake
[0.839s] -- Installing: /home/watato30/dobot_ws/install/nova2_moveit/share/nova2_moveit/cmake/nova2_moveitConfig-version.cmake
[0.839s] -- Installing: /home/watato30/dobot_ws/install/nova2_moveit/share/nova2_moveit/package.xml
[0.839s] -- Installing: /home/watato30/dobot_ws/install/nova2_moveit/share/nova2_moveit/launch
[0.839s] -- Installing: /home/watato30/dobot_ws/install/nova2_moveit/share/nova2_moveit/launch/setup_assistant.launch.py
[0.839s] -- Installing: /home/watato30/dobot_ws/install/nova2_moveit/share/nova2_moveit/launch/static_virtual_joint_tfs.launch.py
[0.840s] -- Installing: /home/watato30/dobot_ws/install/nova2_moveit/share/nova2_moveit/launch/warehouse_db.launch.py
[0.840s] -- Installing: /home/watato30/dobot_ws/install/nova2_moveit/share/nova2_moveit/launch/rsp.launch.py
[0.840s] -- Installing: /home/watato30/dobot_ws/install/nova2_moveit/share/nova2_moveit/launch/spawn_controllers.launch.py
[0.840s] -- Installing: /home/watato30/dobot_ws/install/nova2_moveit/share/nova2_moveit/launch/moveit_rviz.launch.py
[0.840s] -- Installing: /home/watato30/dobot_ws/install/nova2_moveit/share/nova2_moveit/launch/move_group.launch.py
[0.840s] -- Installing: /home/watato30/dobot_ws/install/nova2_moveit/share/nova2_moveit/launch/demo.launch.py
[0.841s] -- Installing: /home/watato30/dobot_ws/install/nova2_moveit/share/nova2_moveit/config
[0.841s] -- Installing: /home/watato30/dobot_ws/install/nova2_moveit/share/nova2_moveit/config/pilz_cartesian_limits.yaml
[0.841s] -- Installing: /home/watato30/dobot_ws/install/nova2_moveit/share/nova2_moveit/config/moveit.rviz
[0.841s] -- Installing: /home/watato30/dobot_ws/install/nova2_moveit/share/nova2_moveit/config/initial_positions.yaml
[0.841s] -- Installing: /home/watato30/dobot_ws/install/nova2_moveit/share/nova2_moveit/config/nova2_robot.ros2_control.xacro
[0.841s] -- Installing: /home/watato30/dobot_ws/install/nova2_moveit/share/nova2_moveit/config/joint_limits.yaml
[0.841s] -- Installing: /home/watato30/dobot_ws/install/nova2_moveit/share/nova2_moveit/config/nova2_robot.urdf.xacro
[0.841s] -- Installing: /home/watato30/dobot_ws/install/nova2_moveit/share/nova2_moveit/config/kinematics.yaml
[0.842s] -- Installing: /home/watato30/dobot_ws/install/nova2_moveit/share/nova2_moveit/config/moveit_controllers.yaml
[0.842s] -- Installing: /home/watato30/dobot_ws/install/nova2_moveit/share/nova2_moveit/config/ros2_controllers.yaml
[0.842s] -- Installing: /home/watato30/dobot_ws/install/nova2_moveit/share/nova2_moveit/config/nova2_robot.srdf
[0.842s] -- Installing: /home/watato30/dobot_ws/install/nova2_moveit/share/nova2_moveit/.setup_assistant
[0.845s] Invoked command in '/home/watato30/dobot_ws/build/nova2_moveit' returned '0': AMENT_PREFIX_PATH=/home/watato30/dobot_ws/install/dobot_rviz:${AMENT_PREFIX_PATH} CMAKE_PREFIX_PATH=/home/watato30/dobot_ws/install/dobot_rviz:/opt/ros/humble /usr/bin/cmake --install /home/watato30/dobot_ws/build/nova2_moveit
