[0.053s] Invoking command in '/home/watato30/dobot_ws/build/dobot_rviz': CMAKE_PREFIX_PATH=${CMAKE_PREFIX_PATH}:/home/watato30/dobot_ws/install/servo_action:/home/watato30/dobot_ws/install/dobot_bringup_v3:/home/watato30/dobot_ws/install/dobot_moveit:/home/watato30/dobot_ws/install/dobot_demo:/opt/ros/humble /usr/bin/cmake --build /home/watato30/dobot_ws/build/dobot_rviz -- -j8 -l8
[1.311s] Invoked command in '/home/watato30/dobot_ws/build/dobot_rviz' returned '0': CMAKE_PREFIX_PATH=${CMAKE_PREFIX_PATH}:/home/watato30/dobot_ws/install/servo_action:/home/watato30/dobot_ws/install/dobot_bringup_v3:/home/watato30/dobot_ws/install/dobot_moveit:/home/watato30/dobot_ws/install/dobot_demo:/opt/ros/humble /usr/bin/cmake --build /home/watato30/dobot_ws/build/dobot_rviz -- -j8 -l8
[1.322s] Invoking command in '/home/watato30/dobot_ws/build/dobot_rviz': CMAKE_PREFIX_PATH=${CMAKE_PREFIX_PATH}:/home/watato30/dobot_ws/install/servo_action:/home/watato30/dobot_ws/install/dobot_bringup_v3:/home/watato30/dobot_ws/install/dobot_moveit:/home/watato30/dobot_ws/install/dobot_demo:/opt/ros/humble /usr/bin/cmake --install /home/watato30/dobot_ws/build/dobot_rviz
[1.331s] -- Install configuration: ""
[1.334s] -- Up-to-date: /home/watato30/dobot_ws/install/dobot_rviz/share/dobot_rviz/launch
[1.335s] -- Up-to-date: /home/watato30/dobot_ws/install/dobot_rviz/share/dobot_rviz/launch/dobot_rviz.launch.py
[1.335s] -- Up-to-date: /home/watato30/dobot_ws/install/dobot_rviz/share/dobot_rviz/urdf
[1.335s] -- Up-to-date: /home/watato30/dobot_ws/install/dobot_rviz/share/dobot_rviz/urdf/cr12_robot.urdf
[1.335s] -- Up-to-date: /home/watato30/dobot_ws/install/dobot_rviz/share/dobot_rviz/urdf/cr5_robot.pdf
[1.336s] -- Up-to-date: /home/watato30/dobot_ws/install/dobot_rviz/share/dobot_rviz/urdf/cr5_robot.urdf
[1.337s] -- Up-to-date: /home/watato30/dobot_ws/install/dobot_rviz/share/dobot_rviz/urdf/cr10_robot.urdf
[1.338s] -- Up-to-date: /home/watato30/dobot_ws/install/dobot_rviz/share/dobot_rviz/urdf/cr16_robot.urdf
[1.340s] -- Up-to-date: /home/watato30/dobot_ws/install/dobot_rviz/share/dobot_rviz/urdf/cr3_robot.urdf
[1.340s] -- Up-to-date: /home/watato30/dobot_ws/install/dobot_rviz/share/dobot_rviz/urdf/cr5_robot.gv
[1.342s] -- Up-to-date: /home/watato30/dobot_ws/install/dobot_rviz/share/dobot_rviz/urdf/nova2_robot.urdf
[1.344s] -- Up-to-date: /home/watato30/dobot_ws/install/dobot_rviz/share/dobot_rviz/urdf/nova5_robot.urdf
[1.346s] -- Up-to-date: /home/watato30/dobot_ws/install/dobot_rviz/share/dobot_rviz/urdf/cr7_robot.urdf
[1.346s] -- Up-to-date: /home/watato30/dobot_ws/install/dobot_rviz/share/dobot_rviz/rviz
[1.346s] -- Up-to-date: /home/watato30/dobot_ws/install/dobot_rviz/share/dobot_rviz/rviz/urdf.rviz
[1.346s] -- Up-to-date: /home/watato30/dobot_ws/install/dobot_rviz/share/dobot_rviz/meshes
[1.346s] -- Up-to-date: /home/watato30/dobot_ws/install/dobot_rviz/share/dobot_rviz/meshes/nova5
[1.347s] -- Up-to-date: /home/watato30/dobot_ws/install/dobot_rviz/share/dobot_rviz/meshes/nova5/Link2.STL
[1.349s] -- Up-to-date: /home/watato30/dobot_ws/install/dobot_rviz/share/dobot_rviz/meshes/nova5/Link6.STL
[1.350s] -- Up-to-date: /home/watato30/dobot_ws/install/dobot_rviz/share/dobot_rviz/meshes/nova5/Link4.STL
[1.351s] -- Up-to-date: /home/watato30/dobot_ws/install/dobot_rviz/share/dobot_rviz/meshes/nova5/Link5.STL
[1.351s] -- Up-to-date: /home/watato30/dobot_ws/install/dobot_rviz/share/dobot_rviz/meshes/nova5/base_link.STL
[1.352s] -- Up-to-date: /home/watato30/dobot_ws/install/dobot_rviz/share/dobot_rviz/meshes/nova5/Link3.STL
[1.352s] -- Up-to-date: /home/watato30/dobot_ws/install/dobot_rviz/share/dobot_rviz/meshes/nova5/Link1.STL
[1.352s] -- Up-to-date: /home/watato30/dobot_ws/install/dobot_rviz/share/dobot_rviz/meshes/nova2
[1.352s] -- Up-to-date: /home/watato30/dobot_ws/install/dobot_rviz/share/dobot_rviz/meshes/nova2/Link2.STL
[1.353s] -- Up-to-date: /home/watato30/dobot_ws/install/dobot_rviz/share/dobot_rviz/meshes/nova2/Link6.STL
[1.353s] -- Up-to-date: /home/watato30/dobot_ws/install/dobot_rviz/share/dobot_rviz/meshes/nova2/Link4.STL
[1.353s] -- Up-to-date: /home/watato30/dobot_ws/install/dobot_rviz/share/dobot_rviz/meshes/nova2/Link5.STL
[1.353s] -- Up-to-date: /home/watato30/dobot_ws/install/dobot_rviz/share/dobot_rviz/meshes/nova2/base_link.STL
[1.354s] -- Up-to-date: /home/watato30/dobot_ws/install/dobot_rviz/share/dobot_rviz/meshes/nova2/Link3.STL
[1.354s] -- Up-to-date: /home/watato30/dobot_ws/install/dobot_rviz/share/dobot_rviz/meshes/nova2/Link1.STL
[1.354s] -- Up-to-date: /home/watato30/dobot_ws/install/dobot_rviz/share/dobot_rviz/meshes/cr5
[1.354s] -- Up-to-date: /home/watato30/dobot_ws/install/dobot_rviz/share/dobot_rviz/meshes/cr5/base_link.dae
[1.354s] -- Up-to-date: /home/watato30/dobot_ws/install/dobot_rviz/share/dobot_rviz/meshes/cr5/Link5.dae
[1.355s] -- Up-to-date: /home/watato30/dobot_ws/install/dobot_rviz/share/dobot_rviz/meshes/cr5/Link1.dae
[1.355s] -- Up-to-date: /home/watato30/dobot_ws/install/dobot_rviz/share/dobot_rviz/meshes/cr5/Link4.dae
[1.355s] -- Up-to-date: /home/watato30/dobot_ws/install/dobot_rviz/share/dobot_rviz/meshes/cr5/Link2.dae
[1.355s] -- Up-to-date: /home/watato30/dobot_ws/install/dobot_rviz/share/dobot_rviz/meshes/cr5/Link3.dae
[1.356s] -- Up-to-date: /home/watato30/dobot_ws/install/dobot_rviz/share/dobot_rviz/meshes/cr5/Link6.dae
[1.357s] -- Up-to-date: /home/watato30/dobot_ws/install/dobot_rviz/share/dobot_rviz/meshes/cr12
[1.357s] -- Up-to-date: /home/watato30/dobot_ws/install/dobot_rviz/share/dobot_rviz/meshes/cr12/J6.STL
[1.357s] -- Up-to-date: /home/watato30/dobot_ws/install/dobot_rviz/share/dobot_rviz/meshes/cr12/base_link0.STL
[1.358s] -- Up-to-date: /home/watato30/dobot_ws/install/dobot_rviz/share/dobot_rviz/meshes/cr12/J1.STL
[1.358s] -- Up-to-date: /home/watato30/dobot_ws/install/dobot_rviz/share/dobot_rviz/meshes/cr12/J2.STL
[1.359s] -- Up-to-date: /home/watato30/dobot_ws/install/dobot_rviz/share/dobot_rviz/meshes/cr12/J5.STL
[1.360s] -- Up-to-date: /home/watato30/dobot_ws/install/dobot_rviz/share/dobot_rviz/meshes/cr12/J3.STL
[1.360s] -- Up-to-date: /home/watato30/dobot_ws/install/dobot_rviz/share/dobot_rviz/meshes/cr12/J4.STL
[1.360s] -- Up-to-date: /home/watato30/dobot_ws/install/dobot_rviz/share/dobot_rviz/meshes/cr3
[1.360s] -- Up-to-date: /home/watato30/dobot_ws/install/dobot_rviz/share/dobot_rviz/meshes/cr3/Link2.STL
[1.360s] -- Up-to-date: /home/watato30/dobot_ws/install/dobot_rviz/share/dobot_rviz/meshes/cr3/Link6.STL
[1.361s] -- Up-to-date: /home/watato30/dobot_ws/install/dobot_rviz/share/dobot_rviz/meshes/cr3/Link4.STL
[1.361s] -- Up-to-date: /home/watato30/dobot_ws/install/dobot_rviz/share/dobot_rviz/meshes/cr3/Link5.STL
[1.361s] -- Up-to-date: /home/watato30/dobot_ws/install/dobot_rviz/share/dobot_rviz/meshes/cr3/base_link.STL
[1.361s] -- Up-to-date: /home/watato30/dobot_ws/install/dobot_rviz/share/dobot_rviz/meshes/cr3/Link3.STL
[1.364s] -- Up-to-date: /home/watato30/dobot_ws/install/dobot_rviz/share/dobot_rviz/meshes/cr3/Link1.STL
[1.365s] -- Up-to-date: /home/watato30/dobot_ws/install/dobot_rviz/share/dobot_rviz/meshes/cr10
[1.365s] -- Up-to-date: /home/watato30/dobot_ws/install/dobot_rviz/share/dobot_rviz/meshes/cr10/Link2.STL
[1.365s] -- Up-to-date: /home/watato30/dobot_ws/install/dobot_rviz/share/dobot_rviz/meshes/cr10/Link6.STL
[1.365s] -- Up-to-date: /home/watato30/dobot_ws/install/dobot_rviz/share/dobot_rviz/meshes/cr10/Link4.STL
[1.365s] -- Up-to-date: /home/watato30/dobot_ws/install/dobot_rviz/share/dobot_rviz/meshes/cr10/Link5.STL
[1.365s] -- Up-to-date: /home/watato30/dobot_ws/install/dobot_rviz/share/dobot_rviz/meshes/cr10/base_link.STL
[1.365s] -- Up-to-date: /home/watato30/dobot_ws/install/dobot_rviz/share/dobot_rviz/meshes/cr10/Link3.STL
[1.365s] -- Up-to-date: /home/watato30/dobot_ws/install/dobot_rviz/share/dobot_rviz/meshes/cr10/Link1.STL
[1.366s] -- Up-to-date: /home/watato30/dobot_ws/install/dobot_rviz/share/dobot_rviz/meshes/cr7
[1.366s] -- Up-to-date: /home/watato30/dobot_ws/install/dobot_rviz/share/dobot_rviz/meshes/cr7/J6.STL
[1.366s] -- Up-to-date: /home/watato30/dobot_ws/install/dobot_rviz/share/dobot_rviz/meshes/cr7/base_link0.STL
[1.366s] -- Up-to-date: /home/watato30/dobot_ws/install/dobot_rviz/share/dobot_rviz/meshes/cr7/J1.STL
[1.366s] -- Up-to-date: /home/watato30/dobot_ws/install/dobot_rviz/share/dobot_rviz/meshes/cr7/J2.STL
[1.366s] -- Up-to-date: /home/watato30/dobot_ws/install/dobot_rviz/share/dobot_rviz/meshes/cr7/J5.STL
[1.367s] -- Up-to-date: /home/watato30/dobot_ws/install/dobot_rviz/share/dobot_rviz/meshes/cr7/J3.STL
[1.367s] -- Up-to-date: /home/watato30/dobot_ws/install/dobot_rviz/share/dobot_rviz/meshes/cr7/J4.STL
[1.367s] -- Up-to-date: /home/watato30/dobot_ws/install/dobot_rviz/share/dobot_rviz/meshes/cr16
[1.367s] -- Up-to-date: /home/watato30/dobot_ws/install/dobot_rviz/share/dobot_rviz/meshes/cr16/Link2.STL
[1.368s] -- Up-to-date: /home/watato30/dobot_ws/install/dobot_rviz/share/dobot_rviz/meshes/cr16/Link6.STL
[1.368s] -- Up-to-date: /home/watato30/dobot_ws/install/dobot_rviz/share/dobot_rviz/meshes/cr16/Link4.STL
[1.368s] -- Up-to-date: /home/watato30/dobot_ws/install/dobot_rviz/share/dobot_rviz/meshes/cr16/Link5.STL
[1.368s] -- Up-to-date: /home/watato30/dobot_ws/install/dobot_rviz/share/dobot_rviz/meshes/cr16/base_link.STL
[1.368s] -- Up-to-date: /home/watato30/dobot_ws/install/dobot_rviz/share/dobot_rviz/meshes/cr16/Link3.STL
[1.369s] -- Up-to-date: /home/watato30/dobot_ws/install/dobot_rviz/share/dobot_rviz/meshes/cr16/Link1.STL
[1.369s] -- Up-to-date: /home/watato30/dobot_ws/install/dobot_rviz/share/ament_index/resource_index/package_run_dependencies/dobot_rviz
[1.369s] -- Up-to-date: /home/watato30/dobot_ws/install/dobot_rviz/share/ament_index/resource_index/parent_prefix_path/dobot_rviz
[1.369s] -- Up-to-date: /home/watato30/dobot_ws/install/dobot_rviz/share/dobot_rviz/environment/ament_prefix_path.sh
[1.370s] -- Up-to-date: /home/watato30/dobot_ws/install/dobot_rviz/share/dobot_rviz/environment/ament_prefix_path.dsv
[1.370s] -- Up-to-date: /home/watato30/dobot_ws/install/dobot_rviz/share/dobot_rviz/environment/path.sh
[1.370s] -- Up-to-date: /home/watato30/dobot_ws/install/dobot_rviz/share/dobot_rviz/environment/path.dsv
[1.371s] -- Up-to-date: /home/watato30/dobot_ws/install/dobot_rviz/share/dobot_rviz/local_setup.bash
[1.371s] -- Up-to-date: /home/watato30/dobot_ws/install/dobot_rviz/share/dobot_rviz/local_setup.sh
[1.371s] -- Up-to-date: /home/watato30/dobot_ws/install/dobot_rviz/share/dobot_rviz/local_setup.zsh
[1.371s] -- Up-to-date: /home/watato30/dobot_ws/install/dobot_rviz/share/dobot_rviz/local_setup.dsv
[1.372s] -- Up-to-date: /home/watato30/dobot_ws/install/dobot_rviz/share/dobot_rviz/package.dsv
[1.372s] -- Up-to-date: /home/watato30/dobot_ws/install/dobot_rviz/share/ament_index/resource_index/packages/dobot_rviz
[1.372s] -- Up-to-date: /home/watato30/dobot_ws/install/dobot_rviz/share/dobot_rviz/cmake/dobot_rvizConfig.cmake
[1.372s] -- Up-to-date: /home/watato30/dobot_ws/install/dobot_rviz/share/dobot_rviz/cmake/dobot_rvizConfig-version.cmake
[1.372s] -- Up-to-date: /home/watato30/dobot_ws/install/dobot_rviz/share/dobot_rviz/package.xml
[1.450s] Invoked command in '/home/watato30/dobot_ws/build/dobot_rviz' returned '0': CMAKE_PREFIX_PATH=${CMAKE_PREFIX_PATH}:/home/watato30/dobot_ws/install/servo_action:/home/watato30/dobot_ws/install/dobot_bringup_v3:/home/watato30/dobot_ws/install/dobot_moveit:/home/watato30/dobot_ws/install/dobot_demo:/opt/ros/humble /usr/bin/cmake --install /home/watato30/dobot_ws/build/dobot_rviz
