[0.050s] Invoking command in '/home/watato30/dobot_ws/build/cra_description': CMAKE_PREFIX_PATH=${CMAKE_PREFIX_PATH}:/home/watato30/dobot_ws/install/servo_action:/home/watato30/dobot_ws/install/dobot_bringup_v3:/home/watato30/dobot_ws/install/dobot_moveit:/home/watato30/dobot_ws/install/dobot_demo:/opt/ros/humble /usr/bin/cmake --build /home/watato30/dobot_ws/build/cra_description -- -j8 -l8
[1.209s] Invoked command in '/home/watato30/dobot_ws/build/cra_description' returned '0': CMAKE_PREFIX_PATH=${CMAKE_PREFIX_PATH}:/home/watato30/dobot_ws/install/servo_action:/home/watato30/dobot_ws/install/dobot_bringup_v3:/home/watato30/dobot_ws/install/dobot_moveit:/home/watato30/dobot_ws/install/dobot_demo:/opt/ros/humble /usr/bin/cmake --build /home/watato30/dobot_ws/build/cra_description -- -j8 -l8
[1.211s] Invoking command in '/home/watato30/dobot_ws/build/cra_description': CMAKE_PREFIX_PATH=${CMAKE_PREFIX_PATH}:/home/watato30/dobot_ws/install/servo_action:/home/watato30/dobot_ws/install/dobot_bringup_v3:/home/watato30/dobot_ws/install/dobot_moveit:/home/watato30/dobot_ws/install/dobot_demo:/opt/ros/humble /usr/bin/cmake --install /home/watato30/dobot_ws/build/cra_description
[1.248s] -- Install configuration: ""
[1.248s] -- Up-to-date: /home/watato30/dobot_ws/install/cra_description/share/ament_index/resource_index/package_run_dependencies/cra_description
[1.248s] -- Up-to-date: /home/watato30/dobot_ws/install/cra_description/share/ament_index/resource_index/parent_prefix_path/cra_description
[1.248s] -- Up-to-date: /home/watato30/dobot_ws/install/cra_description/share/cra_description/environment/ament_prefix_path.sh
[1.249s] -- Up-to-date: /home/watato30/dobot_ws/install/cra_description/share/cra_description/environment/ament_prefix_path.dsv
[1.249s] -- Up-to-date: /home/watato30/dobot_ws/install/cra_description/share/cra_description/environment/path.sh
[1.249s] -- Up-to-date: /home/watato30/dobot_ws/install/cra_description/share/cra_description/environment/path.dsv
[1.249s] -- Up-to-date: /home/watato30/dobot_ws/install/cra_description/share/cra_description/local_setup.bash
[1.249s] -- Up-to-date: /home/watato30/dobot_ws/install/cra_description/share/cra_description/local_setup.sh
[1.249s] -- Up-to-date: /home/watato30/dobot_ws/install/cra_description/share/cra_description/local_setup.zsh
[1.250s] -- Up-to-date: /home/watato30/dobot_ws/install/cra_description/share/cra_description/local_setup.dsv
[1.250s] -- Installing: /home/watato30/dobot_ws/install/cra_description/share/cra_description/package.dsv
[1.250s] -- Up-to-date: /home/watato30/dobot_ws/install/cra_description/share/ament_index/resource_index/packages/cra_description
[1.250s] -- Up-to-date: /home/watato30/dobot_ws/install/cra_description/share/cra_description/cmake/cra_descriptionConfig.cmake
[1.250s] -- Up-to-date: /home/watato30/dobot_ws/install/cra_description/share/cra_description/cmake/cra_descriptionConfig-version.cmake
[1.250s] -- Up-to-date: /home/watato30/dobot_ws/install/cra_description/share/cra_description/package.xml
[1.271s] -- Up-to-date: /home/watato30/dobot_ws/install/cra_description/share/cra_description/urdf
[1.274s] -- Up-to-date: /home/watato30/dobot_ws/install/cra_description/share/cra_description/urdf/nova5_robot.xacro
[1.274s] -- Up-to-date: /home/watato30/dobot_ws/install/cra_description/share/cra_description/urdf/cr3_robot.xacro
[1.275s] -- Up-to-date: /home/watato30/dobot_ws/install/cra_description/share/cra_description/urdf/cr10_robot.xacro
[1.275s] -- Up-to-date: /home/watato30/dobot_ws/install/cra_description/share/cra_description/urdf/cr12_robot.xacro
[1.275s] -- Up-to-date: /home/watato30/dobot_ws/install/cra_description/share/cra_description/urdf/cr16_robot.xacro
[1.276s] -- Up-to-date: /home/watato30/dobot_ws/install/cra_description/share/cra_description/urdf/cr5_robot.xacro
[1.279s] -- Up-to-date: /home/watato30/dobot_ws/install/cra_description/share/cra_description/urdf/cr7_robot.xacro
[1.280s] -- Up-to-date: /home/watato30/dobot_ws/install/cra_description/share/cra_description/urdf/nova2_robot.xacro
[1.280s] -- Up-to-date: /home/watato30/dobot_ws/install/cra_description/share/cra_description/meshes
[1.281s] -- Up-to-date: /home/watato30/dobot_ws/install/cra_description/share/cra_description/meshes/nova5
[1.281s] -- Up-to-date: /home/watato30/dobot_ws/install/cra_description/share/cra_description/meshes/nova5/Link2.STL
[1.282s] -- Up-to-date: /home/watato30/dobot_ws/install/cra_description/share/cra_description/meshes/nova5/Link6.STL
[1.282s] -- Up-to-date: /home/watato30/dobot_ws/install/cra_description/share/cra_description/meshes/nova5/Link4.STL
[1.282s] -- Up-to-date: /home/watato30/dobot_ws/install/cra_description/share/cra_description/meshes/nova5/Link5.STL
[1.282s] -- Up-to-date: /home/watato30/dobot_ws/install/cra_description/share/cra_description/meshes/nova5/base_link.STL
[1.283s] -- Up-to-date: /home/watato30/dobot_ws/install/cra_description/share/cra_description/meshes/nova5/Link3.STL
[1.283s] -- Up-to-date: /home/watato30/dobot_ws/install/cra_description/share/cra_description/meshes/nova5/Link1.STL
[1.283s] -- Up-to-date: /home/watato30/dobot_ws/install/cra_description/share/cra_description/meshes/nova2
[1.284s] -- Up-to-date: /home/watato30/dobot_ws/install/cra_description/share/cra_description/meshes/nova2/Link2.STL
[1.296s] -- Up-to-date: /home/watato30/dobot_ws/install/cra_description/share/cra_description/meshes/nova2/Link6.STL
[1.296s] -- Up-to-date: /home/watato30/dobot_ws/install/cra_description/share/cra_description/meshes/nova2/Link4.STL
[1.296s] -- Up-to-date: /home/watato30/dobot_ws/install/cra_description/share/cra_description/meshes/nova2/Link5.STL
[1.296s] -- Up-to-date: /home/watato30/dobot_ws/install/cra_description/share/cra_description/meshes/nova2/base_link.STL
[1.297s] -- Up-to-date: /home/watato30/dobot_ws/install/cra_description/share/cra_description/meshes/nova2/Link3.STL
[1.297s] -- Up-to-date: /home/watato30/dobot_ws/install/cra_description/share/cra_description/meshes/nova2/Link1.STL
[1.297s] -- Up-to-date: /home/watato30/dobot_ws/install/cra_description/share/cra_description/meshes/cr5
[1.297s] -- Up-to-date: /home/watato30/dobot_ws/install/cra_description/share/cra_description/meshes/cr5/base_link.dae
[1.297s] -- Up-to-date: /home/watato30/dobot_ws/install/cra_description/share/cra_description/meshes/cr5/Link5.dae
[1.297s] -- Up-to-date: /home/watato30/dobot_ws/install/cra_description/share/cra_description/meshes/cr5/Link1.dae
[1.298s] -- Up-to-date: /home/watato30/dobot_ws/install/cra_description/share/cra_description/meshes/cr5/Link4.dae
[1.298s] -- Up-to-date: /home/watato30/dobot_ws/install/cra_description/share/cra_description/meshes/cr5/Link2.dae
[1.298s] -- Up-to-date: /home/watato30/dobot_ws/install/cra_description/share/cra_description/meshes/cr5/Link3.dae
[1.298s] -- Up-to-date: /home/watato30/dobot_ws/install/cra_description/share/cra_description/meshes/cr5/Link6.dae
[1.298s] -- Up-to-date: /home/watato30/dobot_ws/install/cra_description/share/cra_description/meshes/cr12
[1.299s] -- Up-to-date: /home/watato30/dobot_ws/install/cra_description/share/cra_description/meshes/cr12/J6.STL
[1.299s] -- Up-to-date: /home/watato30/dobot_ws/install/cra_description/share/cra_description/meshes/cr12/base_link0.STL
[1.299s] -- Up-to-date: /home/watato30/dobot_ws/install/cra_description/share/cra_description/meshes/cr12/J1.STL
[1.299s] -- Up-to-date: /home/watato30/dobot_ws/install/cra_description/share/cra_description/meshes/cr12/J2.STL
[1.299s] -- Up-to-date: /home/watato30/dobot_ws/install/cra_description/share/cra_description/meshes/cr12/J5.STL
[1.300s] -- Up-to-date: /home/watato30/dobot_ws/install/cra_description/share/cra_description/meshes/cr12/J3.STL
[1.300s] -- Up-to-date: /home/watato30/dobot_ws/install/cra_description/share/cra_description/meshes/cr12/J4.STL
[1.300s] -- Up-to-date: /home/watato30/dobot_ws/install/cra_description/share/cra_description/meshes/cr3
[1.300s] -- Up-to-date: /home/watato30/dobot_ws/install/cra_description/share/cra_description/meshes/cr3/Link2.STL
[1.300s] -- Up-to-date: /home/watato30/dobot_ws/install/cra_description/share/cra_description/meshes/cr3/Link6.STL
[1.301s] -- Up-to-date: /home/watato30/dobot_ws/install/cra_description/share/cra_description/meshes/cr3/Link4.STL
[1.301s] -- Up-to-date: /home/watato30/dobot_ws/install/cra_description/share/cra_description/meshes/cr3/Link5.STL
[1.301s] -- Up-to-date: /home/watato30/dobot_ws/install/cra_description/share/cra_description/meshes/cr3/base_link.STL
[1.301s] -- Up-to-date: /home/watato30/dobot_ws/install/cra_description/share/cra_description/meshes/cr3/Link3.STL
[1.302s] -- Up-to-date: /home/watato30/dobot_ws/install/cra_description/share/cra_description/meshes/cr3/Link1.STL
[1.302s] -- Up-to-date: /home/watato30/dobot_ws/install/cra_description/share/cra_description/meshes/cr10
[1.302s] -- Up-to-date: /home/watato30/dobot_ws/install/cra_description/share/cra_description/meshes/cr10/Link2.STL
[1.302s] -- Up-to-date: /home/watato30/dobot_ws/install/cra_description/share/cra_description/meshes/cr10/Link6.STL
[1.302s] -- Up-to-date: /home/watato30/dobot_ws/install/cra_description/share/cra_description/meshes/cr10/Link4.STL
[1.303s] -- Up-to-date: /home/watato30/dobot_ws/install/cra_description/share/cra_description/meshes/cr10/Link5.STL
[1.303s] -- Up-to-date: /home/watato30/dobot_ws/install/cra_description/share/cra_description/meshes/cr10/base_link.STL
[1.303s] -- Up-to-date: /home/watato30/dobot_ws/install/cra_description/share/cra_description/meshes/cr10/Link3.STL
[1.303s] -- Up-to-date: /home/watato30/dobot_ws/install/cra_description/share/cra_description/meshes/cr10/Link1.STL
[1.304s] -- Up-to-date: /home/watato30/dobot_ws/install/cra_description/share/cra_description/meshes/cr7
[1.304s] -- Up-to-date: /home/watato30/dobot_ws/install/cra_description/share/cra_description/meshes/cr7/J6.STL
[1.304s] -- Up-to-date: /home/watato30/dobot_ws/install/cra_description/share/cra_description/meshes/cr7/base_link0.STL
[1.304s] -- Up-to-date: /home/watato30/dobot_ws/install/cra_description/share/cra_description/meshes/cr7/J1.STL
[1.305s] -- Up-to-date: /home/watato30/dobot_ws/install/cra_description/share/cra_description/meshes/cr7/J2.STL
[1.305s] -- Up-to-date: /home/watato30/dobot_ws/install/cra_description/share/cra_description/meshes/cr7/J5.STL
[1.305s] -- Up-to-date: /home/watato30/dobot_ws/install/cra_description/share/cra_description/meshes/cr7/J3.STL
[1.305s] -- Up-to-date: /home/watato30/dobot_ws/install/cra_description/share/cra_description/meshes/cr7/J4.STL
[1.305s] -- Up-to-date: /home/watato30/dobot_ws/install/cra_description/share/cra_description/meshes/cr16
[1.306s] -- Up-to-date: /home/watato30/dobot_ws/install/cra_description/share/cra_description/meshes/cr16/Link2.STL
[1.306s] -- Up-to-date: /home/watato30/dobot_ws/install/cra_description/share/cra_description/meshes/cr16/Link6.STL
[1.306s] -- Up-to-date: /home/watato30/dobot_ws/install/cra_description/share/cra_description/meshes/cr16/Link4.STL
[1.306s] -- Up-to-date: /home/watato30/dobot_ws/install/cra_description/share/cra_description/meshes/cr16/Link5.STL
[1.306s] -- Up-to-date: /home/watato30/dobot_ws/install/cra_description/share/cra_description/meshes/cr16/base_link.STL
[1.307s] -- Up-to-date: /home/watato30/dobot_ws/install/cra_description/share/cra_description/meshes/cr16/Link3.STL
[1.307s] -- Up-to-date: /home/watato30/dobot_ws/install/cra_description/share/cra_description/meshes/cr16/Link1.STL
[1.406s] Invoked command in '/home/watato30/dobot_ws/build/cra_description' returned '0': CMAKE_PREFIX_PATH=${CMAKE_PREFIX_PATH}:/home/watato30/dobot_ws/install/servo_action:/home/watato30/dobot_ws/install/dobot_bringup_v3:/home/watato30/dobot_ws/install/dobot_moveit:/home/watato30/dobot_ws/install/dobot_demo:/opt/ros/humble /usr/bin/cmake --install /home/watato30/dobot_ws/build/cra_description
