[0.094s] Invoking command in '/home/watato30/dobot_ws/build/cr12_moveit': CMAKE_PREFIX_PATH=/home/watato30/dobot_ws/install/dobot_rviz:/home/watato30/dobot_ws/install/nova5_moveit:/home/watato30/dobot_ws/install/nova2_moveit:/home/watato30/dobot_ws/install/cr7_moveit:/home/watato30/dobot_ws/install/cr5_moveit:/home/watato30/dobot_ws/install/cr3_moveit:/home/watato30/dobot_ws/install/cr16_moveit:/home/watato30/dobot_ws/install/cr12_moveit:/home/watato30/dobot_ws/install/cr10_moveit:/home/watato30/dobot_ws/install/dobot_msgs_v3:/home/watato30/dobot_ws/install/dobot_gazebo:/home/watato30/dobot_ws/install/cra_description:/home/watato30/dobot_ws/install/servo_action:/home/watato30/dobot_ws/install/dobot_bringup_v3:/home/watato30/dobot_ws/install/dobot_moveit:/home/watato30/dobot_ws/install/dobot_demo:/opt/ros/humble /usr/bin/cmake --build /home/watato30/dobot_ws/build/cr12_moveit -- -j8 -l8
[0.106s] Invoked command in '/home/watato30/dobot_ws/build/cr12_moveit' returned '0': CMAKE_PREFIX_PATH=/home/watato30/dobot_ws/install/dobot_rviz:/home/watato30/dobot_ws/install/nova5_moveit:/home/watato30/dobot_ws/install/nova2_moveit:/home/watato30/dobot_ws/install/cr7_moveit:/home/watato30/dobot_ws/install/cr5_moveit:/home/watato30/dobot_ws/install/cr3_moveit:/home/watato30/dobot_ws/install/cr16_moveit:/home/watato30/dobot_ws/install/cr12_moveit:/home/watato30/dobot_ws/install/cr10_moveit:/home/watato30/dobot_ws/install/dobot_msgs_v3:/home/watato30/dobot_ws/install/dobot_gazebo:/home/watato30/dobot_ws/install/cra_description:/home/watato30/dobot_ws/install/servo_action:/home/watato30/dobot_ws/install/dobot_bringup_v3:/home/watato30/dobot_ws/install/dobot_moveit:/home/watato30/dobot_ws/install/dobot_demo:/opt/ros/humble /usr/bin/cmake --build /home/watato30/dobot_ws/build/cr12_moveit -- -j8 -l8
[0.107s] Invoking command in '/home/watato30/dobot_ws/build/cr12_moveit': CMAKE_PREFIX_PATH=/home/watato30/dobot_ws/install/dobot_rviz:/home/watato30/dobot_ws/install/nova5_moveit:/home/watato30/dobot_ws/install/nova2_moveit:/home/watato30/dobot_ws/install/cr7_moveit:/home/watato30/dobot_ws/install/cr5_moveit:/home/watato30/dobot_ws/install/cr3_moveit:/home/watato30/dobot_ws/install/cr16_moveit:/home/watato30/dobot_ws/install/cr12_moveit:/home/watato30/dobot_ws/install/cr10_moveit:/home/watato30/dobot_ws/install/dobot_msgs_v3:/home/watato30/dobot_ws/install/dobot_gazebo:/home/watato30/dobot_ws/install/cra_description:/home/watato30/dobot_ws/install/servo_action:/home/watato30/dobot_ws/install/dobot_bringup_v3:/home/watato30/dobot_ws/install/dobot_moveit:/home/watato30/dobot_ws/install/dobot_demo:/opt/ros/humble /usr/bin/cmake --install /home/watato30/dobot_ws/build/cr12_moveit
[0.112s] -- Install configuration: ""
[0.112s] -- Up-to-date: /home/watato30/dobot_ws/install/cr12_moveit/share/ament_index/resource_index/package_run_dependencies/cr12_moveit
[0.112s] -- Up-to-date: /home/watato30/dobot_ws/install/cr12_moveit/share/ament_index/resource_index/parent_prefix_path/cr12_moveit
[0.112s] -- Up-to-date: /home/watato30/dobot_ws/install/cr12_moveit/share/cr12_moveit/environment/ament_prefix_path.sh
[0.112s] -- Up-to-date: /home/watato30/dobot_ws/install/cr12_moveit/share/cr12_moveit/environment/ament_prefix_path.dsv
[0.113s] -- Up-to-date: /home/watato30/dobot_ws/install/cr12_moveit/share/cr12_moveit/environment/path.sh
[0.113s] -- Up-to-date: /home/watato30/dobot_ws/install/cr12_moveit/share/cr12_moveit/environment/path.dsv
[0.115s] -- Up-to-date: /home/watato30/dobot_ws/install/cr12_moveit/share/cr12_moveit/local_setup.bash
[0.115s] -- Up-to-date: /home/watato30/dobot_ws/install/cr12_moveit/share/cr12_moveit/local_setup.sh
[0.115s] -- Up-to-date: /home/watato30/dobot_ws/install/cr12_moveit/share/cr12_moveit/local_setup.zsh
[0.116s] -- Up-to-date: /home/watato30/dobot_ws/install/cr12_moveit/share/cr12_moveit/local_setup.dsv
[0.116s] -- Installing: /home/watato30/dobot_ws/install/cr12_moveit/share/cr12_moveit/package.dsv
[0.116s] -- Up-to-date: /home/watato30/dobot_ws/install/cr12_moveit/share/ament_index/resource_index/packages/cr12_moveit
[0.116s] -- Up-to-date: /home/watato30/dobot_ws/install/cr12_moveit/share/cr12_moveit/cmake/cr12_moveitConfig.cmake
[0.117s] -- Up-to-date: /home/watato30/dobot_ws/install/cr12_moveit/share/cr12_moveit/cmake/cr12_moveitConfig-version.cmake
[0.117s] -- Up-to-date: /home/watato30/dobot_ws/install/cr12_moveit/share/cr12_moveit/package.xml
[0.117s] -- Up-to-date: /home/watato30/dobot_ws/install/cr12_moveit/share/cr12_moveit/launch
[0.117s] -- Up-to-date: /home/watato30/dobot_ws/install/cr12_moveit/share/cr12_moveit/launch/setup_assistant.launch.py
[0.117s] -- Up-to-date: /home/watato30/dobot_ws/install/cr12_moveit/share/cr12_moveit/launch/static_virtual_joint_tfs.launch.py
[0.118s] -- Up-to-date: /home/watato30/dobot_ws/install/cr12_moveit/share/cr12_moveit/launch/warehouse_db.launch.py
[0.118s] -- Up-to-date: /home/watato30/dobot_ws/install/cr12_moveit/share/cr12_moveit/launch/rsp.launch.py
[0.118s] -- Up-to-date: /home/watato30/dobot_ws/install/cr12_moveit/share/cr12_moveit/launch/moveit_gazebo.launch.py
[0.118s] -- Up-to-date: /home/watato30/dobot_ws/install/cr12_moveit/share/cr12_moveit/launch/spawn_controllers.launch.py
[0.118s] -- Up-to-date: /home/watato30/dobot_ws/install/cr12_moveit/share/cr12_moveit/launch/moveit_rviz.launch.py
[0.119s] -- Up-to-date: /home/watato30/dobot_ws/install/cr12_moveit/share/cr12_moveit/launch/move_group.launch.py
[0.119s] -- Up-to-date: /home/watato30/dobot_ws/install/cr12_moveit/share/cr12_moveit/launch/demo.launch.py
[0.119s] -- Up-to-date: /home/watato30/dobot_ws/install/cr12_moveit/share/cr12_moveit/config
[0.119s] -- Up-to-date: /home/watato30/dobot_ws/install/cr12_moveit/share/cr12_moveit/config/pilz_cartesian_limits.yaml
[0.119s] -- Up-to-date: /home/watato30/dobot_ws/install/cr12_moveit/share/cr12_moveit/config/moveit.rviz
[0.119s] -- Up-to-date: /home/watato30/dobot_ws/install/cr12_moveit/share/cr12_moveit/config/initial_positions.yaml
[0.120s] -- Up-to-date: /home/watato30/dobot_ws/install/cr12_moveit/share/cr12_moveit/config/joint_limits.yaml
[0.121s] -- Up-to-date: /home/watato30/dobot_ws/install/cr12_moveit/share/cr12_moveit/config/cr12_robot.urdf.xacro
[0.121s] -- Up-to-date: /home/watato30/dobot_ws/install/cr12_moveit/share/cr12_moveit/config/kinematics.yaml
[0.121s] -- Up-to-date: /home/watato30/dobot_ws/install/cr12_moveit/share/cr12_moveit/config/moveit_controllers.yaml
[0.122s] -- Up-to-date: /home/watato30/dobot_ws/install/cr12_moveit/share/cr12_moveit/config/cr12_robot.srdf
[0.122s] -- Up-to-date: /home/watato30/dobot_ws/install/cr12_moveit/share/cr12_moveit/config/cr12_robot.ros2_control.xacro
[0.122s] -- Up-to-date: /home/watato30/dobot_ws/install/cr12_moveit/share/cr12_moveit/config/ros2_controllers.yaml
[0.123s] -- Up-to-date: /home/watato30/dobot_ws/install/cr12_moveit/share/cr12_moveit/.setup_assistant
[0.142s] Invoked command in '/home/watato30/dobot_ws/build/cr12_moveit' returned '0': CMAKE_PREFIX_PATH=/home/watato30/dobot_ws/install/dobot_rviz:/home/watato30/dobot_ws/install/nova5_moveit:/home/watato30/dobot_ws/install/nova2_moveit:/home/watato30/dobot_ws/install/cr7_moveit:/home/watato30/dobot_ws/install/cr5_moveit:/home/watato30/dobot_ws/install/cr3_moveit:/home/watato30/dobot_ws/install/cr16_moveit:/home/watato30/dobot_ws/install/cr12_moveit:/home/watato30/dobot_ws/install/cr10_moveit:/home/watato30/dobot_ws/install/dobot_msgs_v3:/home/watato30/dobot_ws/install/dobot_gazebo:/home/watato30/dobot_ws/install/cra_description:/home/watato30/dobot_ws/install/servo_action:/home/watato30/dobot_ws/install/dobot_bringup_v3:/home/watato30/dobot_ws/install/dobot_moveit:/home/watato30/dobot_ws/install/dobot_demo:/opt/ros/humble /usr/bin/cmake --install /home/watato30/dobot_ws/build/cr12_moveit
