[2.443s] Invoking command in '/home/watato30/dobot_ws/src/DOBOT_6Axis_ROS2_V3_Custom/dobot_demo': PYTHONPATH=/home/watato30/dobot_ws/build/dobot_demo/prefix_override:/usr/lib/python3/dist-packages/colcon_core/task/python/colcon_distutils_commands:/home/watato30/dobot_ws/install/dobot_demo/lib/python3.10/site-packages:${PYTHONPATH} /usr/bin/python3 -W ignore:setup.py install is deprecated -W ignore:easy_install command is deprecated setup.py egg_info --egg-base ../../../build/dobot_demo build --build-base /home/watato30/dobot_ws/build/dobot_demo/build install --record /home/watato30/dobot_ws/build/dobot_demo/install.log --single-version-externally-managed install_data
[2.990s] running egg_info
[2.991s] writing ../../../build/dobot_demo/dobot_demo.egg-info/PKG-INFO
[2.992s] writing dependency_links to ../../../build/dobot_demo/dobot_demo.egg-info/dependency_links.txt
[2.992s] writing entry points to ../../../build/dobot_demo/dobot_demo.egg-info/entry_points.txt
[2.992s] writing requirements to ../../../build/dobot_demo/dobot_demo.egg-info/requires.txt
[2.992s] writing top-level names to ../../../build/dobot_demo/dobot_demo.egg-info/top_level.txt
[2.996s] reading manifest file '../../../build/dobot_demo/dobot_demo.egg-info/SOURCES.txt'
[2.998s] writing manifest file '../../../build/dobot_demo/dobot_demo.egg-info/SOURCES.txt'
[2.998s] running build
[2.998s] running build_py
[2.998s] copying dobot_demo/gui_move.py -> /home/watato30/dobot_ws/build/dobot_demo/build/lib/dobot_demo
[2.999s] running install
[3.000s] running install_lib
[3.004s] copying /home/watato30/dobot_ws/build/dobot_demo/build/lib/dobot_demo/gui_move.py -> /home/watato30/dobot_ws/install/dobot_demo/lib/python3.10/site-packages/dobot_demo
[3.006s] byte-compiling /home/watato30/dobot_ws/install/dobot_demo/lib/python3.10/site-packages/dobot_demo/gui_move.py to gui_move.cpython-310.pyc
[3.012s] running install_data
[3.012s] running install_egg_info
[3.014s] removing '/home/watato30/dobot_ws/install/dobot_demo/lib/python3.10/site-packages/dobot_demo-0.0.0-py3.10.egg-info' (and everything under it)
[3.015s] Copying ../../../build/dobot_demo/dobot_demo.egg-info to /home/watato30/dobot_ws/install/dobot_demo/lib/python3.10/site-packages/dobot_demo-0.0.0-py3.10.egg-info
[3.016s] running install_scripts
[3.055s] Installing demo script to /home/watato30/dobot_ws/install/dobot_demo/lib/dobot_demo
[3.055s] Installing gui_move script to /home/watato30/dobot_ws/install/dobot_demo/lib/dobot_demo
[3.056s] writing list of installed files to '/home/watato30/dobot_ws/build/dobot_demo/install.log'
[3.098s] Invoked command in '/home/watato30/dobot_ws/src/DOBOT_6Axis_ROS2_V3_Custom/dobot_demo' returned '0': PYTHONPATH=/home/watato30/dobot_ws/build/dobot_demo/prefix_override:/usr/lib/python3/dist-packages/colcon_core/task/python/colcon_distutils_commands:/home/watato30/dobot_ws/install/dobot_demo/lib/python3.10/site-packages:${PYTHONPATH} /usr/bin/python3 -W ignore:setup.py install is deprecated -W ignore:easy_install command is deprecated setup.py egg_info --egg-base ../../../build/dobot_demo build --build-base /home/watato30/dobot_ws/build/dobot_demo/build install --record /home/watato30/dobot_ws/build/dobot_demo/install.log --single-version-externally-managed install_data
