[0.459s] Invoking command in '/home/watato30/dobot_ws/build/dobot_gazebo': CMAKE_PREFIX_PATH=/home/watato30/dobot_ws/install/cra_description:/home/watato30/dobot_ws/install/nova5_moveit:/home/watato30/dobot_ws/install/nova2_moveit:/home/watato30/dobot_ws/install/cr7_moveit:/home/watato30/dobot_ws/install/cr5_moveit:/home/watato30/dobot_ws/install/cr3_moveit:/home/watato30/dobot_ws/install/cr16_moveit:/home/watato30/dobot_ws/install/cr12_moveit:/home/watato30/dobot_ws/install/cr10_moveit:/home/watato30/dobot_ws/install/dobot_rviz:/home/watato30/dobot_ws/install/dobot_msgs_v3:/home/watato30/dobot_ws/install/dobot_gazebo:/home/watato30/dobot_ws/install/servo_action:/home/watato30/dobot_ws/install/dobot_bringup_v3:/home/watato30/dobot_ws/install/dobot_moveit:/home/watato30/dobot_ws/install/dobot_demo:/opt/ros/humble /usr/bin/cmake --build /home/watato30/dobot_ws/build/dobot_gazebo -- -j8 -l8
[0.546s] Invoked command in '/home/watato30/dobot_ws/build/dobot_gazebo' returned '0': CMAKE_PREFIX_PATH=/home/watato30/dobot_ws/install/cra_description:/home/watato30/dobot_ws/install/nova5_moveit:/home/watato30/dobot_ws/install/nova2_moveit:/home/watato30/dobot_ws/install/cr7_moveit:/home/watato30/dobot_ws/install/cr5_moveit:/home/watato30/dobot_ws/install/cr3_moveit:/home/watato30/dobot_ws/install/cr16_moveit:/home/watato30/dobot_ws/install/cr12_moveit:/home/watato30/dobot_ws/install/cr10_moveit:/home/watato30/dobot_ws/install/dobot_rviz:/home/watato30/dobot_ws/install/dobot_msgs_v3:/home/watato30/dobot_ws/install/dobot_gazebo:/home/watato30/dobot_ws/install/servo_action:/home/watato30/dobot_ws/install/dobot_bringup_v3:/home/watato30/dobot_ws/install/dobot_moveit:/home/watato30/dobot_ws/install/dobot_demo:/opt/ros/humble /usr/bin/cmake --build /home/watato30/dobot_ws/build/dobot_gazebo -- -j8 -l8
[0.548s] Invoking command in '/home/watato30/dobot_ws/build/dobot_gazebo': CMAKE_PREFIX_PATH=/home/watato30/dobot_ws/install/cra_description:/home/watato30/dobot_ws/install/nova5_moveit:/home/watato30/dobot_ws/install/nova2_moveit:/home/watato30/dobot_ws/install/cr7_moveit:/home/watato30/dobot_ws/install/cr5_moveit:/home/watato30/dobot_ws/install/cr3_moveit:/home/watato30/dobot_ws/install/cr16_moveit:/home/watato30/dobot_ws/install/cr12_moveit:/home/watato30/dobot_ws/install/cr10_moveit:/home/watato30/dobot_ws/install/dobot_rviz:/home/watato30/dobot_ws/install/dobot_msgs_v3:/home/watato30/dobot_ws/install/dobot_gazebo:/home/watato30/dobot_ws/install/servo_action:/home/watato30/dobot_ws/install/dobot_bringup_v3:/home/watato30/dobot_ws/install/dobot_moveit:/home/watato30/dobot_ws/install/dobot_demo:/opt/ros/humble /usr/bin/cmake --install /home/watato30/dobot_ws/build/dobot_gazebo
[0.564s] -- Install configuration: ""
[0.564s] -- Up-to-date: /home/watato30/dobot_ws/install/dobot_gazebo/share/dobot_gazebo/launch
[0.565s] -- Up-to-date: /home/watato30/dobot_ws/install/dobot_gazebo/share/dobot_gazebo/launch/gazebo_moveit.launch.py
[0.565s] -- Up-to-date: /home/watato30/dobot_ws/install/dobot_gazebo/share/dobot_gazebo/launch/dobot_gazebo.launch.py
[0.565s] -- Up-to-date: /home/watato30/dobot_ws/install/dobot_gazebo/share/dobot_gazebo/worlds
[0.565s] -- Up-to-date: /home/watato30/dobot_ws/install/dobot_gazebo/share/dobot_gazebo/worlds/cr.world
[0.565s] -- Up-to-date: /home/watato30/dobot_ws/install/dobot_gazebo/share/dobot_gazebo/config
[0.566s] -- Up-to-date: /home/watato30/dobot_ws/install/dobot_gazebo/share/dobot_gazebo/config/moveitcpp.rviz
[0.566s] -- Up-to-date: /home/watato30/dobot_ws/install/dobot_gazebo/share/ament_index/resource_index/package_run_dependencies/dobot_gazebo
[0.566s] -- Up-to-date: /home/watato30/dobot_ws/install/dobot_gazebo/share/ament_index/resource_index/parent_prefix_path/dobot_gazebo
[0.566s] -- Up-to-date: /home/watato30/dobot_ws/install/dobot_gazebo/share/dobot_gazebo/environment/ament_prefix_path.sh
[0.566s] -- Up-to-date: /home/watato30/dobot_ws/install/dobot_gazebo/share/dobot_gazebo/environment/ament_prefix_path.dsv
[0.566s] -- Up-to-date: /home/watato30/dobot_ws/install/dobot_gazebo/share/dobot_gazebo/environment/path.sh
[0.566s] -- Up-to-date: /home/watato30/dobot_ws/install/dobot_gazebo/share/dobot_gazebo/environment/path.dsv
[0.567s] -- Up-to-date: /home/watato30/dobot_ws/install/dobot_gazebo/share/dobot_gazebo/local_setup.bash
[0.567s] -- Up-to-date: /home/watato30/dobot_ws/install/dobot_gazebo/share/dobot_gazebo/local_setup.sh
[0.567s] -- Up-to-date: /home/watato30/dobot_ws/install/dobot_gazebo/share/dobot_gazebo/local_setup.zsh
[0.567s] -- Up-to-date: /home/watato30/dobot_ws/install/dobot_gazebo/share/dobot_gazebo/local_setup.dsv
[0.567s] -- Installing: /home/watato30/dobot_ws/install/dobot_gazebo/share/dobot_gazebo/package.dsv
[0.568s] -- Up-to-date: /home/watato30/dobot_ws/install/dobot_gazebo/share/ament_index/resource_index/packages/dobot_gazebo
[0.568s] -- Up-to-date: /home/watato30/dobot_ws/install/dobot_gazebo/share/dobot_gazebo/cmake/dobot_gazeboConfig.cmake
[0.569s] -- Up-to-date: /home/watato30/dobot_ws/install/dobot_gazebo/share/dobot_gazebo/cmake/dobot_gazeboConfig-version.cmake
[0.570s] -- Up-to-date: /home/watato30/dobot_ws/install/dobot_gazebo/share/dobot_gazebo/package.xml
[0.574s] Invoked command in '/home/watato30/dobot_ws/build/dobot_gazebo' returned '0': CMAKE_PREFIX_PATH=/home/watato30/dobot_ws/install/cra_description:/home/watato30/dobot_ws/install/nova5_moveit:/home/watato30/dobot_ws/install/nova2_moveit:/home/watato30/dobot_ws/install/cr7_moveit:/home/watato30/dobot_ws/install/cr5_moveit:/home/watato30/dobot_ws/install/cr3_moveit:/home/watato30/dobot_ws/install/cr16_moveit:/home/watato30/dobot_ws/install/cr12_moveit:/home/watato30/dobot_ws/install/cr10_moveit:/home/watato30/dobot_ws/install/dobot_rviz:/home/watato30/dobot_ws/install/dobot_msgs_v3:/home/watato30/dobot_ws/install/dobot_gazebo:/home/watato30/dobot_ws/install/servo_action:/home/watato30/dobot_ws/install/dobot_bringup_v3:/home/watato30/dobot_ws/install/dobot_moveit:/home/watato30/dobot_ws/install/dobot_demo:/opt/ros/humble /usr/bin/cmake --install /home/watato30/dobot_ws/build/dobot_gazebo
