[0.012s] Invoking command in '/home/watato30/dobot_ws/build/dobot_gazebo': AMENT_PREFIX_PATH=/home/watato30/dobot_ws/install/cra_description:${AMENT_PREFIX_PATH} CMAKE_PREFIX_PATH=/home/watato30/dobot_ws/install/cra_description:/opt/ros/humble /usr/bin/cmake /home/watato30/dobot_ws/src/DOBOT_6Axis_ROS2_V3_Custom/dobot_gazebo -DCMAKE_INSTALL_PREFIX=/home/watato30/dobot_ws/install/dobot_gazebo
[0.082s] -- The C compiler identification is GNU 11.4.0
[0.148s] -- The CXX compiler identification is GNU 11.4.0
[0.156s] -- Detecting C compiler ABI info
[0.239s] -- Detecting C compiler ABI info - done
[0.256s] -- Check for working C compiler: /usr/bin/cc - skipped
[0.256s] -- Detecting C compile features
[0.257s] -- Detecting C compile features - done
[0.264s] -- Detecting CXX compiler ABI info
[0.409s] -- Detecting CXX compiler ABI info - done
[0.427s] -- Check for working CXX compiler: /usr/bin/c++ - skipped
[0.427s] -- Detecting CXX compile features
[0.428s] -- Detecting CXX compile features - done
[0.433s] -- Found ament_cmake: 1.3.11 (/opt/ros/humble/share/ament_cmake/cmake)
[0.730s] -- Found Python3: /usr/bin/python3 (found version "3.10.12") found components: Interpreter 
[1.022s] -- Configuring done
[1.029s] -- Generating done
[1.032s] -- Build files have been written to: /home/watato30/dobot_ws/build/dobot_gazebo
[1.049s] Invoked command in '/home/watato30/dobot_ws/build/dobot_gazebo' returned '0': AMENT_PREFIX_PATH=/home/watato30/dobot_ws/install/cra_description:${AMENT_PREFIX_PATH} CMAKE_PREFIX_PATH=/home/watato30/dobot_ws/install/cra_description:/opt/ros/humble /usr/bin/cmake /home/watato30/dobot_ws/src/DOBOT_6Axis_ROS2_V3_Custom/dobot_gazebo -DCMAKE_INSTALL_PREFIX=/home/watato30/dobot_ws/install/dobot_gazebo
[1.049s] Invoking command in '/home/watato30/dobot_ws/build/dobot_gazebo': AMENT_PREFIX_PATH=/home/watato30/dobot_ws/install/cra_description:${AMENT_PREFIX_PATH} CMAKE_PREFIX_PATH=/home/watato30/dobot_ws/install/cra_description:/opt/ros/humble /usr/bin/cmake --build /home/watato30/dobot_ws/build/dobot_gazebo -- -j8 -l8
[1.342s] Invoked command in '/home/watato30/dobot_ws/build/dobot_gazebo' returned '0': AMENT_PREFIX_PATH=/home/watato30/dobot_ws/install/cra_description:${AMENT_PREFIX_PATH} CMAKE_PREFIX_PATH=/home/watato30/dobot_ws/install/cra_description:/opt/ros/humble /usr/bin/cmake --build /home/watato30/dobot_ws/build/dobot_gazebo -- -j8 -l8
[1.343s] Invoking command in '/home/watato30/dobot_ws/build/dobot_gazebo': AMENT_PREFIX_PATH=/home/watato30/dobot_ws/install/cra_description:${AMENT_PREFIX_PATH} CMAKE_PREFIX_PATH=/home/watato30/dobot_ws/install/cra_description:/opt/ros/humble /usr/bin/cmake --install /home/watato30/dobot_ws/build/dobot_gazebo
[1.360s] -- Install configuration: ""
[1.360s] -- Installing: /home/watato30/dobot_ws/install/dobot_gazebo/share/dobot_gazebo/launch
[1.360s] -- Installing: /home/watato30/dobot_ws/install/dobot_gazebo/share/dobot_gazebo/launch/gazebo_moveit.launch.py
[1.361s] -- Installing: /home/watato30/dobot_ws/install/dobot_gazebo/share/dobot_gazebo/launch/dobot_gazebo.launch.py
[1.361s] -- Installing: /home/watato30/dobot_ws/install/dobot_gazebo/share/dobot_gazebo/worlds
[1.362s] -- Installing: /home/watato30/dobot_ws/install/dobot_gazebo/share/dobot_gazebo/worlds/cr.world
[1.362s] -- Installing: /home/watato30/dobot_ws/install/dobot_gazebo/share/dobot_gazebo/config
[1.362s] -- Installing: /home/watato30/dobot_ws/install/dobot_gazebo/share/dobot_gazebo/config/moveitcpp.rviz
[1.362s] -- Installing: /home/watato30/dobot_ws/install/dobot_gazebo/share/ament_index/resource_index/package_run_dependencies/dobot_gazebo
[1.362s] -- Installing: /home/watato30/dobot_ws/install/dobot_gazebo/share/ament_index/resource_index/parent_prefix_path/dobot_gazebo
[1.362s] -- Installing: /home/watato30/dobot_ws/install/dobot_gazebo/share/dobot_gazebo/environment/ament_prefix_path.sh
[1.362s] -- Installing: /home/watato30/dobot_ws/install/dobot_gazebo/share/dobot_gazebo/environment/ament_prefix_path.dsv
[1.362s] -- Installing: /home/watato30/dobot_ws/install/dobot_gazebo/share/dobot_gazebo/environment/path.sh
[1.362s] -- Installing: /home/watato30/dobot_ws/install/dobot_gazebo/share/dobot_gazebo/environment/path.dsv
[1.363s] -- Installing: /home/watato30/dobot_ws/install/dobot_gazebo/share/dobot_gazebo/local_setup.bash
[1.363s] -- Installing: /home/watato30/dobot_ws/install/dobot_gazebo/share/dobot_gazebo/local_setup.sh
[1.363s] -- Installing: /home/watato30/dobot_ws/install/dobot_gazebo/share/dobot_gazebo/local_setup.zsh
[1.363s] -- Installing: /home/watato30/dobot_ws/install/dobot_gazebo/share/dobot_gazebo/local_setup.dsv
[1.378s] -- Installing: /home/watato30/dobot_ws/install/dobot_gazebo/share/dobot_gazebo/package.dsv
[1.378s] -- Installing: /home/watato30/dobot_ws/install/dobot_gazebo/share/ament_index/resource_index/packages/dobot_gazebo
[1.378s] -- Installing: /home/watato30/dobot_ws/install/dobot_gazebo/share/dobot_gazebo/cmake/dobot_gazeboConfig.cmake
[1.378s] -- Installing: /home/watato30/dobot_ws/install/dobot_gazebo/share/dobot_gazebo/cmake/dobot_gazeboConfig-version.cmake
[1.379s] -- Installing: /home/watato30/dobot_ws/install/dobot_gazebo/share/dobot_gazebo/package.xml
[1.386s] Invoked command in '/home/watato30/dobot_ws/build/dobot_gazebo' returned '0': AMENT_PREFIX_PATH=/home/watato30/dobot_ws/install/cra_description:${AMENT_PREFIX_PATH} CMAKE_PREFIX_PATH=/home/watato30/dobot_ws/install/cra_description:/opt/ros/humble /usr/bin/cmake --install /home/watato30/dobot_ws/build/dobot_gazebo
