[2.126s] Invoking command in '/home/watato30/dobot_ws/src/DOBOT_6Axis_ROS2_V3_Custom/servo_action': PYTHONPATH=/home/watato30/dobot_ws/build/servo_action/prefix_override:/usr/lib/python3/dist-packages/colcon_core/task/python/colcon_distutils_commands:/home/watato30/dobot_ws/install/servo_action/lib/python3.10/site-packages:${PYTHONPATH} /usr/bin/python3 -W ignore:setup.py install is deprecated -W ignore:easy_install command is deprecated setup.py egg_info --egg-base ../../../build/servo_action build --build-base /home/watato30/dobot_ws/build/servo_action/build install --record /home/watato30/dobot_ws/build/servo_action/install.log --single-version-externally-managed install_data
[2.473s] running egg_info
[2.474s] writing ../../../build/servo_action/servo_action.egg-info/PKG-INFO
[2.474s] writing dependency_links to ../../../build/servo_action/servo_action.egg-info/dependency_links.txt
[2.474s] writing entry points to ../../../build/servo_action/servo_action.egg-info/entry_points.txt
[2.474s] writing requirements to ../../../build/servo_action/servo_action.egg-info/requires.txt
[2.474s] writing top-level names to ../../../build/servo_action/servo_action.egg-info/top_level.txt
[2.476s] reading manifest file '../../../build/servo_action/servo_action.egg-info/SOURCES.txt'
[2.510s] writing manifest file '../../../build/servo_action/servo_action.egg-info/SOURCES.txt'
[2.510s] running build
[2.510s] running build_py
[2.511s] running install
[2.511s] running install_lib
[2.514s] running install_data
[2.514s] running install_egg_info
[2.517s] removing '/home/watato30/dobot_ws/install/servo_action/lib/python3.10/site-packages/servo_action-0.0.0-py3.10.egg-info' (and everything under it)
[2.517s] Copying ../../../build/servo_action/servo_action.egg-info to /home/watato30/dobot_ws/install/servo_action/lib/python3.10/site-packages/servo_action-0.0.0-py3.10.egg-info
[2.519s] running install_scripts
[2.547s] Installing Joint_Position script to /home/watato30/dobot_ws/install/servo_action/lib/servo_action
[2.547s] Installing action_move_client script to /home/watato30/dobot_ws/install/servo_action/lib/servo_action
[2.547s] Installing action_move_client_reality script to /home/watato30/dobot_ws/install/servo_action/lib/servo_action
[2.547s] Installing action_move_server script to /home/watato30/dobot_ws/install/servo_action/lib/servo_action
[2.548s] Installing action_move_server_reality script to /home/watato30/dobot_ws/install/servo_action/lib/servo_action
[2.548s] writing list of installed files to '/home/watato30/dobot_ws/build/servo_action/install.log'
[2.676s] Invoked command in '/home/watato30/dobot_ws/src/DOBOT_6Axis_ROS2_V3_Custom/servo_action' returned '0': PYTHONPATH=/home/watato30/dobot_ws/build/servo_action/prefix_override:/usr/lib/python3/dist-packages/colcon_core/task/python/colcon_distutils_commands:/home/watato30/dobot_ws/install/servo_action/lib/python3.10/site-packages:${PYTHONPATH} /usr/bin/python3 -W ignore:setup.py install is deprecated -W ignore:easy_install command is deprecated setup.py egg_info --egg-base ../../../build/servo_action build --build-base /home/watato30/dobot_ws/build/servo_action/build install --record /home/watato30/dobot_ws/build/servo_action/install.log --single-version-externally-managed install_data
