[0.053s] Invoking command in '/home/watato30/dobot_ws/build/dobot_rviz': CMAKE_PREFIX_PATH=${CMAKE_PREFIX_PATH}:/home/watato30/dobot_ws/install/servo_action:/home/watato30/dobot_ws/install/dobot_bringup_v3:/home/watato30/dobot_ws/install/dobot_moveit:/home/watato30/dobot_ws/install/dobot_demo:/opt/ros/humble /usr/bin/cmake --build /home/watato30/dobot_ws/build/dobot_rviz -- -j8 -l8
[1.227s] Invoked command in '/home/watato30/dobot_ws/build/dobot_rviz' returned '0': CMAKE_PREFIX_PATH=${CMAKE_PREFIX_PATH}:/home/watato30/dobot_ws/install/servo_action:/home/watato30/dobot_ws/install/dobot_bringup_v3:/home/watato30/dobot_ws/install/dobot_moveit:/home/watato30/dobot_ws/install/dobot_demo:/opt/ros/humble /usr/bin/cmake --build /home/watato30/dobot_ws/build/dobot_rviz -- -j8 -l8
[1.241s] Invoking command in '/home/watato30/dobot_ws/build/dobot_rviz': CMAKE_PREFIX_PATH=${CMAKE_PREFIX_PATH}:/home/watato30/dobot_ws/install/servo_action:/home/watato30/dobot_ws/install/dobot_bringup_v3:/home/watato30/dobot_ws/install/dobot_moveit:/home/watato30/dobot_ws/install/dobot_demo:/opt/ros/humble /usr/bin/cmake --install /home/watato30/dobot_ws/build/dobot_rviz
[1.257s] -- Install configuration: ""
[1.257s] -- Up-to-date: /home/watato30/dobot_ws/install/dobot_rviz/share/dobot_rviz/launch
[1.257s] -- Up-to-date: /home/watato30/dobot_ws/install/dobot_rviz/share/dobot_rviz/launch/dobot_rviz.launch.py
[1.257s] -- Up-to-date: /home/watato30/dobot_ws/install/dobot_rviz/share/dobot_rviz/urdf
[1.257s] -- Up-to-date: /home/watato30/dobot_ws/install/dobot_rviz/share/dobot_rviz/urdf/cr12_robot.urdf
[1.257s] -- Up-to-date: /home/watato30/dobot_ws/install/dobot_rviz/share/dobot_rviz/urdf/cr5_robot.pdf
[1.258s] -- Up-to-date: /home/watato30/dobot_ws/install/dobot_rviz/share/dobot_rviz/urdf/cr5_robot.urdf
[1.258s] -- Up-to-date: /home/watato30/dobot_ws/install/dobot_rviz/share/dobot_rviz/urdf/cr10_robot.urdf
[1.258s] -- Up-to-date: /home/watato30/dobot_ws/install/dobot_rviz/share/dobot_rviz/urdf/cr16_robot.urdf
[1.258s] -- Up-to-date: /home/watato30/dobot_ws/install/dobot_rviz/share/dobot_rviz/urdf/cr3_robot.urdf
[1.258s] -- Up-to-date: /home/watato30/dobot_ws/install/dobot_rviz/share/dobot_rviz/urdf/cr5_robot.gv
[1.258s] -- Up-to-date: /home/watato30/dobot_ws/install/dobot_rviz/share/dobot_rviz/urdf/nova2_robot.urdf
[1.258s] -- Up-to-date: /home/watato30/dobot_ws/install/dobot_rviz/share/dobot_rviz/urdf/nova5_robot.urdf
[1.258s] -- Up-to-date: /home/watato30/dobot_ws/install/dobot_rviz/share/dobot_rviz/urdf/cr7_robot.urdf
[1.258s] -- Up-to-date: /home/watato30/dobot_ws/install/dobot_rviz/share/dobot_rviz/rviz
[1.258s] -- Up-to-date: /home/watato30/dobot_ws/install/dobot_rviz/share/dobot_rviz/rviz/urdf.rviz
[1.259s] -- Up-to-date: /home/watato30/dobot_ws/install/dobot_rviz/share/dobot_rviz/meshes
[1.259s] -- Up-to-date: /home/watato30/dobot_ws/install/dobot_rviz/share/dobot_rviz/meshes/nova5
[1.259s] -- Up-to-date: /home/watato30/dobot_ws/install/dobot_rviz/share/dobot_rviz/meshes/nova5/Link2.STL
[1.259s] -- Up-to-date: /home/watato30/dobot_ws/install/dobot_rviz/share/dobot_rviz/meshes/nova5/Link6.STL
[1.259s] -- Up-to-date: /home/watato30/dobot_ws/install/dobot_rviz/share/dobot_rviz/meshes/nova5/Link4.STL
[1.259s] -- Up-to-date: /home/watato30/dobot_ws/install/dobot_rviz/share/dobot_rviz/meshes/nova5/Link5.STL
[1.260s] -- Up-to-date: /home/watato30/dobot_ws/install/dobot_rviz/share/dobot_rviz/meshes/nova5/base_link.STL
[1.260s] -- Up-to-date: /home/watato30/dobot_ws/install/dobot_rviz/share/dobot_rviz/meshes/nova5/Link3.STL
[1.260s] -- Up-to-date: /home/watato30/dobot_ws/install/dobot_rviz/share/dobot_rviz/meshes/nova5/Link1.STL
[1.260s] -- Up-to-date: /home/watato30/dobot_ws/install/dobot_rviz/share/dobot_rviz/meshes/nova2
[1.260s] -- Up-to-date: /home/watato30/dobot_ws/install/dobot_rviz/share/dobot_rviz/meshes/nova2/Link2.STL
[1.260s] -- Up-to-date: /home/watato30/dobot_ws/install/dobot_rviz/share/dobot_rviz/meshes/nova2/Link6.STL
[1.260s] -- Up-to-date: /home/watato30/dobot_ws/install/dobot_rviz/share/dobot_rviz/meshes/nova2/Link4.STL
[1.260s] -- Up-to-date: /home/watato30/dobot_ws/install/dobot_rviz/share/dobot_rviz/meshes/nova2/Link5.STL
[1.260s] -- Up-to-date: /home/watato30/dobot_ws/install/dobot_rviz/share/dobot_rviz/meshes/nova2/base_link.STL
[1.261s] -- Up-to-date: /home/watato30/dobot_ws/install/dobot_rviz/share/dobot_rviz/meshes/nova2/Link3.STL
[1.261s] -- Up-to-date: /home/watato30/dobot_ws/install/dobot_rviz/share/dobot_rviz/meshes/nova2/Link1.STL
[1.261s] -- Up-to-date: /home/watato30/dobot_ws/install/dobot_rviz/share/dobot_rviz/meshes/cr5
[1.261s] -- Up-to-date: /home/watato30/dobot_ws/install/dobot_rviz/share/dobot_rviz/meshes/cr5/base_link.dae
[1.261s] -- Up-to-date: /home/watato30/dobot_ws/install/dobot_rviz/share/dobot_rviz/meshes/cr5/Link5.dae
[1.261s] -- Up-to-date: /home/watato30/dobot_ws/install/dobot_rviz/share/dobot_rviz/meshes/cr5/Link1.dae
[1.261s] -- Up-to-date: /home/watato30/dobot_ws/install/dobot_rviz/share/dobot_rviz/meshes/cr5/Link4.dae
[1.262s] -- Up-to-date: /home/watato30/dobot_ws/install/dobot_rviz/share/dobot_rviz/meshes/cr5/Link2.dae
[1.262s] -- Up-to-date: /home/watato30/dobot_ws/install/dobot_rviz/share/dobot_rviz/meshes/cr5/Link3.dae
[1.262s] -- Up-to-date: /home/watato30/dobot_ws/install/dobot_rviz/share/dobot_rviz/meshes/cr5/Link6.dae
[1.262s] -- Up-to-date: /home/watato30/dobot_ws/install/dobot_rviz/share/dobot_rviz/meshes/cr12
[1.262s] -- Up-to-date: /home/watato30/dobot_ws/install/dobot_rviz/share/dobot_rviz/meshes/cr12/J6.STL
[1.263s] -- Up-to-date: /home/watato30/dobot_ws/install/dobot_rviz/share/dobot_rviz/meshes/cr12/base_link0.STL
[1.263s] -- Up-to-date: /home/watato30/dobot_ws/install/dobot_rviz/share/dobot_rviz/meshes/cr12/J1.STL
[1.263s] -- Up-to-date: /home/watato30/dobot_ws/install/dobot_rviz/share/dobot_rviz/meshes/cr12/J2.STL
[1.264s] -- Up-to-date: /home/watato30/dobot_ws/install/dobot_rviz/share/dobot_rviz/meshes/cr12/J5.STL
[1.266s] -- Up-to-date: /home/watato30/dobot_ws/install/dobot_rviz/share/dobot_rviz/meshes/cr12/J3.STL
[1.268s] -- Up-to-date: /home/watato30/dobot_ws/install/dobot_rviz/share/dobot_rviz/meshes/cr12/J4.STL
[1.269s] -- Up-to-date: /home/watato30/dobot_ws/install/dobot_rviz/share/dobot_rviz/meshes/cr3
[1.270s] -- Up-to-date: /home/watato30/dobot_ws/install/dobot_rviz/share/dobot_rviz/meshes/cr3/Link2.STL
[1.272s] -- Up-to-date: /home/watato30/dobot_ws/install/dobot_rviz/share/dobot_rviz/meshes/cr3/Link6.STL
[1.273s] -- Up-to-date: /home/watato30/dobot_ws/install/dobot_rviz/share/dobot_rviz/meshes/cr3/Link4.STL
[1.273s] -- Up-to-date: /home/watato30/dobot_ws/install/dobot_rviz/share/dobot_rviz/meshes/cr3/Link5.STL
[1.274s] -- Up-to-date: /home/watato30/dobot_ws/install/dobot_rviz/share/dobot_rviz/meshes/cr3/base_link.STL
[1.274s] -- Up-to-date: /home/watato30/dobot_ws/install/dobot_rviz/share/dobot_rviz/meshes/cr3/Link3.STL
[1.275s] -- Up-to-date: /home/watato30/dobot_ws/install/dobot_rviz/share/dobot_rviz/meshes/cr3/Link1.STL
[1.276s] -- Up-to-date: /home/watato30/dobot_ws/install/dobot_rviz/share/dobot_rviz/meshes/cr10
[1.277s] -- Up-to-date: /home/watato30/dobot_ws/install/dobot_rviz/share/dobot_rviz/meshes/cr10/Link2.STL
[1.278s] -- Up-to-date: /home/watato30/dobot_ws/install/dobot_rviz/share/dobot_rviz/meshes/cr10/Link6.STL
[1.282s] -- Up-to-date: /home/watato30/dobot_ws/install/dobot_rviz/share/dobot_rviz/meshes/cr10/Link4.STL
[1.283s] -- Up-to-date: /home/watato30/dobot_ws/install/dobot_rviz/share/dobot_rviz/meshes/cr10/Link5.STL
[1.284s] -- Up-to-date: /home/watato30/dobot_ws/install/dobot_rviz/share/dobot_rviz/meshes/cr10/base_link.STL
[1.284s] -- Up-to-date: /home/watato30/dobot_ws/install/dobot_rviz/share/dobot_rviz/meshes/cr10/Link3.STL
[1.285s] -- Up-to-date: /home/watato30/dobot_ws/install/dobot_rviz/share/dobot_rviz/meshes/cr10/Link1.STL
[1.285s] -- Up-to-date: /home/watato30/dobot_ws/install/dobot_rviz/share/dobot_rviz/meshes/cr7
[1.285s] -- Up-to-date: /home/watato30/dobot_ws/install/dobot_rviz/share/dobot_rviz/meshes/cr7/J6.STL
[1.285s] -- Up-to-date: /home/watato30/dobot_ws/install/dobot_rviz/share/dobot_rviz/meshes/cr7/base_link0.STL
[1.286s] -- Up-to-date: /home/watato30/dobot_ws/install/dobot_rviz/share/dobot_rviz/meshes/cr7/J1.STL
[1.287s] -- Up-to-date: /home/watato30/dobot_ws/install/dobot_rviz/share/dobot_rviz/meshes/cr7/J2.STL
[1.289s] -- Up-to-date: /home/watato30/dobot_ws/install/dobot_rviz/share/dobot_rviz/meshes/cr7/J5.STL
[1.290s] -- Up-to-date: /home/watato30/dobot_ws/install/dobot_rviz/share/dobot_rviz/meshes/cr7/J3.STL
[1.290s] -- Up-to-date: /home/watato30/dobot_ws/install/dobot_rviz/share/dobot_rviz/meshes/cr7/J4.STL
[1.291s] -- Up-to-date: /home/watato30/dobot_ws/install/dobot_rviz/share/dobot_rviz/meshes/cr16
[1.292s] -- Up-to-date: /home/watato30/dobot_ws/install/dobot_rviz/share/dobot_rviz/meshes/cr16/Link2.STL
[1.294s] -- Up-to-date: /home/watato30/dobot_ws/install/dobot_rviz/share/dobot_rviz/meshes/cr16/Link6.STL
[1.294s] -- Up-to-date: /home/watato30/dobot_ws/install/dobot_rviz/share/dobot_rviz/meshes/cr16/Link4.STL
[1.294s] -- Up-to-date: /home/watato30/dobot_ws/install/dobot_rviz/share/dobot_rviz/meshes/cr16/Link5.STL
[1.294s] -- Up-to-date: /home/watato30/dobot_ws/install/dobot_rviz/share/dobot_rviz/meshes/cr16/base_link.STL
[1.295s] -- Up-to-date: /home/watato30/dobot_ws/install/dobot_rviz/share/dobot_rviz/meshes/cr16/Link3.STL
[1.295s] -- Up-to-date: /home/watato30/dobot_ws/install/dobot_rviz/share/dobot_rviz/meshes/cr16/Link1.STL
[1.295s] -- Up-to-date: /home/watato30/dobot_ws/install/dobot_rviz/share/ament_index/resource_index/package_run_dependencies/dobot_rviz
[1.296s] -- Up-to-date: /home/watato30/dobot_ws/install/dobot_rviz/share/ament_index/resource_index/parent_prefix_path/dobot_rviz
[1.296s] -- Up-to-date: /home/watato30/dobot_ws/install/dobot_rviz/share/dobot_rviz/environment/ament_prefix_path.sh
[1.296s] -- Up-to-date: /home/watato30/dobot_ws/install/dobot_rviz/share/dobot_rviz/environment/ament_prefix_path.dsv
[1.297s] -- Up-to-date: /home/watato30/dobot_ws/install/dobot_rviz/share/dobot_rviz/environment/path.sh
[1.297s] -- Up-to-date: /home/watato30/dobot_ws/install/dobot_rviz/share/dobot_rviz/environment/path.dsv
[1.297s] -- Up-to-date: /home/watato30/dobot_ws/install/dobot_rviz/share/dobot_rviz/local_setup.bash
[1.297s] -- Up-to-date: /home/watato30/dobot_ws/install/dobot_rviz/share/dobot_rviz/local_setup.sh
[1.298s] -- Up-to-date: /home/watato30/dobot_ws/install/dobot_rviz/share/dobot_rviz/local_setup.zsh
[1.298s] -- Up-to-date: /home/watato30/dobot_ws/install/dobot_rviz/share/dobot_rviz/local_setup.dsv
[1.298s] -- Installing: /home/watato30/dobot_ws/install/dobot_rviz/share/dobot_rviz/package.dsv
[1.299s] -- Up-to-date: /home/watato30/dobot_ws/install/dobot_rviz/share/ament_index/resource_index/packages/dobot_rviz
[1.299s] -- Up-to-date: /home/watato30/dobot_ws/install/dobot_rviz/share/dobot_rviz/cmake/dobot_rvizConfig.cmake
[1.299s] -- Up-to-date: /home/watato30/dobot_ws/install/dobot_rviz/share/dobot_rviz/cmake/dobot_rvizConfig-version.cmake
[1.300s] -- Up-to-date: /home/watato30/dobot_ws/install/dobot_rviz/share/dobot_rviz/package.xml
[1.396s] Invoked command in '/home/watato30/dobot_ws/build/dobot_rviz' returned '0': CMAKE_PREFIX_PATH=${CMAKE_PREFIX_PATH}:/home/watato30/dobot_ws/install/servo_action:/home/watato30/dobot_ws/install/dobot_bringup_v3:/home/watato30/dobot_ws/install/dobot_moveit:/home/watato30/dobot_ws/install/dobot_demo:/opt/ros/humble /usr/bin/cmake --install /home/watato30/dobot_ws/build/dobot_rviz
