[3.241s] Invoking command in '/home/watato30/dobot_ws/src/DOBOT_6Axis_ROS2_V3_Custom/dobot_demo': PYTHONPATH=/home/watato30/dobot_ws/build/dobot_demo/prefix_override:/usr/lib/python3/dist-packages/colcon_core/task/python/colcon_distutils_commands:/home/watato30/dobot_ws/install/dobot_demo/lib/python3.10/site-packages:${PYTHONPATH} /usr/bin/python3 -W ignore:setup.py install is deprecated -W ignore:easy_install command is deprecated setup.py egg_info --egg-base ../../../build/dobot_demo build --build-base /home/watato30/dobot_ws/build/dobot_demo/build install --record /home/watato30/dobot_ws/build/dobot_demo/install.log --single-version-externally-managed install_data
[3.558s] running egg_info
[3.559s] creating ../../../build/dobot_demo/dobot_demo.egg-info
[3.560s] writing ../../../build/dobot_demo/dobot_demo.egg-info/PKG-INFO
[3.560s] writing dependency_links to ../../../build/dobot_demo/dobot_demo.egg-info/dependency_links.txt
[3.561s] writing entry points to ../../../build/dobot_demo/dobot_demo.egg-info/entry_points.txt
[3.561s] writing requirements to ../../../build/dobot_demo/dobot_demo.egg-info/requires.txt
[3.561s] writing top-level names to ../../../build/dobot_demo/dobot_demo.egg-info/top_level.txt
[3.561s] writing manifest file '../../../build/dobot_demo/dobot_demo.egg-info/SOURCES.txt'
[3.563s] reading manifest file '../../../build/dobot_demo/dobot_demo.egg-info/SOURCES.txt'
[3.564s] writing manifest file '../../../build/dobot_demo/dobot_demo.egg-info/SOURCES.txt'
[3.565s] running build
[3.565s] running build_py
[3.567s] creating /home/watato30/dobot_ws/build/dobot_demo/build
[3.567s] creating /home/watato30/dobot_ws/build/dobot_demo/build/lib
[3.567s] creating /home/watato30/dobot_ws/build/dobot_demo/build/lib/dobot_demo
[3.567s] copying dobot_demo/demo.py -> /home/watato30/dobot_ws/build/dobot_demo/build/lib/dobot_demo
[3.568s] copying dobot_demo/__init__.py -> /home/watato30/dobot_ws/build/dobot_demo/build/lib/dobot_demo
[3.568s] running install
[3.568s] running install_lib
[3.568s] creating /home/watato30/dobot_ws/install/dobot_demo/lib/python3.10/site-packages/dobot_demo
[3.569s] copying /home/watato30/dobot_ws/build/dobot_demo/build/lib/dobot_demo/demo.py -> /home/watato30/dobot_ws/install/dobot_demo/lib/python3.10/site-packages/dobot_demo
[3.569s] copying /home/watato30/dobot_ws/build/dobot_demo/build/lib/dobot_demo/__init__.py -> /home/watato30/dobot_ws/install/dobot_demo/lib/python3.10/site-packages/dobot_demo
[3.569s] byte-compiling /home/watato30/dobot_ws/install/dobot_demo/lib/python3.10/site-packages/dobot_demo/demo.py to demo.cpython-310.pyc
[3.571s] byte-compiling /home/watato30/dobot_ws/install/dobot_demo/lib/python3.10/site-packages/dobot_demo/__init__.py to __init__.cpython-310.pyc
[3.571s] running install_data
[3.572s] creating /home/watato30/dobot_ws/install/dobot_demo/share/ament_index
[3.572s] creating /home/watato30/dobot_ws/install/dobot_demo/share/ament_index/resource_index
[3.572s] creating /home/watato30/dobot_ws/install/dobot_demo/share/ament_index/resource_index/packages
[3.572s] copying resource/dobot_demo -> /home/watato30/dobot_ws/install/dobot_demo/share/ament_index/resource_index/packages
[3.572s] copying package.xml -> /home/watato30/dobot_ws/install/dobot_demo/share/dobot_demo
[3.572s] running install_egg_info
[3.574s] Copying ../../../build/dobot_demo/dobot_demo.egg-info to /home/watato30/dobot_ws/install/dobot_demo/lib/python3.10/site-packages/dobot_demo-0.0.0-py3.10.egg-info
[3.576s] running install_scripts
[3.613s] Installing demo script to /home/watato30/dobot_ws/install/dobot_demo/lib/dobot_demo
[3.613s] writing list of installed files to '/home/watato30/dobot_ws/build/dobot_demo/install.log'
[3.658s] Invoked command in '/home/watato30/dobot_ws/src/DOBOT_6Axis_ROS2_V3_Custom/dobot_demo' returned '0': PYTHONPATH=/home/watato30/dobot_ws/build/dobot_demo/prefix_override:/usr/lib/python3/dist-packages/colcon_core/task/python/colcon_distutils_commands:/home/watato30/dobot_ws/install/dobot_demo/lib/python3.10/site-packages:${PYTHONPATH} /usr/bin/python3 -W ignore:setup.py install is deprecated -W ignore:easy_install command is deprecated setup.py egg_info --egg-base ../../../build/dobot_demo build --build-base /home/watato30/dobot_ws/build/dobot_demo/build install --record /home/watato30/dobot_ws/build/dobot_demo/install.log --single-version-externally-managed install_data
