[0.028s] Invoking command in '/home/watato30/dobot_ws/build/cr16_moveit': AMENT_PREFIX_PATH=/home/watato30/dobot_ws/install/dobot_rviz:${AMENT_PREFIX_PATH} CMAKE_PREFIX_PATH=/home/watato30/dobot_ws/install/dobot_rviz:/opt/ros/humble /usr/bin/cmake /home/watato30/dobot_ws/src/DOBOT_6Axis_ROS2_V3_Custom/cr16_moveit -DCMAKE_INSTALL_PREFIX=/home/watato30/dobot_ws/install/cr16_moveit
[0.128s] -- The C compiler identification is GNU 11.4.0
[0.243s] -- The CXX compiler identification is GNU 11.4.0
[0.255s] -- Detecting C compiler ABI info
[0.379s] -- Detecting C compiler ABI info - done
[0.398s] -- Check for working C compiler: /usr/bin/cc - skipped
[0.399s] -- Detecting C compile features
[0.399s] -- Detecting C compile features - done
[0.406s] -- Detecting CXX compiler ABI info
[0.584s] -- Detecting CXX compiler ABI info - done
[0.620s] -- Check for working CXX compiler: /usr/bin/c++ - skipped
[0.620s] -- Detecting CXX compile features
[0.624s] -- Detecting CXX compile features - done
[0.625s] -- Found ament_cmake: 1.3.11 (/opt/ros/humble/share/ament_cmake/cmake)
[0.903s] -- Found Python3: /usr/bin/python3 (found version "3.10.12") found components: Interpreter 
[1.172s] -- Configuring done
[1.179s] -- Generating done
[1.181s] -- Build files have been written to: /home/watato30/dobot_ws/build/cr16_moveit
[1.217s] Invoked command in '/home/watato30/dobot_ws/build/cr16_moveit' returned '0': AMENT_PREFIX_PATH=/home/watato30/dobot_ws/install/dobot_rviz:${AMENT_PREFIX_PATH} CMAKE_PREFIX_PATH=/home/watato30/dobot_ws/install/dobot_rviz:/opt/ros/humble /usr/bin/cmake /home/watato30/dobot_ws/src/DOBOT_6Axis_ROS2_V3_Custom/cr16_moveit -DCMAKE_INSTALL_PREFIX=/home/watato30/dobot_ws/install/cr16_moveit
[1.224s] Invoking command in '/home/watato30/dobot_ws/build/cr16_moveit': AMENT_PREFIX_PATH=/home/watato30/dobot_ws/install/dobot_rviz:${AMENT_PREFIX_PATH} CMAKE_PREFIX_PATH=/home/watato30/dobot_ws/install/dobot_rviz:/opt/ros/humble /usr/bin/cmake --build /home/watato30/dobot_ws/build/cr16_moveit -- -j8 -l8
[1.316s] Invoked command in '/home/watato30/dobot_ws/build/cr16_moveit' returned '0': AMENT_PREFIX_PATH=/home/watato30/dobot_ws/install/dobot_rviz:${AMENT_PREFIX_PATH} CMAKE_PREFIX_PATH=/home/watato30/dobot_ws/install/dobot_rviz:/opt/ros/humble /usr/bin/cmake --build /home/watato30/dobot_ws/build/cr16_moveit -- -j8 -l8
[1.318s] Invoking command in '/home/watato30/dobot_ws/build/cr16_moveit': AMENT_PREFIX_PATH=/home/watato30/dobot_ws/install/dobot_rviz:${AMENT_PREFIX_PATH} CMAKE_PREFIX_PATH=/home/watato30/dobot_ws/install/dobot_rviz:/opt/ros/humble /usr/bin/cmake --install /home/watato30/dobot_ws/build/cr16_moveit
[1.337s] -- Install configuration: ""
[1.337s] -- Installing: /home/watato30/dobot_ws/install/cr16_moveit/share/ament_index/resource_index/package_run_dependencies/cr16_moveit
[1.338s] -- Installing: /home/watato30/dobot_ws/install/cr16_moveit/share/ament_index/resource_index/parent_prefix_path/cr16_moveit
[1.340s] -- Installing: /home/watato30/dobot_ws/install/cr16_moveit/share/cr16_moveit/environment/ament_prefix_path.sh
[1.340s] -- Installing: /home/watato30/dobot_ws/install/cr16_moveit/share/cr16_moveit/environment/ament_prefix_path.dsv
[1.340s] -- Installing: /home/watato30/dobot_ws/install/cr16_moveit/share/cr16_moveit/environment/path.sh
[1.340s] -- Installing: /home/watato30/dobot_ws/install/cr16_moveit/share/cr16_moveit/environment/path.dsv
[1.340s] -- Installing: /home/watato30/dobot_ws/install/cr16_moveit/share/cr16_moveit/local_setup.bash
[1.340s] -- Installing: /home/watato30/dobot_ws/install/cr16_moveit/share/cr16_moveit/local_setup.sh
[1.341s] -- Installing: /home/watato30/dobot_ws/install/cr16_moveit/share/cr16_moveit/local_setup.zsh
[1.342s] -- Installing: /home/watato30/dobot_ws/install/cr16_moveit/share/cr16_moveit/local_setup.dsv
[1.342s] -- Installing: /home/watato30/dobot_ws/install/cr16_moveit/share/cr16_moveit/package.dsv
[1.342s] -- Installing: /home/watato30/dobot_ws/install/cr16_moveit/share/ament_index/resource_index/packages/cr16_moveit
[1.342s] -- Installing: /home/watato30/dobot_ws/install/cr16_moveit/share/cr16_moveit/cmake/cr16_moveitConfig.cmake
[1.343s] -- Installing: /home/watato30/dobot_ws/install/cr16_moveit/share/cr16_moveit/cmake/cr16_moveitConfig-version.cmake
[1.343s] -- Installing: /home/watato30/dobot_ws/install/cr16_moveit/share/cr16_moveit/package.xml
[1.344s] -- Installing: /home/watato30/dobot_ws/install/cr16_moveit/share/cr16_moveit/launch
[1.344s] -- Installing: /home/watato30/dobot_ws/install/cr16_moveit/share/cr16_moveit/launch/setup_assistant.launch.py
[1.344s] -- Installing: /home/watato30/dobot_ws/install/cr16_moveit/share/cr16_moveit/launch/static_virtual_joint_tfs.launch.py
[1.346s] -- Installing: /home/watato30/dobot_ws/install/cr16_moveit/share/cr16_moveit/launch/warehouse_db.launch.py
[1.346s] -- Installing: /home/watato30/dobot_ws/install/cr16_moveit/share/cr16_moveit/launch/rsp.launch.py
[1.347s] -- Installing: /home/watato30/dobot_ws/install/cr16_moveit/share/cr16_moveit/launch/moveit_gazebo.launch.py
[1.347s] -- Installing: /home/watato30/dobot_ws/install/cr16_moveit/share/cr16_moveit/launch/spawn_controllers.launch.py
[1.347s] -- Installing: /home/watato30/dobot_ws/install/cr16_moveit/share/cr16_moveit/launch/moveit_rviz.launch.py
[1.348s] -- Installing: /home/watato30/dobot_ws/install/cr16_moveit/share/cr16_moveit/launch/move_group.launch.py
[1.348s] -- Installing: /home/watato30/dobot_ws/install/cr16_moveit/share/cr16_moveit/launch/demo.launch.py
[1.348s] -- Installing: /home/watato30/dobot_ws/install/cr16_moveit/share/cr16_moveit/config
[1.348s] -- Installing: /home/watato30/dobot_ws/install/cr16_moveit/share/cr16_moveit/config/pilz_cartesian_limits.yaml
[1.348s] -- Installing: /home/watato30/dobot_ws/install/cr16_moveit/share/cr16_moveit/config/moveit.rviz
[1.348s] -- Installing: /home/watato30/dobot_ws/install/cr16_moveit/share/cr16_moveit/config/initial_positions.yaml
[1.349s] -- Installing: /home/watato30/dobot_ws/install/cr16_moveit/share/cr16_moveit/config/cr16_robot.ros2_control.xacro
[1.349s] -- Installing: /home/watato30/dobot_ws/install/cr16_moveit/share/cr16_moveit/config/cr16_robot.srdf
[1.350s] -- Installing: /home/watato30/dobot_ws/install/cr16_moveit/share/cr16_moveit/config/joint_limits.yaml
[1.350s] -- Installing: /home/watato30/dobot_ws/install/cr16_moveit/share/cr16_moveit/config/kinematics.yaml
[1.350s] -- Installing: /home/watato30/dobot_ws/install/cr16_moveit/share/cr16_moveit/config/moveit_controllers.yaml
[1.350s] -- Installing: /home/watato30/dobot_ws/install/cr16_moveit/share/cr16_moveit/config/cr16_robot.urdf.xacro
[1.350s] -- Installing: /home/watato30/dobot_ws/install/cr16_moveit/share/cr16_moveit/config/ros2_controllers.yaml
[1.350s] -- Installing: /home/watato30/dobot_ws/install/cr16_moveit/share/cr16_moveit/.setup_assistant
[1.380s] Invoked command in '/home/watato30/dobot_ws/build/cr16_moveit' returned '0': AMENT_PREFIX_PATH=/home/watato30/dobot_ws/install/dobot_rviz:${AMENT_PREFIX_PATH} CMAKE_PREFIX_PATH=/home/watato30/dobot_ws/install/dobot_rviz:/opt/ros/humble /usr/bin/cmake --install /home/watato30/dobot_ws/build/cr16_moveit
