[0.029s] Invoking command in '/home/watato30/dobot_ws/build/cr5_moveit': AMENT_PREFIX_PATH=/home/watato30/dobot_ws/install/dobot_rviz:${AMENT_PREFIX_PATH} CMAKE_PREFIX_PATH=/home/watato30/dobot_ws/install/dobot_rviz:/opt/ros/humble /usr/bin/cmake /home/watato30/dobot_ws/src/DOBOT_6Axis_ROS2_V3_Custom/cr5_moveit -DCMAKE_INSTALL_PREFIX=/home/watato30/dobot_ws/install/cr5_moveit
[0.824s] -- The C compiler identification is GNU 11.4.0
[0.824s] -- The CXX compiler identification is GNU 11.4.0
[0.824s] -- Detecting C compiler ABI info
[0.824s] -- Detecting C compiler ABI info - done
[0.824s] -- Check for working C compiler: /usr/bin/cc - skipped
[0.825s] -- Detecting C compile features
[0.825s] -- Detecting C compile features - done
[0.825s] -- Detecting CXX compiler ABI info
[0.825s] -- Detecting CXX compiler ABI info - done
[0.825s] -- Check for working CXX compiler: /usr/bin/c++ - skipped
[0.825s] -- Detecting CXX compile features
[0.825s] -- Detecting CXX compile features - done
[0.826s] -- Found ament_cmake: 1.3.11 (/opt/ros/humble/share/ament_cmake/cmake)
[0.850s] -- Found Python3: /usr/bin/python3 (found version "3.10.12") found components: Interpreter 
[1.145s] -- Configuring done
[1.163s] -- Generating done
[1.167s] -- Build files have been written to: /home/watato30/dobot_ws/build/cr5_moveit
[1.197s] Invoked command in '/home/watato30/dobot_ws/build/cr5_moveit' returned '0': AMENT_PREFIX_PATH=/home/watato30/dobot_ws/install/dobot_rviz:${AMENT_PREFIX_PATH} CMAKE_PREFIX_PATH=/home/watato30/dobot_ws/install/dobot_rviz:/opt/ros/humble /usr/bin/cmake /home/watato30/dobot_ws/src/DOBOT_6Axis_ROS2_V3_Custom/cr5_moveit -DCMAKE_INSTALL_PREFIX=/home/watato30/dobot_ws/install/cr5_moveit
[1.199s] Invoking command in '/home/watato30/dobot_ws/build/cr5_moveit': AMENT_PREFIX_PATH=/home/watato30/dobot_ws/install/dobot_rviz:${AMENT_PREFIX_PATH} CMAKE_PREFIX_PATH=/home/watato30/dobot_ws/install/dobot_rviz:/opt/ros/humble /usr/bin/cmake --build /home/watato30/dobot_ws/build/cr5_moveit -- -j8 -l8
[1.302s] Invoked command in '/home/watato30/dobot_ws/build/cr5_moveit' returned '0': AMENT_PREFIX_PATH=/home/watato30/dobot_ws/install/dobot_rviz:${AMENT_PREFIX_PATH} CMAKE_PREFIX_PATH=/home/watato30/dobot_ws/install/dobot_rviz:/opt/ros/humble /usr/bin/cmake --build /home/watato30/dobot_ws/build/cr5_moveit -- -j8 -l8
[1.303s] Invoking command in '/home/watato30/dobot_ws/build/cr5_moveit': AMENT_PREFIX_PATH=/home/watato30/dobot_ws/install/dobot_rviz:${AMENT_PREFIX_PATH} CMAKE_PREFIX_PATH=/home/watato30/dobot_ws/install/dobot_rviz:/opt/ros/humble /usr/bin/cmake --install /home/watato30/dobot_ws/build/cr5_moveit
[1.312s] -- Install configuration: ""
[1.312s] -- Installing: /home/watato30/dobot_ws/install/cr5_moveit/share/ament_index/resource_index/package_run_dependencies/cr5_moveit
[1.313s] -- Installing: /home/watato30/dobot_ws/install/cr5_moveit/share/ament_index/resource_index/parent_prefix_path/cr5_moveit
[1.316s] -- Installing: /home/watato30/dobot_ws/install/cr5_moveit/share/cr5_moveit/environment/ament_prefix_path.sh
[1.316s] -- Installing: /home/watato30/dobot_ws/install/cr5_moveit/share/cr5_moveit/environment/ament_prefix_path.dsv
[1.317s] -- Installing: /home/watato30/dobot_ws/install/cr5_moveit/share/cr5_moveit/environment/path.sh
[1.317s] -- Installing: /home/watato30/dobot_ws/install/cr5_moveit/share/cr5_moveit/environment/path.dsv
[1.317s] -- Installing: /home/watato30/dobot_ws/install/cr5_moveit/share/cr5_moveit/local_setup.bash
[1.317s] -- Installing: /home/watato30/dobot_ws/install/cr5_moveit/share/cr5_moveit/local_setup.sh
[1.317s] -- Installing: /home/watato30/dobot_ws/install/cr5_moveit/share/cr5_moveit/local_setup.zsh
[1.318s] -- Installing: /home/watato30/dobot_ws/install/cr5_moveit/share/cr5_moveit/local_setup.dsv
[1.318s] -- Installing: /home/watato30/dobot_ws/install/cr5_moveit/share/cr5_moveit/package.dsv
[1.318s] -- Installing: /home/watato30/dobot_ws/install/cr5_moveit/share/ament_index/resource_index/packages/cr5_moveit
[1.319s] -- Installing: /home/watato30/dobot_ws/install/cr5_moveit/share/cr5_moveit/cmake/cr5_moveitConfig.cmake
[1.319s] -- Installing: /home/watato30/dobot_ws/install/cr5_moveit/share/cr5_moveit/cmake/cr5_moveitConfig-version.cmake
[1.319s] -- Installing: /home/watato30/dobot_ws/install/cr5_moveit/share/cr5_moveit/package.xml
[1.319s] -- Installing: /home/watato30/dobot_ws/install/cr5_moveit/share/cr5_moveit/launch
[1.319s] -- Installing: /home/watato30/dobot_ws/install/cr5_moveit/share/cr5_moveit/launch/setup_assistant.launch.py
[1.320s] -- Installing: /home/watato30/dobot_ws/install/cr5_moveit/share/cr5_moveit/launch/static_virtual_joint_tfs.launch.py
[1.320s] -- Installing: /home/watato30/dobot_ws/install/cr5_moveit/share/cr5_moveit/launch/warehouse_db.launch.py
[1.322s] -- Installing: /home/watato30/dobot_ws/install/cr5_moveit/share/cr5_moveit/launch/rsp.launch.py
[1.324s] -- Installing: /home/watato30/dobot_ws/install/cr5_moveit/share/cr5_moveit/launch/moveit_gazebo.launch.py
[1.324s] -- Installing: /home/watato30/dobot_ws/install/cr5_moveit/share/cr5_moveit/launch/spawn_controllers.launch.py
[1.324s] -- Installing: /home/watato30/dobot_ws/install/cr5_moveit/share/cr5_moveit/launch/moveit_rviz.launch.py
[1.324s] -- Installing: /home/watato30/dobot_ws/install/cr5_moveit/share/cr5_moveit/launch/move_group.launch.py
[1.324s] -- Installing: /home/watato30/dobot_ws/install/cr5_moveit/share/cr5_moveit/launch/demo.launch.py
[1.324s] -- Installing: /home/watato30/dobot_ws/install/cr5_moveit/share/cr5_moveit/config
[1.325s] -- Installing: /home/watato30/dobot_ws/install/cr5_moveit/share/cr5_moveit/config/pilz_cartesian_limits.yaml
[1.325s] -- Installing: /home/watato30/dobot_ws/install/cr5_moveit/share/cr5_moveit/config/moveit.rviz
[1.327s] -- Installing: /home/watato30/dobot_ws/install/cr5_moveit/share/cr5_moveit/config/cr5_robot.ros2_control.xacro
[1.327s] -- Installing: /home/watato30/dobot_ws/install/cr5_moveit/share/cr5_moveit/config/initial_positions.yaml
[1.327s] -- Installing: /home/watato30/dobot_ws/install/cr5_moveit/share/cr5_moveit/config/joint_limits.yaml
[1.328s] -- Installing: /home/watato30/dobot_ws/install/cr5_moveit/share/cr5_moveit/config/kinematics.yaml
[1.328s] -- Installing: /home/watato30/dobot_ws/install/cr5_moveit/share/cr5_moveit/config/moveit_controllers.yaml
[1.328s] -- Installing: /home/watato30/dobot_ws/install/cr5_moveit/share/cr5_moveit/config/ros2_controllers.yaml
[1.328s] -- Installing: /home/watato30/dobot_ws/install/cr5_moveit/share/cr5_moveit/config/cr5_robot.urdf.xacro
[1.328s] -- Installing: /home/watato30/dobot_ws/install/cr5_moveit/share/cr5_moveit/config/cr5_robot.srdf
[1.328s] -- Installing: /home/watato30/dobot_ws/install/cr5_moveit/share/cr5_moveit/.setup_assistant
[1.330s] Invoked command in '/home/watato30/dobot_ws/build/cr5_moveit' returned '0': AMENT_PREFIX_PATH=/home/watato30/dobot_ws/install/dobot_rviz:${AMENT_PREFIX_PATH} CMAKE_PREFIX_PATH=/home/watato30/dobot_ws/install/dobot_rviz:/opt/ros/humble /usr/bin/cmake --install /home/watato30/dobot_ws/build/cr5_moveit
